<?xml version="1.0" encoding="utf-8"?><testsuites name="pytest tests"><testsuite name="pytest" errors="0" failures="0" skipped="0" tests="3" time="2.772" timestamp="2026-04-24T03:27:30.051328+00:00" hostname="agent-env-645618d2-f76c-4908-8d45-020f6c89ad30"><testcase classname="backend.tests.test_iter100_live" name="test_put_name_only_preserves_variants" time="0.923" /><testcase classname="backend.tests.test_iter100_live" name="test_learned_autocomplete_includes_variant_label" time="1.072" /><testcase classname="backend.tests.test_iter100_live" name="test_archived_canonical_link_returns_400" time="0.689" /></testsuite></testsuites>