<?xml version="1.0" encoding="utf-8"?><testsuites name="pytest tests"><testsuite name="pytest" errors="0" failures="2" skipped="0" tests="9" time="2.425" timestamp="2026-04-24T03:19:23.888590+00:00" hostname="agent-env-645618d2-f76c-4908-8d45-020f6c89ad30"><testcase classname="backend.tests.test_iter99_live" name="test_multi_variant_link_composes_display" time="0.830" /><testcase classname="backend.tests.test_iter99_live" name="test_legacy_variant_key_still_works" time="0.116" /><testcase classname="backend.tests.test_iter99_live" name="test_canonical_rename_propagates" time="0.595" /><testcase classname="backend.tests.test_iter99_live" name="test_correction_memory_and_autocomplete_learned" time="0.436"><failure message="AssertionError: learned label not composed: 'TEST_Renamed_92a9b'&#10;assert ' — ' in 'TEST_Renamed_92a9b'">backend/tests/test_iter99_live.py:159: in test_correction_memory_and_autocomplete_learned
    assert " — " in label, f"learned label not composed: {label!r}"
E   AssertionError: learned label not composed: 'TEST_Renamed_92a9b'
E   assert ' — ' in 'TEST_Renamed_92a9b'</failure></testcase><testcase classname="backend.tests.test_iter99_live" name="test_link_invalid_canonical_404" time="0.046" /><testcase classname="backend.tests.test_iter99_live" name="test_link_undeclared_variant_400" time="0.044" /><testcase classname="backend.tests.test_iter99_live" name="test_link_archived_canonical_400" time="0.090"><failure message="AssertionError: archive failed: 422 {&quot;detail&quot;:[{&quot;type&quot;:&quot;missing&quot;,&quot;loc&quot;:[&quot;body&quot;,&quot;name&quot;],&quot;msg&quot;:&quot;Field required&quot;,&quot;input&quot;:{&quot;status&quot;:&quot;archived&quot;},&quot;url&quot;:&quot;https://errors.pydantic.dev/2.12/v/missing&quot;}]}&#10;assert 422 in (200, 204)&#10; +  where 422 = &lt;Response [422]&gt;.status_code">backend/tests/test_iter99_live.py:189: in test_link_archived_canonical_400
    assert r_arch.status_code in (200, 204), f"archive failed: {r_arch.status_code} {r_arch.text[:200]}"
E   AssertionError: archive failed: 422 {"detail":[{"type":"missing","loc":["body","name"],"msg":"Field required","input":{"status":"archived"},"url":"https://errors.pydantic.dev/2.12/v/missing"}]}
E   assert 422 in (200, 204)
E    +  where 422 = &lt;Response [422]&gt;.status_code</failure></testcase><testcase classname="backend.tests.test_iter99_live" name="test_autocomplete_excludes_suggested_and_archived" time="0.052" /><testcase classname="backend.tests.test_iter99_live" name="test_sanity_endpoint_up" time="0.116" /></testsuite></testsuites>