<?xml version="1.0" encoding="utf-8"?><testsuites name="pytest tests"><testsuite name="pytest" errors="0" failures="0" skipped="0" tests="3" time="3.298" timestamp="2026-04-24T03:25:53.708276+00:00" hostname="agent-env-645618d2-f76c-4908-8d45-020f6c89ad30"><testcase classname="backend.tests.test_learning_loop_iter99" name="test_multi_variant_link_composes_display_name" time="1.136" /><testcase classname="backend.tests.test_learning_loop_iter99" name="test_learning_loop_surfaces_in_autocomplete" time="1.084" /><testcase classname="backend.tests.test_learning_loop_iter99" name="test_canonical_rename_propagates_to_all_reads" time="1.004" /></testsuite></testsuites>