<?xml version="1.0" encoding="utf-8"?><testsuites name="pytest tests"><testsuite name="pytest" errors="0" failures="0" skipped="0" tests="9" time="4.387" timestamp="2026-03-14T01:41:17.631732+00:00" hostname="agent-env-645618d2-f76c-4908-8d45-020f6c89ad30"><testcase classname="tests.test_vendor_comparison.TestVendorComparison" name="test_vendor_comparison_endpoint_returns_200" time="0.551" /><testcase classname="tests.test_vendor_comparison.TestVendorComparison" name="test_vendor_comparison_response_structure" time="0.474" /><testcase classname="tests.test_vendor_comparison.TestVendorComparison" name="test_item_structure" time="0.476" /><testcase classname="tests.test_vendor_comparison.TestVendorComparison" name="test_vendor_structure" time="0.462" /><testcase classname="tests.test_vendor_comparison.TestVendorComparison" name="test_vendors_sorted_by_latest_price_ascending" time="0.468" /><testcase classname="tests.test_vendor_comparison.TestVendorComparison" name="test_best_vendor_is_cheapest" time="0.461" /><testcase classname="tests.test_vendor_comparison.TestVendorComparison" name="test_savings_pct_calculation" time="0.456" /><testcase classname="tests.test_vendor_comparison.TestVendorComparison" name="test_single_vendor_items_no_best_badge" time="0.443" /><testcase classname="tests.test_vendor_comparison.TestVendorComparison" name="test_requires_authentication" time="0.442" /></testsuite></testsuites>