<?xml version="1.0" encoding="utf-8"?><testsuites name="pytest tests"><testsuite name="pytest" errors="0" failures="0" skipped="0" tests="9" time="4.630" timestamp="2026-03-29T02:42:41.123933+00:00" hostname="agent-env-645618d2-f76c-4908-8d45-020f6c89ad30"><testcase classname="backend.tests.test_raw_materials_pack_weight.TestRawMaterialsPackWeight" name="test_create_purchase_with_pack_weight_and_unit" time="0.551" /><testcase classname="backend.tests.test_raw_materials_pack_weight.TestRawMaterialsPackWeight" name="test_create_purchase_with_zero_pack_weight" time="0.503" /><testcase classname="backend.tests.test_raw_materials_pack_weight.TestRawMaterialsPackWeight" name="test_get_purchase_with_pack_weight_data" time="0.521" /><testcase classname="backend.tests.test_raw_materials_pack_weight.TestRawMaterialsPackWeight" name="test_update_purchase_with_pack_weight" time="0.574" /><testcase classname="backend.tests.test_raw_materials_pack_weight.TestRawMaterialsPackWeight" name="test_all_unit_options" time="0.462" /><testcase classname="backend.tests.test_raw_materials_pack_weight.TestRawMaterialsPackWeight" name="test_list_purchases_includes_pack_weight" time="0.496" /><testcase classname="backend.tests.test_raw_materials_pack_weight.TestRawMaterialsPackWeight" name="test_normalized_unit_price_calculation" time="0.450" /><testcase classname="backend.tests.test_raw_materials_pack_weight.TestSalesPageNotAffected" name="test_sales_does_not_have_pack_weight" time="0.439" /><testcase classname="backend.tests.test_raw_materials_pack_weight.TestOtherExpensesNotAffected" name="test_other_expenses_does_not_have_pack_weight" time="0.449" /></testsuite></testsuites>