<?xml version="1.0" encoding="utf-8"?><testsuites name="pytest tests"><testsuite name="pytest" errors="0" failures="1" skipped="1" tests="65" time="48.457" timestamp="2026-04-22T03:14:45.113236+00:00" hostname="agent-env-645618d2-f76c-4908-8d45-020f6c89ad30"><testcase classname="backend.tests.test_procurement_audit" name="test_record_generated_creates_one_record" time="0.001" /><testcase classname="backend.tests.test_procurement_audit" name="test_record_generated_is_idempotent_same_rec_type" time="0.001" /><testcase classname="backend.tests.test_procurement_audit" name="test_different_rec_type_creates_second_record" time="0.000" /><testcase classname="backend.tests.test_procurement_audit" name="test_record_interaction_stamps_first_occurrence_only" time="0.001" /><testcase classname="backend.tests.test_procurement_audit" name="test_link_suggestion_attaches_id" time="0.000" /><testcase classname="backend.tests.test_procurement_audit" name="test_finalize_outcome_closes_record" time="0.000" /><testcase classname="backend.tests.test_procurement_audit" name="test_finalize_outcome_invalid_type_rejected" time="0.000" /><testcase classname="backend.tests.test_procurement_audit" name="test_finalize_outcome_creates_minimal_record_when_missing" time="0.000" /><testcase classname="backend.tests.test_procurement_audit" name="test_tenant_isolation" time="0.000" /><testcase classname="backend.tests.test_procurement_audit" name="test_aggregate_stats_shape_and_rates" time="0.001" /><testcase classname="backend.tests.test_procurement_audit" name="test_list_audit_events_filters" time="0.001" /><testcase classname="backend.tests.test_procurement_audit_api.TestAuditAuth" name="test_events_requires_auth" time="0.127" /><testcase classname="backend.tests.test_procurement_audit_api.TestAuditAuth" name="test_stats_requires_auth" time="0.160" /><testcase classname="backend.tests.test_procurement_audit_api.TestAuditFilterValidation" name="test_invalid_status_400" time="0.448" /><testcase classname="backend.tests.test_procurement_audit_api.TestAuditFilterValidation" name="test_invalid_recommendation_type_400" time="0.117" /><testcase classname="backend.tests.test_procurement_audit_api.TestAuditFilterValidation" name="test_invalid_outcome_type_400" time="0.121" /><testcase classname="backend.tests.test_procurement_audit_api.TestAuditFilterValidation" name="test_invalid_confidence_level_400" time="0.104" /><testcase classname="backend.tests.test_procurement_audit_api.TestAuditFilterValidation" name="test_valid_filters_ok" time="1.286" /><testcase classname="backend.tests.test_procurement_audit_api.TestRecommendationsHookAndPerf" name="test_recommendations_under_5s_and_creates_audit" time="0.210" /><testcase classname="backend.tests.test_procurement_audit_api.TestRecommendationsHookAndPerf" name="test_idempotent_no_duplicate_open_records" time="0.540" /><testcase classname="backend.tests.test_procurement_audit_api.TestAuditStatsShape" name="test_stats_shape" time="0.202" /><testcase classname="backend.tests.test_procurement_audit_api.TestAuditLifecycle" name="test_full_lifecycle" time="1.226" /><testcase classname="backend.tests.test_procurement_audit_api.TestAuditTenantIsolation" name="test_iso_tenant_does_not_see_demo_records" time="0.895" /><testcase classname="backend.tests.test_procurement_audit_api.TestAuditTenantIsolation" name="test_iso_stats_independent" time="0.205" /><testcase classname="backend.tests.test_procurement_inbox_outcome.TestListAndBreakdown" name="test_list_includes_breakdown_keys" time="0.470" /><testcase classname="backend.tests.test_procurement_inbox_outcome.TestListAndBreakdown" name="test_status_filter_only_returns_matching_status" time="0.208" /><testcase classname="backend.tests.test_procurement_inbox_outcome.TestListAndBreakdown" name="test_breakdown_stays_total_across_filters" time="0.217" /><testcase classname="backend.tests.test_procurement_inbox_outcome.TestOutcomePatch" name="test_acted_on_updates_doc" time="0.332" /><testcase classname="backend.tests.test_procurement_inbox_outcome.TestOutcomePatch" name="test_not_pursued_with_note_persists" time="0.245" /><testcase classname="backend.tests.test_procurement_inbox_outcome.TestOutcomePatch" name="test_not_pursued_empty_note_allowed" time="0.205" /><testcase classname="backend.tests.test_procurement_inbox_outcome.TestOutcomePatch" name="test_invalid_outcome_type_returns_400" time="0.544" /><testcase classname="backend.tests.test_procurement_inbox_outcome.TestOutcomePatch" name="test_unknown_id_returns_404" time="0.105" /><testcase classname="backend.tests.test_procurement_inbox_outcome.TestOutcomePatch" name="test_multi_tenant_isolation_returns_404" time="0.670" /><testcase classname="backend.tests.test_procurement_inbox_outcome.TestOutcomePatch" name="test_unauth_returns_401" time="0.103" /><testcase classname="backend.tests.test_procurement_api" name="test_list_recommendations_structure" time="0.453" /><testcase classname="backend.tests.test_procurement_api" name="test_list_sort_order" time="0.146" /><testcase classname="backend.tests.test_procurement_api" name="test_only_actionable_filter" time="0.117" /><testcase classname="backend.tests.test_procurement_api" name="test_single_product_recommendation" time="0.122" /><testcase classname="backend.tests.test_procurement_api" name="test_single_product_404_for_unknown" time="0.112" /><testcase classname="backend.tests.test_procurement_api" name="test_ground_beef_guardrail_forces_monitor_only" time="0.131"><skipped type="pytest.skip" message="Ground Beef has no observations in this env">/app/backend/tests/test_procurement_api.py:152: Ground Beef has no observations in this env</skipped></testcase><testcase classname="backend.tests.test_procurement_api" name="test_canonical_unit_query_param" time="0.114" /><testcase classname="backend.tests.test_procurement_api" name="test_target_price_lifecycle" time="30.306"><failure message="requests.exceptions.ConnectTimeout: HTTPSConnectionPool(host='invoice-ai-35.preview.emergentagent.com', port=443): Max retries exceeded with url: /api/procurement/targets/2c131d7a-78ad-4715-bdab-2c8e685bb791 (Caused by ConnectTimeoutError(&lt;HTTPSConnection(host='invoice-ai-35.preview.emergentagent.com', port=443) at 0xfa071b5c2250&gt;, 'Connection to invoice-ai-35.preview.emergentagent.com timed out. (connect timeout=15)'))">/root/.venv/lib/python3.11/site-packages/urllib3/connection.py:204: in _new_conn
    sock = connection.create_connection(
/root/.venv/lib/python3.11/site-packages/urllib3/util/connection.py:85: in create_connection
    raise err
/root/.venv/lib/python3.11/site-packages/urllib3/util/connection.py:73: in create_connection
    sock.connect(sa)
E   TimeoutError: timed out

The above exception was the direct cause of the following exception:
/root/.venv/lib/python3.11/site-packages/urllib3/connectionpool.py:787: in urlopen
    response = self._make_request(
/root/.venv/lib/python3.11/site-packages/urllib3/connectionpool.py:488: in _make_request
    raise new_e
/root/.venv/lib/python3.11/site-packages/urllib3/connectionpool.py:464: in _make_request
    self._validate_conn(conn)
/root/.venv/lib/python3.11/site-packages/urllib3/connectionpool.py:1093: in _validate_conn
    conn.connect()
/root/.venv/lib/python3.11/site-packages/urllib3/connection.py:759: in connect
    self.sock = sock = self._new_conn()
                       ^^^^^^^^^^^^^^^^
/root/.venv/lib/python3.11/site-packages/urllib3/connection.py:213: in _new_conn
    raise ConnectTimeoutError(
E   urllib3.exceptions.ConnectTimeoutError: (&lt;HTTPSConnection(host='invoice-ai-35.preview.emergentagent.com', port=443) at 0xfa071b5c2250&gt;, 'Connection to invoice-ai-35.preview.emergentagent.com timed out. (connect timeout=15)')

The above exception was the direct cause of the following exception:
/root/.venv/lib/python3.11/site-packages/requests/adapters.py:644: in send
    resp = conn.urlopen(
/root/.venv/lib/python3.11/site-packages/urllib3/connectionpool.py:841: in urlopen
    retries = retries.increment(
/root/.venv/lib/python3.11/site-packages/urllib3/util/retry.py:535: in increment
    raise MaxRetryError(_pool, url, reason) from reason  # type: ignore[arg-type]
    ^^^^^^^^^^^^^^^^^^^^^^^^^^^^^^^^^^^^^^^^^^^^^^^^^^^
E   urllib3.exceptions.MaxRetryError: HTTPSConnectionPool(host='invoice-ai-35.preview.emergentagent.com', port=443): Max retries exceeded with url: /api/procurement/targets/2c131d7a-78ad-4715-bdab-2c8e685bb791 (Caused by ConnectTimeoutError(&lt;HTTPSConnection(host='invoice-ai-35.preview.emergentagent.com', port=443) at 0xfa071b5c2250&gt;, 'Connection to invoice-ai-35.preview.emergentagent.com timed out. (connect timeout=15)'))

During handling of the above exception, another exception occurred:
backend/tests/test_procurement_api.py:192: in test_target_price_lifecycle
    r = requests.patch(
/root/.venv/lib/python3.11/site-packages/requests/api.py:145: in patch
    return request("patch", url, data=data, **kwargs)
           ^^^^^^^^^^^^^^^^^^^^^^^^^^^^^^^^^^^^^^^^^^
/root/.venv/lib/python3.11/site-packages/requests/api.py:59: in request
    return session.request(method=method, url=url, **kwargs)
           ^^^^^^^^^^^^^^^^^^^^^^^^^^^^^^^^^^^^^^^^^^^^^^^^^
/root/.venv/lib/python3.11/site-packages/requests/sessions.py:589: in request
    resp = self.send(prep, **send_kwargs)
           ^^^^^^^^^^^^^^^^^^^^^^^^^^^^^^
/root/.venv/lib/python3.11/site-packages/requests/sessions.py:703: in send
    r = adapter.send(request, **kwargs)
        ^^^^^^^^^^^^^^^^^^^^^^^^^^^^^^^
/root/.venv/lib/python3.11/site-packages/requests/adapters.py:665: in send
    raise ConnectTimeout(e, request=request)
E   requests.exceptions.ConnectTimeout: HTTPSConnectionPool(host='invoice-ai-35.preview.emergentagent.com', port=443): Max retries exceeded with url: /api/procurement/targets/2c131d7a-78ad-4715-bdab-2c8e685bb791 (Caused by ConnectTimeoutError(&lt;HTTPSConnection(host='invoice-ai-35.preview.emergentagent.com', port=443) at 0xfa071b5c2250&gt;, 'Connection to invoice-ai-35.preview.emergentagent.com timed out. (connect timeout=15)'))</failure></testcase><testcase classname="backend.tests.test_procurement_api" name="test_target_price_rejects_zero" time="4.378" /><testcase classname="backend.tests.test_procurement_api" name="test_target_price_rejects_negative" time="0.113" /><testcase classname="backend.tests.test_procurement_api" name="test_target_price_404_for_unknown" time="0.112" /><testcase classname="backend.tests.test_procurement_api" name="test_reason_summary_language" time="0.115" /><testcase classname="backend.tests.test_procurement_api" name="test_multitenant_isolation" time="0.834" /><testcase classname="backend.tests.test_procurement_api" name="test_unauthenticated_request_rejected" time="2.210" /><testcase classname="backend.tests.test_procurement_decisions" name="test_guardrail_insufficient_observations_returns_monitor_only" time="0.002" /><testcase classname="backend.tests.test_procurement_decisions" name="test_guardrail_low_insight_confidence_returns_monitor_only" time="0.000" /><testcase classname="backend.tests.test_procurement_decisions" name="test_guardrail_weak_identity_returns_monitor_only" time="0.000" /><testcase classname="backend.tests.test_procurement_decisions" name="test_guardrail_weak_unit_returns_monitor_only" time="0.000" /><testcase classname="backend.tests.test_procurement_decisions" name="test_switch_vendor_when_alt_is_cheaper_and_has_evidence" time="0.000" /><testcase classname="backend.tests.test_procurement_decisions" name="test_switch_vendor_not_triggered_when_alt_is_stale" time="0.000" /><testcase classname="backend.tests.test_procurement_decisions" name="test_renegotiate_when_above_ma_and_no_alternative" time="0.000" /><testcase classname="backend.tests.test_procurement_decisions" name="test_renegotiate_when_above_target_but_no_alternative" time="0.000" /><testcase classname="backend.tests.test_procurement_decisions" name="test_no_action_when_within_tolerance" time="0.000" /><testcase classname="backend.tests.test_procurement_decisions" name="test_monitor_only_when_signals_ambiguous" time="0.000" /><testcase classname="backend.tests.test_procurement_decisions" name="test_risk_level_scales_with_evidence" time="0.000" /><testcase classname="backend.tests.test_procurement_decisions" name="test_risk_level_medium_when_thin_alt_evidence" time="0.000" /><testcase classname="backend.tests.test_procurement_decisions" name="test_monitor_only_is_flagged_high_risk_to_act_on" time="0.000" /><testcase classname="backend.tests.test_procurement_decisions" name="test_decision_confidence_is_bounded_and_derated_for_monitor" time="0.000" /><testcase classname="backend.tests.test_procurement_decisions" name="test_output_model_has_required_fields" time="0.000" /><testcase classname="backend.tests.test_procurement_decisions" name="test_reason_summary_uses_probabilistic_language" time="0.000" /><testcase classname="backend.tests.test_procurement_decisions" name="test_evidence_is_non_empty_for_actionable" time="0.000" /></testsuite></testsuites>