<?xml version="1.0" encoding="utf-8"?><testsuites name="pytest tests"><testsuite name="pytest" errors="0" failures="0" skipped="0" tests="14" time="8.406" timestamp="2026-04-18T02:07:38.527353+00:00" hostname="agent-env-645618d2-f76c-4908-8d45-020f6c89ad30"><testcase classname="backend.tests.test_manual_review_workflow.TestManualReviewWorkflow" name="test_patch_item_updates_price" time="0.855" /><testcase classname="backend.tests.test_manual_review_workflow.TestManualReviewWorkflow" name="test_patch_item_updates_quantity" time="0.508" /><testcase classname="backend.tests.test_manual_review_workflow.TestManualReviewWorkflow" name="test_patch_item_returns_validation_delta" time="0.538" /><testcase classname="backend.tests.test_manual_review_workflow.TestManualReviewWorkflow" name="test_patch_item_invalid_index" time="0.570" /><testcase classname="backend.tests.test_manual_review_workflow.TestManualReviewWorkflow" name="test_edit_history_created_on_patch" time="0.670" /><testcase classname="backend.tests.test_manual_review_workflow.TestManualReviewWorkflow" name="test_edit_history_tracks_changes" time="0.564" /><testcase classname="backend.tests.test_manual_review_workflow.TestManualReviewWorkflow" name="test_verify_purchase_sets_status" time="0.570" /><testcase classname="backend.tests.test_manual_review_workflow.TestManualReviewWorkflow" name="test_verify_purchase_not_found" time="0.444" /><testcase classname="backend.tests.test_manual_review_workflow.TestManualReviewWorkflow" name="test_name_correction_creates_memory_entry" time="0.625" /><testcase classname="backend.tests.test_manual_review_workflow.TestManualReviewWorkflow" name="test_price_edit_does_not_create_memory_entry" time="0.699" /><testcase classname="backend.tests.test_manual_review_workflow.TestManualReviewWorkflow" name="test_quantity_edit_does_not_create_memory_entry" time="0.715" /><testcase classname="backend.tests.test_manual_review_workflow.TestManualReviewWorkflow" name="test_get_purchases_returns_items_with_needs_review" time="0.594" /><testcase classname="backend.tests.test_manual_review_workflow.TestManualReviewWorkflow" name="test_patch_recalculates_purchase_totals" time="0.575" /><testcase classname="backend.tests.test_manual_review_workflow.TestCorrectionMemoryAPI" name="test_get_correction_memory" time="0.396" /></testsuite></testsuites>