<?xml version="1.0" encoding="utf-8"?><testsuites name="pytest tests"><testsuite name="pytest" errors="0" failures="0" skipped="0" tests="7" time="3.341" timestamp="2026-04-01T04:30:38.466943+00:00" hostname="agent-env-645618d2-f76c-4908-8d45-020f6c89ad30"><testcase classname="tests.test_correction_hints_phase2.TestCorrectionHintsAPI" name="test_correction_hints_empty_supplier_name" time="0.453" /><testcase classname="tests.test_correction_hints_phase2.TestCorrectionHintsAPI" name="test_correction_hints_unknown_vendor" time="0.387" /><testcase classname="tests.test_correction_hints_phase2.TestCorrectionHintsAPI" name="test_correction_hints_known_vendor" time="0.467" /><testcase classname="tests.test_correction_hints_phase2.TestCorrectionHintsAPI" name="test_correction_hints_response_structure" time="0.509" /><testcase classname="tests.test_correction_hints_phase2.TestCorrectionHintsAPI" name="test_correction_hints_no_id_field" time="0.373" /><testcase classname="tests.test_correction_hints_phase2.TestCorrectionMemoryStorage" name="test_correction_stores_unit_price" time="0.697" /><testcase classname="tests.test_correction_hints_phase2.TestAmbiguityFiltering" name="test_ambiguity_filtering_logic" time="0.394" /></testsuite></testsuites>