<?xml version="1.0" encoding="utf-8"?><testsuites name="pytest tests"><testsuite name="pytest" errors="0" failures="0" skipped="0" tests="15" time="6.856" timestamp="2026-03-23T03:42:40.018818+00:00" hostname="agent-env-645618d2-f76c-4908-8d45-020f6c89ad30"><testcase classname="backend.tests.test_dashboard_minimal.TestDashboardSummaryMinimal" name="test_dashboard_summary_returns_200" time="0.566" /><testcase classname="backend.tests.test_dashboard_minimal.TestDashboardSummaryMinimal" name="test_dashboard_summary_has_required_spending_fields" time="0.462" /><testcase classname="backend.tests.test_dashboard_minimal.TestDashboardSummaryMinimal" name="test_dashboard_summary_no_utilities_field" time="0.461" /><testcase classname="backend.tests.test_dashboard_minimal.TestDashboardSummaryMinimal" name="test_dashboard_summary_no_sales_fields" time="0.488" /><testcase classname="backend.tests.test_dashboard_minimal.TestDashboardSummaryMinimal" name="test_dashboard_summary_no_profit_fields" time="0.455" /><testcase classname="backend.tests.test_dashboard_minimal.TestDashboardSummaryMinimal" name="test_dashboard_summary_no_weekly_trends" time="0.459" /><testcase classname="backend.tests.test_dashboard_minimal.TestDashboardSummaryMinimal" name="test_dashboard_summary_smart_alerts_max_5" time="0.426" /><testcase classname="backend.tests.test_dashboard_minimal.TestDashboardSummaryMinimal" name="test_dashboard_summary_requires_auth" time="0.420" /><testcase classname="backend.tests.test_dashboard_minimal.TestDashboardItemSearch" name="test_item_search_returns_200" time="0.435" /><testcase classname="backend.tests.test_dashboard_minimal.TestDashboardItemSearch" name="test_item_search_returns_results_structure" time="0.440" /><testcase classname="backend.tests.test_dashboard_minimal.TestDashboardItemSearch" name="test_item_search_result_has_required_fields" time="0.420" /><testcase classname="backend.tests.test_dashboard_minimal.TestDashboardItemSearch" name="test_item_search_vendor_has_required_fields" time="0.452" /><testcase classname="backend.tests.test_dashboard_minimal.TestDashboardItemSearch" name="test_item_search_empty_for_short_query" time="0.436" /><testcase classname="backend.tests.test_dashboard_minimal.TestDashboardItemSearch" name="test_item_search_empty_for_no_match" time="0.428" /><testcase classname="backend.tests.test_dashboard_minimal.TestDashboardItemSearch" name="test_item_search_requires_auth" time="0.438" /></testsuite></testsuites>