<?xml version="1.0" encoding="utf-8"?><testsuites name="pytest tests"><testsuite name="pytest" errors="0" failures="1" skipped="0" tests="13" time="5.522" timestamp="2026-04-22T03:14:23.242870+00:00" hostname="agent-env-645618d2-f76c-4908-8d45-020f6c89ad30"><testcase classname="backend.tests.test_procurement_audit_api.TestAuditAuth" name="test_events_requires_auth" time="0.144" /><testcase classname="backend.tests.test_procurement_audit_api.TestAuditAuth" name="test_stats_requires_auth" time="0.103" /><testcase classname="backend.tests.test_procurement_audit_api.TestAuditFilterValidation" name="test_invalid_status_400" time="0.484" /><testcase classname="backend.tests.test_procurement_audit_api.TestAuditFilterValidation" name="test_invalid_recommendation_type_400" time="0.115" /><testcase classname="backend.tests.test_procurement_audit_api.TestAuditFilterValidation" name="test_invalid_outcome_type_400" time="0.105" /><testcase classname="backend.tests.test_procurement_audit_api.TestAuditFilterValidation" name="test_invalid_confidence_level_400" time="0.105" /><testcase classname="backend.tests.test_procurement_audit_api.TestAuditFilterValidation" name="test_valid_filters_ok" time="1.351" /><testcase classname="backend.tests.test_procurement_audit_api.TestRecommendationsHookAndPerf" name="test_recommendations_under_5s_and_creates_audit" time="0.219" /><testcase classname="backend.tests.test_procurement_audit_api.TestRecommendationsHookAndPerf" name="test_idempotent_no_duplicate_open_records" time="0.460" /><testcase classname="backend.tests.test_procurement_audit_api.TestAuditStatsShape" name="test_stats_shape" time="0.221" /><testcase classname="backend.tests.test_procurement_audit_api.TestAuditLifecycle" name="test_full_lifecycle" time="0.926"><failure message="AssertionError: save suggestion failed: 422 {&quot;detail&quot;:[{&quot;type&quot;:&quot;missing&quot;,&quot;loc&quot;:[&quot;body&quot;,&quot;acknowledgment_confirmed&quot;],&quot;msg&quot;:&quot;Field required&quot;,&quot;input&quot;:{&quot;canonical_product_id&quot;:&quot;2c131d7a-78ad-4715-bdab-2c8e685bb791&quot;,&quot;canonical_name&quot;:&quot;Chicken Breast Tender Boneless Jumbo&quot;,&quot;canonical_unit&quot;:&quot;lb&quot;,&quot;recommendation_type&quot;:&quot;switch_vendor&quot;,&quot;current_vendor&quot;:&quot;Sysco Restaurant Supply&quot;,&quot;draft_note&quot;:&quot;TEST_audit_iter92 571e0754-d9e0-4e8a-a2d9-4afdf5825f48&quot;},&quot;url&quot;:&quot;https://errors.pydantic.dev/2.12/v/missing&quot;}]}&#10;assert 422 in (200, 201)&#10; +  where 422 = &lt;Response [422]&gt;.status_code">backend/tests/test_procurement_audit_api.py:256: in test_full_lifecycle
    assert sr.status_code in (200, 201), f"save suggestion failed: {sr.status_code} {sr.text}"
E   AssertionError: save suggestion failed: 422 {"detail":[{"type":"missing","loc":["body","acknowledgment_confirmed"],"msg":"Field required","input":{"canonical_product_id":"2c131d7a-78ad-4715-bdab-2c8e685bb791","canonical_name":"Chicken Breast Tender Boneless Jumbo","canonical_unit":"lb","recommendation_type":"switch_vendor","current_vendor":"Sysco Restaurant Supply","draft_note":"TEST_audit_iter92 571e0754-d9e0-4e8a-a2d9-4afdf5825f48"},"url":"https://errors.pydantic.dev/2.12/v/missing"}]}
E   assert 422 in (200, 201)
E    +  where 422 = &lt;Response [422]&gt;.status_code</failure></testcase><testcase classname="backend.tests.test_procurement_audit_api.TestAuditTenantIsolation" name="test_iso_tenant_does_not_see_demo_records" time="0.960" /><testcase classname="backend.tests.test_procurement_audit_api.TestAuditTenantIsolation" name="test_iso_stats_independent" time="0.230" /></testsuite></testsuites>