<?xml version="1.0" encoding="utf-8"?><testsuites name="pytest tests"><testsuite name="pytest" errors="0" failures="0" skipped="0" tests="13" time="5.949" timestamp="2026-03-14T02:16:02.109555+00:00" hostname="agent-env-645618d2-f76c-4908-8d45-020f6c89ad30"><testcase classname="backend.tests.test_duplicate_detection.TestDuplicateDetection" name="test_purchase_duplicate_by_invoice_number" time="0.494" /><testcase classname="backend.tests.test_duplicate_detection.TestDuplicateDetection" name="test_purchase_duplicate_by_vendor_date_amount" time="0.458" /><testcase classname="backend.tests.test_duplicate_detection.TestDuplicateDetection" name="test_purchase_unique_record_no_duplicates" time="0.409" /><testcase classname="backend.tests.test_duplicate_detection.TestDuplicateDetection" name="test_sale_duplicate_by_date" time="0.453" /><testcase classname="backend.tests.test_duplicate_detection.TestDuplicateDetection" name="test_sale_unique_date_no_duplicates" time="0.432" /><testcase classname="backend.tests.test_duplicate_detection.TestDuplicateDetection" name="test_salary_duplicate_by_employee_date" time="0.439" /><testcase classname="backend.tests.test_duplicate_detection.TestDuplicateDetection" name="test_salary_unique_employee_date_no_duplicates" time="0.401" /><testcase classname="backend.tests.test_duplicate_detection.TestDuplicateDetection" name="test_other_expense_duplicate_by_title_date" time="0.461" /><testcase classname="backend.tests.test_duplicate_detection.TestDuplicateDetection" name="test_other_expense_unique_title_date_no_duplicates" time="0.410" /><testcase classname="backend.tests.test_duplicate_detection.TestDuplicateDetection" name="test_purchase_crud_still_works" time="0.513" /><testcase classname="backend.tests.test_duplicate_detection.TestDuplicateDetection" name="test_sale_crud_still_works" time="0.472" /><testcase classname="backend.tests.test_duplicate_detection.TestDuplicateDetection" name="test_salary_crud_still_works" time="0.463" /><testcase classname="backend.tests.test_duplicate_detection.TestDuplicateDetection" name="test_other_expense_crud_still_works" time="0.492" /></testsuite></testsuites>