<?xml version="1.0" encoding="utf-8"?><testsuites name="pytest tests"><testsuite name="pytest" errors="0" failures="0" skipped="0" tests="15" time="8.391" timestamp="2026-03-12T02:53:25.820274+00:00" hostname="agent-env-645618d2-f76c-4908-8d45-020f6c89ad30"><testcase classname="backend.tests.test_excel_upload.TestExcelUpload" name="test_parse_csv_purchase_invoice_status" time="0.808" /><testcase classname="backend.tests.test_excel_upload.TestExcelUpload" name="test_parse_csv_purchase_extracts_supplier" time="0.501" /><testcase classname="backend.tests.test_excel_upload.TestExcelUpload" name="test_parse_csv_purchase_extracts_items" time="0.559" /><testcase classname="backend.tests.test_excel_upload.TestExcelUpload" name="test_parse_csv_purchase_groups_multiple_suppliers" time="0.475" /><testcase classname="backend.tests.test_excel_upload.TestExcelUpload" name="test_parse_csv_purchase_calculates_totals" time="0.524" /><testcase classname="backend.tests.test_excel_upload.TestExcelUpload" name="test_parse_xlsx_purchase_invoice_status" time="0.568" /><testcase classname="backend.tests.test_excel_upload.TestExcelUpload" name="test_parse_xlsx_purchase_extracts_data" time="0.467" /><testcase classname="backend.tests.test_excel_upload.TestExcelUpload" name="test_parse_xlsx_purchase_maps_column_headers" time="0.516" /><testcase classname="backend.tests.test_excel_upload.TestExcelUpload" name="test_parse_csv_sales_report_status" time="0.521" /><testcase classname="backend.tests.test_excel_upload.TestExcelUpload" name="test_parse_csv_sales_extracts_items" time="0.474" /><testcase classname="backend.tests.test_excel_upload.TestExcelUpload" name="test_parse_csv_sales_calculates_total" time="0.455" /><testcase classname="backend.tests.test_excel_upload.TestExcelUpload" name="test_parse_csv_sales_extracts_date" time="0.464" /><testcase classname="backend.tests.test_excel_upload.TestExcelUpload" name="test_parse_unsupported_file_type" time="0.446" /><testcase classname="backend.tests.test_excel_upload.TestExcelUpload" name="test_parse_excel_requires_auth" time="0.466" /><testcase classname="backend.tests.test_excel_upload.TestSavePurchaseFromExcel" name="test_create_purchase_from_excel_data" time="0.921" /></testsuite></testsuites>