<?xml version="1.0" encoding="utf-8"?><testsuites name="pytest tests"><testsuite name="pytest" errors="0" failures="0" skipped="0" tests="20" time="1.608" timestamp="2026-04-21T06:33:37.929594+00:00" hostname="agent-env-645618d2-f76c-4908-8d45-020f6c89ad30"><testcase classname="tests.test_dss_price_intelligence.TestProductsSummaryContract" name="test_status_and_shape" time="0.509" /><testcase classname="tests.test_dss_price_intelligence.TestProductsSummaryContract" name="test_every_item_has_dss_fields" time="0.000" /><testcase classname="tests.test_dss_price_intelligence.TestProductsSummaryContract" name="test_confidence_subshape" time="0.000" /><testcase classname="tests.test_dss_price_intelligence.TestProductsSummaryContract" name="test_recommendation_subshape" time="0.000" /><testcase classname="tests.test_dss_price_intelligence.TestProductsSummaryContract" name="test_data_quality_aggregate" time="0.000" /><testcase classname="tests.test_dss_price_intelligence.TestProductsSummaryContract" name="test_keyed_by_cpid_and_unit" time="0.000" /><testcase classname="tests.test_dss_price_intelligence.TestProductsSummaryContract" name="test_high_confidence_chicken_present" time="0.000" /><testcase classname="tests.test_dss_price_intelligence.TestProductsSummaryContract" name="test_low_confidence_beef_present" time="0.000" /><testcase classname="tests.test_dss_price_intelligence.TestProductHistory" name="test_high_product_history" time="0.049" /><testcase classname="tests.test_dss_price_intelligence.TestProductHistory" name="test_low_product_history_excludes_poor_from_stats" time="0.054" /><testcase classname="tests.test_dss_price_intelligence.TestVendorComparison" name="test_high_product_vendors" time="0.048" /><testcase classname="tests.test_dss_price_intelligence.TestVendorComparison" name="test_low_product_vendors_404_or_empty" time="0.046" /><testcase classname="tests.test_dss_price_intelligence.TestAlertsSuppression" name="test_alerts_list_high_only" time="0.048" /><testcase classname="tests.test_dss_price_intelligence.TestAlertsSuppression" name="test_low_product_has_no_alert" time="0.045" /><testcase classname="tests.test_dss_price_intelligence.TestDashboardDSS" name="test_smart_alerts_high_only" time="0.058" /><testcase classname="tests.test_dss_price_intelligence.TestDashboardDSS" name="test_probabilistic_wording" time="0.052" /><testcase classname="tests.test_dss_price_intelligence.TestProbabilisticLanguage" name="test_alert_message_wording" time="0.045" /><testcase classname="tests.test_dss_price_intelligence.TestProbabilisticLanguage" name="test_recommendation_detail_wording" time="0.000" /><testcase classname="tests.test_dss_price_intelligence.TestMultiTenant" name="test_staff_same_tenant_sees_same_high_cpid" time="0.424" /><testcase classname="tests.test_dss_price_intelligence.TestBackfillQualityFlag" name="test_backfill_and_records_flagged" time="0.127" /></testsuite></testsuites>