<?xml version="1.0" encoding="utf-8"?><testsuites name="pytest tests"><testsuite name="pytest" errors="0" failures="0" skipped="0" tests="13" time="6.737" timestamp="2026-04-18T03:02:18.728184+00:00" hostname="agent-env-645618d2-f76c-4908-8d45-020f6c89ad30"><testcase classname="backend.tests.test_storage_category.TestStorageCategoryAPI" name="test_get_items_returns_storage_fields" time="0.549" /><testcase classname="backend.tests.test_storage_category.TestStorageCategoryAPI" name="test_get_items_filter_by_frozen" time="0.501" /><testcase classname="backend.tests.test_storage_category.TestStorageCategoryAPI" name="test_get_items_filter_by_chilled" time="0.498" /><testcase classname="backend.tests.test_storage_category.TestStorageCategoryAPI" name="test_get_items_filter_by_dry" time="0.549" /><testcase classname="backend.tests.test_storage_category.TestStorageCategoryAPI" name="test_post_items_creates_with_storage_category" time="0.495" /><testcase classname="backend.tests.test_storage_category.TestStorageCategoryAPI" name="test_post_items_default_category_source" time="0.444" /><testcase classname="backend.tests.test_storage_category.TestStorageCategoryAPI" name="test_patch_storage_category_sets_manual" time="0.550" /><testcase classname="backend.tests.test_storage_category.TestStorageCategoryAPI" name="test_patch_storage_category_invalid_returns_400" time="0.530" /><testcase classname="backend.tests.test_storage_category.TestStorageCategoryAPI" name="test_patch_storage_category_empty_resets_to_auto" time="0.480" /><testcase classname="backend.tests.test_storage_category.TestStorageCategoryAPI" name="test_put_items_updates_storage_category" time="0.604" /><testcase classname="backend.tests.test_storage_category.TestStorageCategoryAPI" name="test_delete_item" time="0.498" /><testcase classname="backend.tests.test_storage_category.TestStorageCategoryFilterCombinations" name="test_filter_with_search_and_storage_category" time="0.522" /><testcase classname="backend.tests.test_storage_category.TestStorageCategoryFilterCombinations" name="test_filter_no_results" time="0.382" /></testsuite></testsuites>