<?xml version="1.0" encoding="utf-8"?><testsuites name="pytest tests"><testsuite name="pytest" errors="0" failures="0" skipped="0" tests="6" time="3.088" timestamp="2026-03-14T02:31:15.969773+00:00" hostname="agent-env-645618d2-f76c-4908-8d45-020f6c89ad30"><testcase classname="backend.tests.test_sales_date_range.TestSalesDateRange" name="test_single_day_entry_same_dates" time="0.562" /><testcase classname="backend.tests.test_sales_date_range.TestSalesDateRange" name="test_multi_day_range_different_dates" time="0.497" /><testcase classname="backend.tests.test_sales_date_range.TestSalesDateRange" name="test_date_validation_to_before_from_returns_400" time="0.451" /><testcase classname="backend.tests.test_sales_date_range.TestSalesDateRange" name="test_backward_compatibility_report_date_only" time="0.443" /><testcase classname="backend.tests.test_sales_date_range.TestSalesDateRange" name="test_get_sales_returns_date_fields" time="0.548" /><testcase classname="backend.tests.test_sales_date_range.TestSalesDateRange" name="test_get_single_sale_returns_date_fields" time="0.487" /></testsuite></testsuites>