<?xml version="1.0" encoding="utf-8"?><testsuites name="pytest tests"><testsuite name="pytest" errors="0" failures="0" skipped="0" tests="13" time="8.057" timestamp="2026-03-30T04:37:20.928734+00:00" hostname="agent-env-645618d2-f76c-4908-8d45-020f6c89ad30"><testcase classname="backend.tests.test_strict_confidence_scoring.TestStrictConfidenceScoring" name="test_perfect_item_trusted_100" time="0.853" /><testcase classname="backend.tests.test_strict_confidence_scoring.TestStrictConfidenceScoring" name="test_pack_parse_failed_forces_unverified" time="0.542" /><testcase classname="backend.tests.test_strict_confidence_scoring.TestStrictConfidenceScoring" name="test_math_mismatch_forces_unverified" time="0.538" /><testcase classname="backend.tests.test_strict_confidence_scoring.TestStrictConfidenceScoring" name="test_missing_item_name_forces_unverified" time="0.547" /><testcase classname="backend.tests.test_strict_confidence_scoring.TestStrictConfidenceScoring" name="test_total_with_zero_qty_price_forces_unverified" time="0.554" /><testcase classname="backend.tests.test_strict_confidence_scoring.TestStrictConfidenceScoring" name="test_qty_equals_price_suspicious_pattern" time="0.536" /><testcase classname="backend.tests.test_strict_confidence_scoring.TestStrictConfidenceScoring" name="test_unrealistic_packs_per_case_suspicious" time="0.588" /><testcase classname="backend.tests.test_strict_confidence_scoring.TestStrictConfidenceScoring" name="test_duplicate_rows_second_unverified" time="0.552" /><testcase classname="backend.tests.test_strict_confidence_scoring.TestStrictConfidenceScoring" name="test_good_item_without_pack_trusted" time="0.567" /><testcase classname="backend.tests.test_strict_confidence_scoring.TestStrictConfidenceScoring" name="test_confidence_level_is_binary" time="0.564" /><testcase classname="backend.tests.test_strict_confidence_scoring.TestStrictConfidenceScoring" name="test_update_purchase_computes_confidence" time="1.077" /><testcase classname="backend.tests.test_strict_confidence_scoring.TestNormalizedPriceWithConfidence" name="test_trusted_item_has_normalized_price" time="0.522" /><testcase classname="backend.tests.test_strict_confidence_scoring.TestNormalizedPriceWithConfidence" name="test_unverified_item_no_normalized_price_shown" time="0.547" /></testsuite></testsuites>