<?xml version="1.0" encoding="utf-8"?><testsuites name="pytest tests"><testsuite name="pytest" errors="0" failures="0" skipped="0" tests="14" time="8.688" timestamp="2026-04-21T06:07:08.087157+00:00" hostname="agent-env-645618d2-f76c-4908-8d45-020f6c89ad30"><testcase classname="tests.test_price_intelligence_endpoints.TestBackfill" name="test_backfill_contract_and_idempotent" time="0.690" /><testcase classname="tests.test_price_intelligence_endpoints.TestProductsSummary" name="test_products_summary_contract" time="0.105" /><testcase classname="tests.test_price_intelligence_endpoints.TestProductsSummary" name="test_seeded_product_present" time="0.105" /><testcase classname="tests.test_price_intelligence_endpoints.TestProductHistory" name="test_history_sorted_ascending" time="0.100" /><testcase classname="tests.test_price_intelligence_endpoints.TestProductHistory" name="test_history_404_for_unknown" time="0.102" /><testcase classname="tests.test_price_intelligence_endpoints.TestProductVendors" name="test_vendors_contract" time="0.119" /><testcase classname="tests.test_price_intelligence_endpoints.TestProductVendors" name="test_vendors_404_for_unknown" time="0.106" /><testcase classname="tests.test_price_intelligence_endpoints.TestAlerts" name="test_alerts_contract" time="0.112" /><testcase classname="tests.test_price_intelligence_endpoints.TestAlerts" name="test_dashboard_includes_pi_alerts" time="0.217" /><testcase classname="tests.test_price_intelligence_endpoints.TestMultiTenant" name="test_staff_same_tenant_sees_data" time="0.547" /><testcase classname="tests.test_price_intelligence_endpoints.TestMultiTenant" name="test_different_tenant_isolated" time="0.742" /><testcase classname="tests.test_price_intelligence_endpoints.TestPurchasesIngestHook" name="test_create_purchase_triggers_ingest" time="1.669" /><testcase classname="tests.test_price_intelligence_endpoints.TestPurchasesIngestHook" name="test_purchase_without_canonical_fields_skipped" time="1.450" /><testcase classname="tests.test_price_intelligence_endpoints.TestPurchasesIngestHook" name="test_patch_item_reingests" time="2.543" /></testsuite></testsuites>