<?xml version="1.0" encoding="utf-8"?><testsuites name="pytest tests"><testsuite name="pytest" errors="0" failures="0" skipped="0" tests="26" time="2.856" timestamp="2026-04-23T14:09:36.872236+00:00" hostname="agent-env-645618d2-f76c-4908-8d45-020f6c89ad30"><testcase classname="tests.test_item_matcher" name="test_normalize_name_resolves_spacing_and_case[  Live   Blue  CRAB  -live blue crab]" time="0.000" /><testcase classname="tests.test_item_matcher" name="test_normalize_name_resolves_spacing_and_case[Live\tBlue-Crab-live blue crab]" time="0.000" /><testcase classname="tests.test_item_matcher" name="test_normalize_name_resolves_spacing_and_case[Live BlueCrab-live blue crab]" time="0.000" /><testcase classname="tests.test_item_matcher" name="test_normalize_name_resolves_spacing_and_case[Live Blue Crab 2LB-live blue crab 2 lb]" time="0.000" /><testcase classname="tests.test_item_matcher" name="test_normalize_name_resolves_spacing_and_case[LIVE,BLUE;CRAB!-live blue crab]" time="0.000" /><testcase classname="tests.test_item_matcher" name="test_jaccard_is_order_independent" time="0.000" /><testcase classname="tests.test_item_matcher" name="test_fuzzy_handles_ocr_noise" time="0.000" /><testcase classname="tests.test_item_matcher" name="test_split_base_and_variant_identifies_male" time="0.000" /><testcase classname="tests.test_item_matcher" name="test_split_base_and_variant_returns_none_without_variants" time="0.000" /><testcase classname="tests.test_item_matcher" name="test_exact_match_auto_links_high" time="0.000" /><testcase classname="tests.test_item_matcher" name="test_alias_match_auto_links_high" time="0.000" /><testcase classname="tests.test_item_matcher" name="test_normalized_exact_match_auto_links" time="0.000" /><testcase classname="tests.test_item_matcher" name="test_handwritten_variant_mapping_male" time="0.000" /><testcase classname="tests.test_item_matcher" name="test_handwritten_ocr_noise_same_canonical" time="0.000" /><testcase classname="tests.test_item_matcher" name="test_suggested_items_are_never_candidates" time="0.000" /><testcase classname="tests.test_item_matcher" name="test_archived_items_are_never_candidates" time="0.000" /><testcase classname="tests.test_item_matcher" name="test_variant_required_when_canonical_declares_them" time="0.000" /><testcase classname="tests.test_item_matcher" name="test_competing_candidates_block_auto_link" time="0.000" /><testcase classname="tests.test_item_matcher" name="test_correction_memory_routes_to_canonical" time="0.000" /><testcase classname="tests.test_item_matcher" name="test_empty_input_is_low" time="0.000" /><testcase classname="tests.test_item_matcher" name="test_unrelated_input_is_low" time="0.000" /><testcase classname="tests.test_identity_integration_iter97" name="test_autocomplete_returns_only_approved" time="0.910" /><testcase classname="tests.test_identity_integration_iter97" name="test_autocomplete_excludes_pending_suggestions" time="0.439" /><testcase classname="tests.test_identity_integration_iter97" name="test_invoice_link_and_canonical_propagation" time="0.939" /><testcase classname="tests.test_identity_integration_iter97" name="test_match_preview_never_auto_links_on_low_confidence" time="0.398" /><testcase classname="tests.test_identity_integration_iter97" name="test_variant_declared_without_raw_variant_is_medium" time="0.000" /></testsuite></testsuites>