<?xml version="1.0" encoding="utf-8"?><testsuites name="pytest tests"><testsuite name="pytest" errors="0" failures="0" skipped="1" tests="19" time="3.445" timestamp="2026-03-15T03:49:15.029381+00:00" hostname="agent-env-645618d2-f76c-4908-8d45-020f6c89ad30"><testcase classname="backend.tests.test_smart_alerts_v2.TestSmartAlertsV2" name="test_dashboard_returns_smart_alerts_array" time="0.534" /><testcase classname="backend.tests.test_smart_alerts_v2.TestSmartAlertsV2" name="test_smart_alerts_not_empty_with_seed_data" time="0.133" /><testcase classname="backend.tests.test_smart_alerts_v2.TestSmartAlertsV2" name="test_smart_alerts_use_real_data_not_mocked" time="0.165" /><testcase classname="backend.tests.test_smart_alerts_v2.TestSmartAlertsV2" name="test_smart_alerts_have_valid_type" time="0.138" /><testcase classname="backend.tests.test_smart_alerts_v2.TestSmartAlertsV2" name="test_smart_alerts_have_severity" time="0.129" /><testcase classname="backend.tests.test_smart_alerts_v2.TestSmartAlertsV2" name="test_price_increase_alerts_have_required_fields" time="0.150" /><testcase classname="backend.tests.test_smart_alerts_v2.TestSmartAlertsV2" name="test_price_increase_alerts_have_positive_change" time="0.141" /><testcase classname="backend.tests.test_smart_alerts_v2.TestSmartAlertsV2" name="test_price_increase_severity_thresholds" time="0.109" /><testcase classname="backend.tests.test_smart_alerts_v2.TestSmartAlertsV2" name="test_cheaper_vendor_alerts_have_required_fields" time="0.107" /><testcase classname="backend.tests.test_smart_alerts_v2.TestSmartAlertsV2" name="test_cheaper_vendor_alerts_have_positive_savings" time="0.104" /><testcase classname="backend.tests.test_smart_alerts_v2.TestSmartAlertsV2" name="test_cheaper_vendor_severity_thresholds" time="0.225" /><testcase classname="backend.tests.test_smart_alerts_v2.TestSmartAlertsV2" name="test_not_ordered_alerts_structure_if_present" time="0.143"><skipped type="pytest.skip" message="No not_ordered alerts to test (seed data may be too recent)">/app/backend/tests/test_smart_alerts_v2.py:200: No not_ordered alerts to test (seed data may be too recent)</skipped></testcase><testcase classname="backend.tests.test_smart_alerts_v2.TestSmartAlertsV2" name="test_dashboard_returns_all_kpi_fields" time="0.117" /><testcase classname="backend.tests.test_smart_alerts_v2.TestSmartAlertsV2" name="test_dashboard_returns_profit_fields" time="0.122" /><testcase classname="backend.tests.test_smart_alerts_v2.TestSmartAlertsV2" name="test_dashboard_weekly_trends_structure" time="0.107" /><testcase classname="backend.tests.test_smart_alerts_v2.TestSmartAlertsV2" name="test_dashboard_top_items_structure" time="0.111" /><testcase classname="backend.tests.test_smart_alerts_v2.TestSmartAlertsV2" name="test_dashboard_top_suppliers_structure" time="0.159" /><testcase classname="backend.tests.test_smart_alerts_v2.TestSmartAlertsAlertCounts" name="test_alert_counts_consistency" time="0.454" /><testcase classname="backend.tests.test_smart_alerts_v2.TestSmartAlertsAlertCounts" name="test_high_severity_count" time="0.124" /></testsuite></testsuites>