<?xml version="1.0" encoding="utf-8"?><testsuites name="pytest tests"><testsuite name="pytest" errors="0" failures="0" skipped="0" tests="12" time="1.947" timestamp="2026-03-14T03:00:13.050231+00:00" hostname="agent-env-645618d2-f76c-4908-8d45-020f6c89ad30"><testcase classname="backend.tests.test_reports_category.TestSalesReport" name="test_sales_report_basic" time="0.487" /><testcase classname="backend.tests.test_reports_category.TestSalesReport" name="test_sales_report_date_filter" time="0.104" /><testcase classname="backend.tests.test_reports_category.TestRawMaterialsReport" name="test_raw_materials_report_basic" time="0.135" /><testcase classname="backend.tests.test_reports_category.TestSalariesReport" name="test_salaries_report_basic" time="0.107" /><testcase classname="backend.tests.test_reports_category.TestOtherExpensesReport" name="test_other_expenses_report_basic" time="0.107" /><testcase classname="backend.tests.test_reports_category.TestVendorReport" name="test_vendor_report_basic" time="0.139" /><testcase classname="backend.tests.test_reports_category.TestVendorReport" name="test_vendor_report_filtered" time="0.211" /><testcase classname="backend.tests.test_reports_category.TestProfitReport" name="test_profit_report_basic" time="0.108" /><testcase classname="backend.tests.test_reports_category.TestExportPDF" name="test_sales_export_pdf" time="0.113" /><testcase classname="backend.tests.test_reports_category.TestExportExcel" name="test_sales_export_excel" time="0.123" /><testcase classname="backend.tests.test_reports_category.TestExportExcel" name="test_profit_export_excel" time="0.114" /><testcase classname="backend.tests.test_reports_category.TestInvalidCategory" name="test_invalid_category" time="0.117" /></testsuite></testsuites>