<?xml version="1.0" encoding="utf-8"?><testsuites name="pytest tests"><testsuite name="pytest" errors="0" failures="0" skipped="0" tests="16" time="4.024" timestamp="2026-03-22T06:08:10.373111+00:00" hostname="agent-env-645618d2-f76c-4908-8d45-020f6c89ad30"><testcase classname="backend.tests.test_settings.TestSettingsGet" name="test_get_settings_returns_user_and_restaurant" time="0.514" /><testcase classname="backend.tests.test_settings.TestSettingsGet" name="test_get_settings_default_values" time="0.102" /><testcase classname="backend.tests.test_settings.TestSettingsUpdate" name="test_update_currency" time="0.431" /><testcase classname="backend.tests.test_settings.TestSettingsUpdate" name="test_update_tax_rate" time="0.408" /><testcase classname="backend.tests.test_settings.TestSettingsUpdate" name="test_update_alert_toggles" time="0.317" /><testcase classname="backend.tests.test_settings.TestSettingsUpdate" name="test_update_language_and_date_format" time="0.322" /><testcase classname="backend.tests.test_settings.TestSettingsUpdate" name="test_update_restaurant_profile" time="0.290" /><testcase classname="backend.tests.test_settings.TestSettingsUpdate" name="test_update_user_name" time="0.317" /><testcase classname="backend.tests.test_settings.TestSettingsUpdate" name="test_update_expense_category" time="0.297" /><testcase classname="backend.tests.test_settings.TestSettingsResetData" name="test_reset_data_endpoint_exists" time="0.000" /><testcase classname="backend.tests.test_settings.TestSettingsLogoUpload" name="test_upload_logo_accepts_image" time="0.099" /><testcase classname="backend.tests.test_settings.TestSettingsLogoUpload" name="test_upload_logo_rejects_large_file" time="0.465" /><testcase classname="backend.tests.test_settings.TestSettingsAuthentication" name="test_get_settings_requires_auth" time="0.111" /><testcase classname="backend.tests.test_settings.TestSettingsAuthentication" name="test_put_settings_requires_auth" time="0.110" /><testcase classname="backend.tests.test_settings.TestSettingsAuthentication" name="test_reset_data_requires_auth" time="0.092" /><testcase classname="backend.tests.test_settings.TestSettingsAuthentication" name="test_upload_logo_requires_auth" time="0.097" /></testsuite></testsuites>