<?xml version="1.0" encoding="utf-8"?><testsuites name="pytest tests"><testsuite name="pytest" errors="0" failures="0" skipped="0" tests="17" time="1.916" timestamp="2026-03-31T05:54:09.915219+00:00" hostname="agent-env-645618d2-f76c-4908-8d45-020f6c89ad30"><testcase classname="tests.test_suggested_fix.TestGenerateSuggestedFixUnit" name="test_math_mismatch_suggests_corrected_total" time="0.000" /><testcase classname="tests.test_suggested_fix.TestGenerateSuggestedFixUnit" name="test_missing_total_suggests_computed_total" time="0.000" /><testcase classname="tests.test_suggested_fix.TestGenerateSuggestedFixUnit" name="test_missing_price_suggests_computed_price" time="0.000" /><testcase classname="tests.test_suggested_fix.TestGenerateSuggestedFixUnit" name="test_missing_quantity_suggests_computed_quantity" time="0.000" /><testcase classname="tests.test_suggested_fix.TestGenerateSuggestedFixUnit" name="test_pack_parse_failure_suggests_normalized_format" time="0.001" /><testcase classname="tests.test_suggested_fix.TestGenerateSuggestedFixUnit" name="test_pack_parse_failure_with_X_separator" time="0.000" /><testcase classname="tests.test_suggested_fix.TestGenerateSuggestedFixUnit" name="test_trusted_item_returns_null" time="0.000" /><testcase classname="tests.test_suggested_fix.TestGenerateSuggestedFixUnit" name="test_no_suggestion_when_all_zeros" time="0.000" /><testcase classname="tests.test_suggested_fix.TestValidateAndScoreItemSuggestedFix" name="test_unverified_item_gets_suggested_fix" time="0.000" /><testcase classname="tests.test_suggested_fix.TestValidateAndScoreItemSuggestedFix" name="test_trusted_item_has_null_suggested_fix" time="0.000" /><testcase classname="tests.test_suggested_fix.TestSuggestedFixAPI" name="test_suggestion_test_vendor_has_suggested_fixes" time="0.502" /><testcase classname="tests.test_suggested_fix.TestSuggestedFixAPI" name="test_post_purchase_returns_suggested_fix" time="0.748" /><testcase classname="tests.test_suggested_fix.TestSuggestedFixAPI" name="test_quick_review_vendor_items_without_db_suggestions" time="0.458" /><testcase classname="tests.test_suggested_fix.TestPackSizeNormalizationSuggestions" name="test_x_separator_normalized" time="0.000" /><testcase classname="tests.test_suggested_fix.TestPackSizeNormalizationSuggestions" name="test_uppercase_X_separator_normalized" time="0.000" /><testcase classname="tests.test_suggested_fix.TestPackSizeNormalizationSuggestions" name="test_multiplication_sign_normalized" time="0.000" /><testcase classname="tests.test_suggested_fix.TestPackSizeNormalizationSuggestions" name="test_no_suggestion_for_unparseable_pack" time="0.000" /></testsuite></testsuites>