<?xml version="1.0" encoding="utf-8"?><testsuites name="pytest tests"><testsuite name="pytest" errors="0" failures="0" skipped="0" tests="21" time="19.916" timestamp="2026-04-15T19:25:08.586111+00:00" hostname="agent-env-645618d2-f76c-4908-8d45-020f6c89ad30"><testcase classname="backend.tests.test_permissions_comprehensive.TestAuthAndPermissions" name="test_manager_login_and_permissions" time="2.340" /><testcase classname="backend.tests.test_permissions_comprehensive.TestAuthAndPermissions" name="test_accountant_login_and_permissions" time="0.160" /><testcase classname="backend.tests.test_permissions_comprehensive.TestAuthAndPermissions" name="test_cashier_login_and_permissions" time="0.172" /><testcase classname="backend.tests.test_permissions_comprehensive.TestAuthAndPermissions" name="test_staff_login_and_permissions" time="0.174" /><testcase classname="backend.tests.test_permissions_comprehensive.TestSalesPermissions" name="test_manager_can_create_sale" time="1.733" /><testcase classname="backend.tests.test_permissions_comprehensive.TestSalesPermissions" name="test_cashier_can_create_sale" time="0.172" /><testcase classname="backend.tests.test_permissions_comprehensive.TestSalesPermissions" name="test_staff_cannot_create_sale" time="0.233" /><testcase classname="backend.tests.test_permissions_comprehensive.TestSalesPermissions" name="test_accountant_cannot_delete_sale" time="0.620" /><testcase classname="backend.tests.test_permissions_comprehensive.TestSalesPermissions" name="test_manager_soft_delete_sale" time="0.560" /><testcase classname="backend.tests.test_permissions_comprehensive.TestDataScopeEnforcement" name="test_scope_enforcement_sales" time="3.032" /><testcase classname="backend.tests.test_permissions_comprehensive.TestDataScopeEnforcement" name="test_cashier_cannot_edit_others_sale" time="1.553" /><testcase classname="backend.tests.test_permissions_comprehensive.TestUserManagementAccess" name="test_manager_can_list_users" time="1.785" /><testcase classname="backend.tests.test_permissions_comprehensive.TestUserManagementAccess" name="test_accountant_cannot_list_users" time="0.149" /><testcase classname="backend.tests.test_permissions_comprehensive.TestUserManagementAccess" name="test_cashier_cannot_list_users" time="0.162" /><testcase classname="backend.tests.test_permissions_comprehensive.TestUserManagementAccess" name="test_staff_cannot_list_users" time="0.144" /><testcase classname="backend.tests.test_permissions_comprehensive.TestExpensesPermissions" name="test_manager_can_access_expenses" time="3.169" /><testcase classname="backend.tests.test_permissions_comprehensive.TestExpensesPermissions" name="test_accountant_can_access_expenses" time="0.164" /><testcase classname="backend.tests.test_permissions_comprehensive.TestExpensesPermissions" name="test_cashier_cannot_access_expenses" time="0.154" /><testcase classname="backend.tests.test_permissions_comprehensive.TestExpensesPermissions" name="test_staff_cannot_access_expenses" time="0.150" /><testcase classname="backend.tests.test_permissions_comprehensive.TestExpensesPermissions" name="test_accountant_cannot_delete_expense" time="0.595" /><testcase classname="backend.tests.test_permissions_comprehensive.TestCreatedByTracking" name="test_sale_has_created_by" time="2.438" /></testsuite></testsuites>