<?xml version="1.0" encoding="utf-8"?><testsuites name="pytest tests"><testsuite name="pytest" errors="0" failures="0" skipped="0" tests="18" time="5.116" timestamp="2026-04-23T14:34:55.591632+00:00" hostname="agent-env-645618d2-f76c-4908-8d45-020f6c89ad30"><testcase classname="tests.test_iter98_live_verification" name="test_vendor_comparison_carries_group_key" time="0.628" /><testcase classname="tests.test_iter98_live_verification" name="test_price_intelligence_exposes_group_key" time="0.147" /><testcase classname="tests.test_iter98_live_verification" name="test_variants_isolate_into_separate_rows" time="1.189" /><testcase classname="tests.test_iter98_live_verification" name="test_norm_fallback_rows_wellformed" time="0.112" /><testcase classname="tests.test_iter98_live_verification" name="test_procurement_recommendations_still_works" time="0.120" /><testcase classname="tests.test_iter98_live_verification" name="test_autocomplete_empty_q_returns_empty" time="0.132" /><testcase classname="tests.test_iter98_live_verification" name="test_autocomplete_returns_sources" time="0.126" /><testcase classname="tests.test_iter98_live_verification" name="test_tenant_scoped_vendor_comparison" time="0.685" /><testcase classname="tests.test_identity_resolver" name="test_canonical_id_wins" time="0.000" /><testcase classname="tests.test_identity_resolver" name="test_canonical_id_with_variant_separates" time="0.000" /><testcase classname="tests.test_identity_resolver" name="test_merge_hop_rolls_up" time="0.000" /><testcase classname="tests.test_identity_resolver" name="test_alias_fallback_resolves" time="0.000" /><testcase classname="tests.test_identity_resolver" name="test_name_fallback_resolves" time="0.000" /><testcase classname="tests.test_identity_resolver" name="test_fallback_uses_normalized_not_raw" time="0.000" /><testcase classname="tests.test_identity_resolver" name="test_empty_input_falls_back_safely" time="0.000" /><testcase classname="tests.test_identity_resolver" name="test_missing_canonical_id_stale_reference_falls_back" time="0.000" /><testcase classname="tests.test_identity_resolver" name="test_build_canonical_index_scopes_by_tenant" time="0.006" /><testcase classname="tests.test_analytics_consolidation_iter98" name="test_identity_based_analytics_consolidation" time="1.568" /></testsuite></testsuites>