<?xml version="1.0" encoding="utf-8"?><testsuites name="pytest tests"><testsuite name="pytest" errors="0" failures="0" skipped="0" tests="14" time="1.900" timestamp="2026-03-31T05:02:16.991022+00:00" hostname="agent-env-645618d2-f76c-4908-8d45-020f6c89ad30"><testcase classname="backend.tests.test_sorting_review_status.TestPurchasesSorting" name="test_purchases_default_sort_desc" time="0.637" /><testcase classname="backend.tests.test_sorting_review_status.TestPurchasesSorting" name="test_purchases_sort_asc" time="0.058" /><testcase classname="backend.tests.test_sorting_review_status.TestSalesSorting" name="test_sales_default_sort_desc" time="0.054" /><testcase classname="backend.tests.test_sorting_review_status.TestSalesSorting" name="test_sales_sort_asc" time="0.057" /><testcase classname="backend.tests.test_sorting_review_status.TestOtherExpensesSorting" name="test_other_expenses_default_sort_desc" time="0.048" /><testcase classname="backend.tests.test_sorting_review_status.TestSalariesSorting" name="test_salaries_default_sort_desc" time="0.055" /><testcase classname="backend.tests.test_sorting_review_status.TestPurchaseReviewStatus" name="test_purchases_have_review_status" time="0.055" /><testcase classname="backend.tests.test_sorting_review_status.TestPurchaseReviewStatus" name="test_error_status_for_math_mismatch" time="0.048" /><testcase classname="backend.tests.test_sorting_review_status.TestPurchaseReviewStatus" name="test_clean_status_for_valid_items" time="0.056" /><testcase classname="backend.tests.test_sorting_review_status.TestCreatePurchaseReviewStatus" name="test_create_purchase_with_clean_items" time="0.242" /><testcase classname="backend.tests.test_sorting_review_status.TestCreatePurchaseReviewStatus" name="test_create_purchase_with_error_items" time="0.108" /><testcase classname="backend.tests.test_sorting_review_status.TestCreatePurchaseReviewStatus" name="test_create_purchase_with_missing_name" time="0.108" /><testcase classname="backend.tests.test_sorting_review_status.TestUpdatePurchaseReviewStatus" name="test_update_purchase_recomputes_status" time="0.145" /><testcase classname="backend.tests.test_sorting_review_status.TestSortingWithMissingDates" name="test_purchases_with_empty_date_sorted_by_created_at" time="0.153" /></testsuite></testsuites>