<?xml version="1.0" encoding="utf-8"?><testsuites name="pytest tests"><testsuite name="pytest" errors="0" failures="0" skipped="0" tests="31" time="52.739" timestamp="2026-04-09T05:40:17.203421+00:00" hostname="agent-env-645618d2-f76c-4908-8d45-020f6c89ad30"><testcase classname="backend.tests.test_profit_dashboard.TestProfitIntelligence" name="test_intelligence_returns_200" time="0.528" /><testcase classname="backend.tests.test_profit_dashboard.TestProfitIntelligence" name="test_intelligence_has_price_trends" time="0.134" /><testcase classname="backend.tests.test_profit_dashboard.TestProfitIntelligence" name="test_intelligence_has_vendor_stability" time="0.141" /><testcase classname="backend.tests.test_profit_dashboard.TestProfitIntelligence" name="test_intelligence_has_cost_drivers" time="0.110" /><testcase classname="backend.tests.test_profit_dashboard.TestProfitIntelligence" name="test_intelligence_has_total_spend" time="0.107" /><testcase classname="backend.tests.test_profit_dashboard.TestProfitIntelligence" name="test_intelligence_price_trend_structure" time="0.114" /><testcase classname="backend.tests.test_profit_dashboard.TestReviewQueue" name="test_review_queue_returns_200" time="0.464" /><testcase classname="backend.tests.test_profit_dashboard.TestReviewQueue" name="test_review_queue_has_items" time="0.128" /><testcase classname="backend.tests.test_profit_dashboard.TestReviewQueue" name="test_review_queue_has_total_count" time="0.114" /><testcase classname="backend.tests.test_profit_dashboard.TestReviewQueue" name="test_review_queue_has_reason_breakdown" time="0.097" /><testcase classname="backend.tests.test_profit_dashboard.TestReviewQueue" name="test_review_item_has_reason_label" time="0.107" /><testcase classname="backend.tests.test_profit_dashboard.TestDecisionSearch" name="test_search_returns_200" time="0.437" /><testcase classname="backend.tests.test_profit_dashboard.TestDecisionSearch" name="test_search_has_results" time="0.104" /><testcase classname="backend.tests.test_profit_dashboard.TestDecisionSearch" name="test_search_has_query" time="0.108" /><testcase classname="backend.tests.test_profit_dashboard.TestDecisionSearch" name="test_search_result_has_vendors" time="0.125" /><testcase classname="backend.tests.test_profit_dashboard.TestDecisionSearch" name="test_search_suggested_action_structure" time="0.110" /><testcase classname="backend.tests.test_profit_dashboard.TestDecisionSearch" name="test_search_empty_query" time="0.102" /><testcase classname="backend.tests.test_profit_dashboard.TestDecisionSearch" name="test_search_short_query" time="0.102" /><testcase classname="backend.tests.test_profit_dashboard.TestAIInsights" name="test_ai_insights_returns_200" time="10.705" /><testcase classname="backend.tests.test_profit_dashboard.TestAIInsights" name="test_ai_insights_has_auto_insights" time="9.492" /><testcase classname="backend.tests.test_profit_dashboard.TestAIInsights" name="test_ai_insights_has_computed_metrics" time="9.216" /><testcase classname="backend.tests.test_profit_dashboard.TestAIInsights" name="test_ai_insights_has_ai_available_flag" time="9.571" /><testcase classname="backend.tests.test_profit_dashboard.TestAIInsights" name="test_ai_insights_with_context" time="9.175" /><testcase classname="backend.tests.test_profit_dashboard.TestConfirmItem" name="test_confirm_item_invalid_id" time="0.475" /><testcase classname="backend.tests.test_profit_dashboard.TestConfirmItem" name="test_confirm_item_missing_id" time="0.105" /><testcase classname="backend.tests.test_profit_dashboard.TestConfirmItem" name="test_confirm_item_with_override" time="0.213" /><testcase classname="backend.tests.test_profit_dashboard.TestUnauthorizedAccess" name="test_intelligence_requires_auth" time="0.131" /><testcase classname="backend.tests.test_profit_dashboard.TestUnauthorizedAccess" name="test_review_queue_requires_auth" time="0.114" /><testcase classname="backend.tests.test_profit_dashboard.TestUnauthorizedAccess" name="test_search_requires_auth" time="0.103" /><testcase classname="backend.tests.test_profit_dashboard.TestUnauthorizedAccess" name="test_ai_insights_requires_auth" time="0.099" /><testcase classname="backend.tests.test_profit_dashboard.TestUnauthorizedAccess" name="test_confirm_item_requires_auth" time="0.109" /></testsuite></testsuites>