<?xml version="1.0" encoding="utf-8"?><testsuites name="pytest tests"><testsuite name="pytest" errors="0" failures="0" skipped="0" tests="12" time="20.054" timestamp="2026-03-27T03:33:43.634824+00:00" hostname="agent-env-645618d2-f76c-4908-8d45-020f6c89ad30"><testcase classname="backend.tests.test_multi_image_upload.TestMultiImageUploadBackend" name="test_extract_requires_auth" time="0.262" /><testcase classname="backend.tests.test_multi_image_upload.TestMultiImageUploadBackend" name="test_extract_single_file_with_files_key" time="4.912" /><testcase classname="backend.tests.test_multi_image_upload.TestMultiImageUploadBackend" name="test_extract_single_file_with_file_key" time="2.625" /><testcase classname="backend.tests.test_multi_image_upload.TestMultiImageUploadBackend" name="test_extract_multiple_files" time="2.238" /><testcase classname="backend.tests.test_multi_image_upload.TestMultiImageUploadBackend" name="test_extract_three_files" time="2.030" /><testcase classname="backend.tests.test_multi_image_upload.TestMultiImageUploadBackend" name="test_extract_sales_report_multi_file" time="2.192" /><testcase classname="backend.tests.test_multi_image_upload.TestMultiImageUploadBackend" name="test_extract_other_expense_multi_file" time="2.739" /><testcase classname="backend.tests.test_multi_image_upload.TestMultiImageUploadBackend" name="test_extract_returns_expected_structure" time="1.951" /><testcase classname="backend.tests.test_multi_image_upload.TestMultiImageUploadBackend" name="test_no_files_returns_error" time="0.177" /><testcase classname="backend.tests.test_multi_image_upload.TestManualEntryWithoutUpload" name="test_create_purchase_without_upload" time="0.293" /><testcase classname="backend.tests.test_multi_image_upload.TestManualEntryWithoutUpload" name="test_create_sale_without_upload" time="0.273" /><testcase classname="backend.tests.test_multi_image_upload.TestManualEntryWithoutUpload" name="test_create_other_expense_without_upload" time="0.217" /></testsuite></testsuites>