<?xml version="1.0" encoding="utf-8"?><testsuites name="pytest tests"><testsuite name="pytest" errors="0" failures="0" skipped="2" tests="19" time="1.817" timestamp="2026-03-23T03:02:46.866063+00:00" hostname="agent-env-645618d2-f76c-4908-8d45-020f6c89ad30"><testcase classname="backend.tests.test_purchase_decisions.TestPurchaseDecisionsEndpoint" name="test_endpoint_returns_200" time="0.604" /><testcase classname="backend.tests.test_purchase_decisions.TestPurchaseDecisionsEndpoint" name="test_response_has_required_fields" time="0.053" /><testcase classname="backend.tests.test_purchase_decisions.TestPurchaseDecisionsEndpoint" name="test_items_is_list" time="0.050" /><testcase classname="backend.tests.test_purchase_decisions.TestPurchaseDecisionsEndpoint" name="test_insights_is_list" time="0.058" /><testcase classname="backend.tests.test_purchase_decisions.TestPurchaseDecisionsEndpoint" name="test_weekly_changes_is_list" time="0.056" /><testcase classname="backend.tests.test_purchase_decisions.TestPurchaseDecisionsEndpoint" name="test_potential_savings_is_number" time="0.053" /><testcase classname="backend.tests.test_purchase_decisions.TestPurchaseDecisionsEndpoint" name="test_total_items_is_integer" time="0.054" /><testcase classname="backend.tests.test_purchase_decisions.TestItemsStructure" name="test_item_has_required_fields" time="0.053" /><testcase classname="backend.tests.test_purchase_decisions.TestItemsStructure" name="test_vendors_array_structure" time="0.050" /><testcase classname="backend.tests.test_purchase_decisions.TestItemsStructure" name="test_items_sorted_alphabetically" time="0.053" /><testcase classname="backend.tests.test_purchase_decisions.TestInsightsStructure" name="test_best_vendor_insight_structure" time="0.057" /><testcase classname="backend.tests.test_purchase_decisions.TestInsightsStructure" name="test_price_increase_insight_structure" time="0.059"><skipped type="pytest.skip" message="No price_increase insights found">/app/backend/tests/test_purchase_decisions.py:168: No price_increase insights found</skipped></testcase><testcase classname="backend.tests.test_purchase_decisions.TestInsightsStructure" name="test_insights_sorted_by_impact" time="0.063" /><testcase classname="backend.tests.test_purchase_decisions.TestWeeklyChangesStructure" name="test_weekly_change_structure" time="0.050"><skipped type="pytest.skip" message="No weekly changes found">/app/backend/tests/test_purchase_decisions.py:199: No weekly changes found</skipped></testcase><testcase classname="backend.tests.test_purchase_decisions.TestPotentialSavings" name="test_potential_savings_non_negative" time="0.049" /><testcase classname="backend.tests.test_purchase_decisions.TestPotentialSavings" name="test_potential_savings_positive_when_cheaper_vendors_exist" time="0.051" /><testcase classname="backend.tests.test_purchase_decisions.TestDataConsistency" name="test_total_items_matches_items_length" time="0.055" /><testcase classname="backend.tests.test_purchase_decisions.TestDataConsistency" name="test_vendor_count_matches_vendors_array" time="0.053" /><testcase classname="backend.tests.test_purchase_decisions.TestUnauthorizedAccess" name="test_endpoint_requires_auth" time="0.129" /></testsuite></testsuites>