<?xml version="1.0" encoding="utf-8"?><testsuites name="pytest tests"><testsuite name="pytest" errors="0" failures="0" skipped="0" tests="11" time="0.309" timestamp="2026-04-22T03:12:52.057228+00:00" hostname="agent-env-645618d2-f76c-4908-8d45-020f6c89ad30"><testcase classname="backend.tests.test_procurement_audit" name="test_record_generated_creates_one_record" time="0.278" /><testcase classname="backend.tests.test_procurement_audit" name="test_record_generated_is_idempotent_same_rec_type" time="0.001" /><testcase classname="backend.tests.test_procurement_audit" name="test_different_rec_type_creates_second_record" time="0.001" /><testcase classname="backend.tests.test_procurement_audit" name="test_record_interaction_stamps_first_occurrence_only" time="0.001" /><testcase classname="backend.tests.test_procurement_audit" name="test_link_suggestion_attaches_id" time="0.000" /><testcase classname="backend.tests.test_procurement_audit" name="test_finalize_outcome_closes_record" time="0.001" /><testcase classname="backend.tests.test_procurement_audit" name="test_finalize_outcome_invalid_type_rejected" time="0.000" /><testcase classname="backend.tests.test_procurement_audit" name="test_finalize_outcome_creates_minimal_record_when_missing" time="0.000" /><testcase classname="backend.tests.test_procurement_audit" name="test_tenant_isolation" time="0.000" /><testcase classname="backend.tests.test_procurement_audit" name="test_aggregate_stats_shape_and_rates" time="0.001" /><testcase classname="backend.tests.test_procurement_audit" name="test_list_audit_events_filters" time="0.001" /></testsuite></testsuites>