<?xml version="1.0" encoding="utf-8"?><testsuites name="pytest tests"><testsuite name="pytest" errors="0" failures="0" skipped="0" tests="7" time="3.587" timestamp="2026-04-15T06:38:45.753918+00:00" hostname="agent-env-645618d2-f76c-4908-8d45-020f6c89ad30"><testcase classname="backend.tests.test_reset_data.TestResetDataSecurity" name="test_non_manager_rejected_accountant" time="0.499" /><testcase classname="backend.tests.test_reset_data.TestResetDataSecurity" name="test_non_manager_rejected_cashier" time="0.415" /><testcase classname="backend.tests.test_reset_data.TestResetDataSecurity" name="test_non_manager_rejected_staff" time="0.412" /><testcase classname="backend.tests.test_reset_data.TestResetDataSecurity" name="test_manager_wrong_password_rejected" time="0.857" /><testcase classname="backend.tests.test_reset_data.TestResetDataSecurity" name="test_manager_wrong_confirmation_rejected" time="0.440" /><testcase classname="backend.tests.test_reset_data.TestResetDataSecurity" name="test_manager_empty_password_rejected" time="0.669" /><testcase classname="backend.tests.test_reset_data.TestResetDataSecurity" name="test_unauthenticated_request_rejected" time="0.129" /></testsuite></testsuites>