<?xml version="1.0" encoding="utf-8"?><testsuites name="pytest tests"><testsuite name="pytest" errors="0" failures="0" skipped="0" tests="18" time="3.839" timestamp="2026-03-19T03:48:45.140179+00:00" hostname="agent-env-645618d2-f76c-4908-8d45-020f6c89ad30"><testcase classname="backend.tests.test_bug_fixes_auto_create.TestEmptyDatabaseState" name="test_get_suppliers_returns_empty_array" time="0.481" /><testcase classname="backend.tests.test_bug_fixes_auto_create.TestEmptyDatabaseState" name="test_get_items_returns_empty_array" time="0.061" /><testcase classname="backend.tests.test_bug_fixes_auto_create.TestEmptyDatabaseState" name="test_get_purchases_returns_empty_array" time="0.095" /><testcase classname="backend.tests.test_bug_fixes_auto_create.TestEmptyDatabaseState" name="test_get_sales_returns_empty_array" time="0.099" /><testcase classname="backend.tests.test_bug_fixes_auto_create.TestEmptyDatabaseState" name="test_dashboard_summary_returns_valid_data" time="0.056" /><testcase classname="backend.tests.test_bug_fixes_auto_create.TestEmptyDatabaseState" name="test_reports_monthly_returns_valid_data" time="0.053" /><testcase classname="backend.tests.test_bug_fixes_auto_create.TestEmptyDatabaseState" name="test_create_first_supplier" time="0.111" /><testcase classname="backend.tests.test_bug_fixes_auto_create.TestEmptyDatabaseState" name="test_create_first_item" time="0.108" /><testcase classname="backend.tests.test_bug_fixes_auto_create.TestEmptyDatabaseState" name="test_create_first_purchase" time="0.107" /><testcase classname="backend.tests.test_bug_fixes_auto_create.TestEmptyDatabaseState" name="test_create_first_sale" time="0.101" /><testcase classname="backend.tests.test_bug_fixes_auto_create.TestAutoCreateVendorAndItems" name="test_purchase_creates_new_vendor_automatically" time="0.266" /><testcase classname="backend.tests.test_bug_fixes_auto_create.TestAutoCreateVendorAndItems" name="test_purchase_creates_new_items_automatically" time="0.340" /><testcase classname="backend.tests.test_bug_fixes_auto_create.TestCaseInsensitiveDedup" name="test_vendor_case_insensitive_dedup" time="0.331" /><testcase classname="backend.tests.test_bug_fixes_auto_create.TestCaseInsensitiveDedup" name="test_item_case_insensitive_dedup" time="0.344" /><testcase classname="backend.tests.test_bug_fixes_auto_create.TestRegressionCRUD" name="test_supplier_crud_operations" time="0.271" /><testcase classname="backend.tests.test_bug_fixes_auto_create.TestRegressionCRUD" name="test_item_crud_operations" time="0.265" /><testcase classname="backend.tests.test_bug_fixes_auto_create.TestRegressionCRUD" name="test_purchase_crud_operations" time="0.403" /><testcase classname="backend.tests.test_bug_fixes_auto_create.TestRegressionCRUD" name="test_sales_crud_operations" time="0.257" /></testsuite></testsuites>