<?xml version="1.0" encoding="utf-8"?><testsuites name="pytest tests"><testsuite name="pytest" errors="0" failures="0" skipped="0" tests="17" time="10.140" timestamp="2026-04-03T02:43:55.474365+00:00" hostname="agent-env-645618d2-f76c-4908-8d45-020f6c89ad30"><testcase classname="backend.tests.test_phase6_review_correction.TestPhase6ReviewCorrection" name="test_patch_item_endpoint_exists" time="0.770" /><testcase classname="backend.tests.test_phase6_review_correction.TestPhase6ReviewCorrection" name="test_patch_item_returns_validation_delta" time="0.577" /><testcase classname="backend.tests.test_phase6_review_correction.TestPhase6ReviewCorrection" name="test_patch_item_returns_changes" time="0.581" /><testcase classname="backend.tests.test_phase6_review_correction.TestPhase6ReviewCorrection" name="test_patch_item_returns_edit_entry" time="0.601" /><testcase classname="backend.tests.test_phase6_review_correction.TestPhase6ReviewCorrection" name="test_patch_item_returns_purchase_totals" time="0.594" /><testcase classname="backend.tests.test_phase6_review_correction.TestPhase6ReviewCorrection" name="test_patch_item_no_changes_returns_unchanged" time="0.577" /><testcase classname="backend.tests.test_phase6_review_correction.TestPhase6ReviewCorrection" name="test_patch_item_invalid_index_returns_400" time="0.568" /><testcase classname="backend.tests.test_phase6_review_correction.TestPhase6ReviewCorrection" name="test_patch_item_nonexistent_purchase_returns_404" time="0.481" /><testcase classname="backend.tests.test_phase6_review_correction.TestPhase6ReviewCorrection" name="test_get_edit_history_endpoint" time="0.659" /><testcase classname="backend.tests.test_phase6_review_correction.TestPhase6ReviewCorrection" name="test_get_edit_history_empty_for_new_purchase" time="0.580" /><testcase classname="backend.tests.test_phase6_review_correction.TestPhase6ReviewCorrection" name="test_get_edit_history_nonexistent_purchase_returns_404" time="0.481" /><testcase classname="backend.tests.test_phase6_review_correction.TestPhase6ReviewCorrection" name="test_multiple_edits_tracked_in_history" time="0.746" /><testcase classname="backend.tests.test_phase6_review_correction.TestPhase6ReviewCorrection" name="test_validation_delta_improved_when_fixing_math" time="0.655" /><testcase classname="backend.tests.test_phase6_review_correction.TestPhase6ReviewCorrection" name="test_editable_fields_only" time="0.616" /><testcase classname="backend.tests.test_phase6_review_correction.TestPhase6ReviewCorrection" name="test_review_status_updated_after_edit" time="0.578" /><testcase classname="backend.tests.test_phase6_review_correction.TestExistingPurchaseWithReviewItems" name="test_existing_purchase_exists" time="0.420" /><testcase classname="backend.tests.test_phase6_review_correction.TestExistingPurchaseWithReviewItems" name="test_patch_existing_purchase_item" time="0.477" /></testsuite></testsuites>