<?xml version="1.0" encoding="utf-8"?><testsuites name="pytest tests"><testsuite name="pytest" errors="0" failures="0" skipped="0" tests="19" time="6.755" timestamp="2026-03-14T03:37:04.158217+00:00" hostname="agent-env-645618d2-f76c-4908-8d45-020f6c89ad30"><testcase classname="backend.tests.test_records_library_enhanced.TestDuplicateFileDetection" name="test_duplicate_same_file_name_and_size_returns_409" time="0.768" /><testcase classname="backend.tests.test_records_library_enhanced.TestDuplicateFileDetection" name="test_duplicate_same_content_hash_different_name_returns_409" time="0.393" /><testcase classname="backend.tests.test_records_library_enhanced.TestDuplicateFileDetection" name="test_same_name_different_content_succeeds" time="0.516" /><testcase classname="backend.tests.test_records_library_enhanced.TestDuplicateFileDetection" name="test_duplicate_in_different_folder_succeeds" time="0.500" /><testcase classname="backend.tests.test_records_library_enhanced.TestDuplicateFileErrorMessage" name="test_duplicate_error_contains_filename" time="0.438" /><testcase classname="backend.tests.test_records_library_enhanced.TestRecordsSorting" name="test_sort_by_upload_date_desc" time="0.525" /><testcase classname="backend.tests.test_records_library_enhanced.TestRecordsSorting" name="test_sort_by_upload_date_asc" time="0.137" /><testcase classname="backend.tests.test_records_library_enhanced.TestRecordsSorting" name="test_sort_by_amount_desc" time="0.117" /><testcase classname="backend.tests.test_records_library_enhanced.TestRecordsSorting" name="test_sort_by_amount_asc" time="0.135" /><testcase classname="backend.tests.test_records_library_enhanced.TestRecordsSorting" name="test_sort_by_name_asc" time="0.138" /><testcase classname="backend.tests.test_records_library_enhanced.TestRecordsSorting" name="test_sort_by_name_desc" time="0.155" /><testcase classname="backend.tests.test_records_library_enhanced.TestRecordsSorting" name="test_default_sort_is_upload_date_desc" time="0.526" /><testcase classname="backend.tests.test_records_library_enhanced.TestFileHashStorage" name="test_upload_stores_file_hash" time="0.252" /><testcase classname="backend.tests.test_records_library_enhanced.TestBulkUploadBackend" name="test_multiple_sequential_uploads" time="0.919" /><testcase classname="backend.tests.test_records_library_enhanced.TestPreviousFeaturesRegression" name="test_upload_with_transaction_details" time="0.415" /><testcase classname="backend.tests.test_records_library_enhanced.TestPreviousFeaturesRegression" name="test_file_download_still_works" time="0.383" /><testcase classname="backend.tests.test_records_library_enhanced.TestPreviousFeaturesRegression" name="test_list_with_search_filter" time="0.131" /><testcase classname="backend.tests.test_records_library_enhanced.TestPreviousFeaturesRegression" name="test_list_with_file_type_filter" time="0.136" /><testcase classname="backend.tests.test_records_library_enhanced.TestFinalCleanup" name="test_cleanup_all_test_records" time="0.119" /></testsuite></testsuites>