<?xml version="1.0" encoding="utf-8"?><testsuites name="pytest tests"><testsuite name="pytest" errors="0" failures="0" skipped="0" tests="13" time="6.023" timestamp="2026-04-15T05:41:16.020260+00:00" hostname="agent-env-645618d2-f76c-4908-8d45-020f6c89ad30"><testcase classname="backend.tests.test_user_permissions.TestAuthPermissions" name="test_login_returns_token_and_user" time="0.478" /><testcase classname="backend.tests.test_user_permissions.TestAuthPermissions" name="test_auth_me_returns_permissions_and_data_scope" time="0.381" /><testcase classname="backend.tests.test_user_permissions.TestAuthPermissions" name="test_auth_me_has_all_visibility_permissions" time="0.385" /><testcase classname="backend.tests.test_user_permissions.TestAuthPermissions" name="test_auth_me_has_all_action_permissions" time="0.421" /><testcase classname="backend.tests.test_user_permissions.TestPermissionDefaults" name="test_permissions_defaults_endpoint" time="0.395" /><testcase classname="backend.tests.test_user_permissions.TestUserCreation" name="test_create_user_with_permissions_and_scope" time="0.641" /><testcase classname="backend.tests.test_user_permissions.TestSalesOwnershipAndSoftDelete" name="test_create_sale_has_ownership_fields" time="0.400" /><testcase classname="backend.tests.test_user_permissions.TestSalesOwnershipAndSoftDelete" name="test_delete_sale_performs_soft_delete" time="0.418" /><testcase classname="backend.tests.test_user_permissions.TestSalesOwnershipAndSoftDelete" name="test_get_sales_excludes_soft_deleted" time="0.549" /><testcase classname="backend.tests.test_user_permissions.TestOtherExpensesOwnershipAndSoftDelete" name="test_create_other_expense_has_ownership_fields" time="0.474" /><testcase classname="backend.tests.test_user_permissions.TestOtherExpensesOwnershipAndSoftDelete" name="test_delete_other_expense_performs_soft_delete" time="0.415" /><testcase classname="backend.tests.test_user_permissions.TestDashboardSummary" name="test_dashboard_summary_with_month_zero" time="0.438" /><testcase classname="backend.tests.test_user_permissions.TestDashboardSummary" name="test_dashboard_summary_without_month_filter" time="0.420" /></testsuite></testsuites>