<?xml version="1.0" encoding="utf-8"?><testsuites name="pytest tests"><testsuite name="pytest" errors="0" failures="0" skipped="0" tests="12" time="5.627" timestamp="2026-03-23T04:32:45.712991+00:00" hostname="agent-env-645618d2-f76c-4908-8d45-020f6c89ad30"><testcase classname="backend.tests.test_dashboard_enhancements.TestDashboardEnhancements" name="test_dashboard_summary_returns_200" time="0.513" /><testcase classname="backend.tests.test_dashboard_enhancements.TestDashboardEnhancements" name="test_dashboard_summary_has_last_data_update" time="0.452" /><testcase classname="backend.tests.test_dashboard_enhancements.TestDashboardEnhancements" name="test_dashboard_summary_has_purchase_count" time="0.478" /><testcase classname="backend.tests.test_dashboard_enhancements.TestDashboardEnhancements" name="test_dashboard_summary_has_best_opportunities" time="0.462" /><testcase classname="backend.tests.test_dashboard_enhancements.TestDashboardEnhancements" name="test_best_opportunities_max_two_items" time="0.489" /><testcase classname="backend.tests.test_dashboard_enhancements.TestDashboardEnhancements" name="test_best_opportunities_types" time="0.458" /><testcase classname="backend.tests.test_dashboard_enhancements.TestDashboardEnhancements" name="test_saving_opportunity_structure" time="0.438" /><testcase classname="backend.tests.test_dashboard_enhancements.TestDashboardEnhancements" name="test_risk_opportunity_structure" time="0.449" /><testcase classname="backend.tests.test_dashboard_enhancements.TestDashboardEnhancements" name="test_dashboard_summary_requires_auth" time="0.420" /><testcase classname="backend.tests.test_dashboard_enhancements.TestDashboardEnhancements" name="test_purchase_count_matches_purchases_list" time="0.533" /><testcase classname="backend.tests.test_dashboard_enhancements.TestDashboardEnhancements" name="test_smart_alerts_present" time="0.444" /><testcase classname="backend.tests.test_dashboard_enhancements.TestDashboardEnhancements" name="test_spending_totals_present" time="0.428" /></testsuite></testsuites>