<?xml version="1.0" encoding="utf-8"?><testsuites name="pytest tests"><testsuite name="pytest" errors="0" failures="0" skipped="0" tests="19" time="3.832" timestamp="2026-03-14T03:27:17.314407+00:00" hostname="agent-env-645618d2-f76c-4908-8d45-020f6c89ad30"><testcase classname="backend.tests.test_records_library.TestRecordsLibraryUpload" name="test_upload_sales_file" time="0.609" /><testcase classname="backend.tests.test_records_library.TestRecordsLibraryUpload" name="test_upload_expense_file" time="0.159" /><testcase classname="backend.tests.test_records_library.TestRecordsLibraryUpload" name="test_upload_invalid_folder" time="0.156" /><testcase classname="backend.tests.test_records_library.TestRecordsLibraryList" name="test_list_all_records" time="0.133" /><testcase classname="backend.tests.test_records_library.TestRecordsLibraryList" name="test_list_sales_folder" time="0.138" /><testcase classname="backend.tests.test_records_library.TestRecordsLibraryList" name="test_list_expenses_folder" time="0.159" /><testcase classname="backend.tests.test_records_library.TestRecordsLibraryList" name="test_search_by_filename" time="0.170" /><testcase classname="backend.tests.test_records_library.TestRecordsLibraryList" name="test_filter_by_date_range" time="0.153" /><testcase classname="backend.tests.test_records_library.TestRecordsLibraryList" name="test_filter_by_image_type" time="0.145" /><testcase classname="backend.tests.test_records_library.TestRecordsLibraryList" name="test_filter_by_pdf_type" time="0.124" /><testcase classname="backend.tests.test_records_library.TestRecordsLibraryGetRecord" name="test_get_record_details" time="0.128" /><testcase classname="backend.tests.test_records_library.TestRecordsLibraryGetRecord" name="test_get_nonexistent_record" time="0.163" /><testcase classname="backend.tests.test_records_library.TestRecordsLibraryServeFile" name="test_serve_file_content" time="0.156" /><testcase classname="backend.tests.test_records_library.TestRecordsLibraryServeFile" name="test_serve_nonexistent_file" time="0.147" /><testcase classname="backend.tests.test_records_library.TestRecordsLibraryDelete" name="test_delete_record" time="0.389" /><testcase classname="backend.tests.test_records_library.TestRecordsLibraryDelete" name="test_delete_nonexistent_record" time="0.129" /><testcase classname="backend.tests.test_records_library.TestRecordsLibraryCleanup" name="test_cleanup_test_records" time="0.405" /><testcase classname="backend.tests.test_records_library.TestSeededRecordsData" name="test_seeded_sales_file_exists" time="0.127" /><testcase classname="backend.tests.test_records_library.TestSeededRecordsData" name="test_seeded_expense_files_exist" time="0.129" /></testsuite></testsuites>