<?xml version="1.0" encoding="utf-8"?><testsuites name="pytest tests"><testsuite name="pytest" errors="0" failures="0" skipped="1" tests="77" time="14.994" timestamp="2026-04-22T05:35:58.095510+00:00" hostname="agent-env-645618d2-f76c-4908-8d45-020f6c89ad30"><testcase classname="backend.tests.test_procurement_audit" name="test_record_generated_creates_one_record" time="0.001" /><testcase classname="backend.tests.test_procurement_audit" name="test_record_generated_is_idempotent_same_rec_type" time="0.001" /><testcase classname="backend.tests.test_procurement_audit" name="test_different_rec_type_creates_second_record" time="0.000" /><testcase classname="backend.tests.test_procurement_audit" name="test_record_interaction_stamps_first_occurrence_only" time="0.001" /><testcase classname="backend.tests.test_procurement_audit" name="test_link_suggestion_attaches_id" time="0.000" /><testcase classname="backend.tests.test_procurement_audit" name="test_finalize_outcome_closes_record" time="0.001" /><testcase classname="backend.tests.test_procurement_audit" name="test_finalize_outcome_invalid_type_rejected" time="0.000" /><testcase classname="backend.tests.test_procurement_audit" name="test_finalize_outcome_creates_minimal_record_when_missing" time="0.000" /><testcase classname="backend.tests.test_procurement_audit" name="test_tenant_isolation" time="0.000" /><testcase classname="backend.tests.test_procurement_audit" name="test_aggregate_stats_shape_and_rates" time="0.001" /><testcase classname="backend.tests.test_procurement_audit" name="test_list_audit_events_filters" time="0.001" /><testcase classname="backend.tests.test_procurement_audit_api.TestAuditAuth" name="test_events_requires_auth" time="0.241" /><testcase classname="backend.tests.test_procurement_audit_api.TestAuditAuth" name="test_stats_requires_auth" time="0.143" /><testcase classname="backend.tests.test_procurement_audit_api.TestAuditFilterValidation" name="test_invalid_status_400" time="0.454" /><testcase classname="backend.tests.test_procurement_audit_api.TestAuditFilterValidation" name="test_invalid_recommendation_type_400" time="0.106" /><testcase classname="backend.tests.test_procurement_audit_api.TestAuditFilterValidation" name="test_invalid_outcome_type_400" time="0.103" /><testcase classname="backend.tests.test_procurement_audit_api.TestAuditFilterValidation" name="test_invalid_confidence_level_400" time="0.106" /><testcase classname="backend.tests.test_procurement_audit_api.TestAuditFilterValidation" name="test_valid_filters_ok" time="1.442" /><testcase classname="backend.tests.test_procurement_audit_api.TestRecommendationsHookAndPerf" name="test_recommendations_under_5s_and_creates_audit" time="0.219" /><testcase classname="backend.tests.test_procurement_audit_api.TestRecommendationsHookAndPerf" name="test_idempotent_no_duplicate_open_records" time="0.471" /><testcase classname="backend.tests.test_procurement_audit_api.TestAuditStatsShape" name="test_stats_shape" time="0.209" /><testcase classname="backend.tests.test_procurement_audit_api.TestAuditLifecycle" name="test_full_lifecycle" time="1.298" /><testcase classname="backend.tests.test_procurement_audit_api.TestAuditTenantIsolation" name="test_iso_tenant_does_not_see_demo_records" time="0.929" /><testcase classname="backend.tests.test_procurement_audit_api.TestAuditTenantIsolation" name="test_iso_stats_independent" time="0.249" /><testcase classname="backend.tests.test_procurement_inbox_outcome.TestListAndBreakdown" name="test_list_includes_breakdown_keys" time="0.499" /><testcase classname="backend.tests.test_procurement_inbox_outcome.TestListAndBreakdown" name="test_status_filter_only_returns_matching_status" time="0.273" /><testcase classname="backend.tests.test_procurement_inbox_outcome.TestListAndBreakdown" name="test_breakdown_stays_total_across_filters" time="0.221" /><testcase classname="backend.tests.test_procurement_inbox_outcome.TestOutcomePatch" name="test_acted_on_updates_doc" time="0.323" /><testcase classname="backend.tests.test_procurement_inbox_outcome.TestOutcomePatch" name="test_not_pursued_with_note_persists" time="0.227" /><testcase classname="backend.tests.test_procurement_inbox_outcome.TestOutcomePatch" name="test_not_pursued_empty_note_allowed" time="0.228" /><testcase classname="backend.tests.test_procurement_inbox_outcome.TestOutcomePatch" name="test_invalid_outcome_type_returns_400" time="0.519" /><testcase classname="backend.tests.test_procurement_inbox_outcome.TestOutcomePatch" name="test_unknown_id_returns_404" time="0.115" /><testcase classname="backend.tests.test_procurement_inbox_outcome.TestOutcomePatch" name="test_multi_tenant_isolation_returns_404" time="0.658" /><testcase classname="backend.tests.test_procurement_inbox_outcome.TestOutcomePatch" name="test_unauth_returns_401" time="0.103" /><testcase classname="backend.tests.test_orders_api" name="test_orders_requires_auth" time="0.116" /><testcase classname="backend.tests.test_orders_api" name="test_orders_post_requires_auth" time="0.100" /><testcase classname="backend.tests.test_orders_api" name="test_list_orders_shape" time="0.463" /><testcase classname="backend.tests.test_orders_api" name="test_create_order_valid_item" time="0.648" /><testcase classname="backend.tests.test_orders_api" name="test_create_order_bogus_item_id_returns_400" time="0.117" /><testcase classname="backend.tests.test_orders_api" name="test_create_order_invalid_status_executed" time="0.105" /><testcase classname="backend.tests.test_orders_api" name="test_create_order_invalid_status_random" time="0.117" /><testcase classname="backend.tests.test_orders_api" name="test_create_order_submitted_ok" time="0.220" /><testcase classname="backend.tests.test_orders_api" name="test_delete_nonexistent_order" time="0.121" /><testcase classname="backend.tests.test_orders_api" name="test_procurement_recommendations_still_works" time="0.108" /><testcase classname="backend.tests.test_orders_api" name="test_price_intelligence_endpoint_still_works" time="0.107" /><testcase classname="backend.tests.test_orders_api" name="test_procurement_suggestions_list_still_works" time="0.394" /><testcase classname="backend.tests.test_procurement_api" name="test_list_recommendations_structure" time="0.435" /><testcase classname="backend.tests.test_procurement_api" name="test_list_sort_order" time="0.120" /><testcase classname="backend.tests.test_procurement_api" name="test_only_actionable_filter" time="0.112" /><testcase classname="backend.tests.test_procurement_api" name="test_single_product_recommendation" time="0.108" /><testcase classname="backend.tests.test_procurement_api" name="test_single_product_404_for_unknown" time="0.103" /><testcase classname="backend.tests.test_procurement_api" name="test_ground_beef_guardrail_forces_monitor_only" time="0.103"><skipped type="pytest.skip" message="Ground Beef has no observations in this env">/app/backend/tests/test_procurement_api.py:152: Ground Beef has no observations in this env</skipped></testcase><testcase classname="backend.tests.test_procurement_api" name="test_canonical_unit_query_param" time="0.110" /><testcase classname="backend.tests.test_procurement_api" name="test_target_price_lifecycle" time="0.455" /><testcase classname="backend.tests.test_procurement_api" name="test_target_price_rejects_zero" time="0.101" /><testcase classname="backend.tests.test_procurement_api" name="test_target_price_rejects_negative" time="0.105" /><testcase classname="backend.tests.test_procurement_api" name="test_target_price_404_for_unknown" time="0.103" /><testcase classname="backend.tests.test_procurement_api" name="test_reason_summary_language" time="0.119" /><testcase classname="backend.tests.test_procurement_api" name="test_multitenant_isolation" time="0.739" /><testcase classname="backend.tests.test_procurement_api" name="test_unauthenticated_request_rejected" time="0.104" /><testcase classname="backend.tests.test_procurement_decisions" name="test_guardrail_insufficient_observations_returns_monitor_only" time="0.001" /><testcase classname="backend.tests.test_procurement_decisions" name="test_guardrail_low_insight_confidence_returns_monitor_only" time="0.000" /><testcase classname="backend.tests.test_procurement_decisions" name="test_guardrail_weak_identity_returns_monitor_only" time="0.000" /><testcase classname="backend.tests.test_procurement_decisions" name="test_guardrail_weak_unit_returns_monitor_only" time="0.000" /><testcase classname="backend.tests.test_procurement_decisions" name="test_switch_vendor_when_alt_is_cheaper_and_has_evidence" time="0.000" /><testcase classname="backend.tests.test_procurement_decisions" name="test_switch_vendor_not_triggered_when_alt_is_stale" time="0.000" /><testcase classname="backend.tests.test_procurement_decisions" name="test_renegotiate_when_above_ma_and_no_alternative" time="0.000" /><testcase classname="backend.tests.test_procurement_decisions" name="test_renegotiate_when_above_target_but_no_alternative" time="0.000" /><testcase classname="backend.tests.test_procurement_decisions" name="test_no_action_when_within_tolerance" time="0.000" /><testcase classname="backend.tests.test_procurement_decisions" name="test_monitor_only_when_signals_ambiguous" time="0.000" /><testcase classname="backend.tests.test_procurement_decisions" name="test_risk_level_scales_with_evidence" time="0.000" /><testcase classname="backend.tests.test_procurement_decisions" name="test_risk_level_medium_when_thin_alt_evidence" time="0.000" /><testcase classname="backend.tests.test_procurement_decisions" name="test_monitor_only_is_flagged_high_risk_to_act_on" time="0.000" /><testcase classname="backend.tests.test_procurement_decisions" name="test_decision_confidence_is_bounded_and_derated_for_monitor" time="0.000" /><testcase classname="backend.tests.test_procurement_decisions" name="test_output_model_has_required_fields" time="0.000" /><testcase classname="backend.tests.test_procurement_decisions" name="test_reason_summary_uses_probabilistic_language" time="0.000" /><testcase classname="backend.tests.test_procurement_decisions" name="test_evidence_is_non_empty_for_actionable" time="0.000" /></testsuite></testsuites>