<?xml version="1.0" encoding="utf-8"?><testsuites name="pytest tests"><testsuite name="pytest" errors="0" failures="0" skipped="0" tests="6" time="12.976" timestamp="2026-04-16T03:11:32.924802+00:00" hostname="agent-env-645618d2-f76c-4908-8d45-020f6c89ad30"><testcase classname="backend.tests.test_password_reset.TestForgotPasswordEndpoint" name="test_manager_email_returns_generic_success" time="0.245" /><testcase classname="backend.tests.test_password_reset.TestForgotPasswordEndpoint" name="test_cashier_email_returns_same_generic_message" time="1.255" /><testcase classname="backend.tests.test_password_reset.TestForgotPasswordEndpoint" name="test_unknown_email_returns_same_generic_message" time="1.190" /><testcase classname="backend.tests.test_password_reset.TestVerifyResetToken" name="test_invalid_token_returns_valid_false" time="0.201" /><testcase classname="backend.tests.test_password_reset.TestFullPasswordResetFlow" name="test_full_password_reset_flow" time="5.202" /><testcase classname="backend.tests.test_password_reset.TestRateLimiting" name="test_rate_limiting_after_3_requests" time="4.820" /></testsuite></testsuites>