<?xml version="1.0" encoding="utf-8"?><testsuites name="pytest tests"><testsuite name="pytest" errors="0" failures="0" skipped="0" tests="23" time="10.830" timestamp="2026-03-15T04:01:17.973743+00:00" hostname="agent-env-645618d2-f76c-4908-8d45-020f6c89ad30"><testcase classname="backend.tests.test_user_management.TestUserManagement" name="test_list_users_success" time="0.635" /><testcase classname="backend.tests.test_user_management.TestUserManagement" name="test_list_users_requires_auth" time="0.120" /><testcase classname="backend.tests.test_user_management.TestUserManagement" name="test_create_user_manager_role" time="0.480" /><testcase classname="backend.tests.test_user_management.TestUserManagement" name="test_create_user_accountant_role" time="0.495" /><testcase classname="backend.tests.test_user_management.TestUserManagement" name="test_create_user_cashier_role" time="0.434" /><testcase classname="backend.tests.test_user_management.TestUserManagement" name="test_create_user_staff_role" time="0.448" /><testcase classname="backend.tests.test_user_management.TestUserManagement" name="test_create_user_duplicate_email" time="0.134" /><testcase classname="backend.tests.test_user_management.TestUserManagement" name="test_create_user_short_password" time="0.109" /><testcase classname="backend.tests.test_user_management.TestUserManagement" name="test_create_user_invalid_role" time="0.110" /><testcase classname="backend.tests.test_user_management.TestUserManagement" name="test_update_user_name_email" time="0.610" /><testcase classname="backend.tests.test_user_management.TestUserManagement" name="test_update_user_password" time="1.157" /><testcase classname="backend.tests.test_user_management.TestUserManagement" name="test_update_user_role" time="0.595" /><testcase classname="backend.tests.test_user_management.TestUserManagement" name="test_update_user_status_deactivate" time="0.562" /><testcase classname="backend.tests.test_user_management.TestUserManagement" name="test_deactivated_user_cannot_login" time="0.884" /><testcase classname="backend.tests.test_user_management.TestUserManagement" name="test_reactivated_user_can_login" time="1.038" /><testcase classname="backend.tests.test_user_management.TestUserManagement" name="test_update_user_duplicate_email" time="0.592" /><testcase classname="backend.tests.test_user_management.TestUserManagement" name="test_cannot_deactivate_self" time="0.110" /><testcase classname="backend.tests.test_user_management.TestUserManagement" name="test_cannot_delete_self" time="0.112" /><testcase classname="backend.tests.test_user_management.TestUserManagement" name="test_cannot_change_own_role" time="0.128" /><testcase classname="backend.tests.test_user_management.TestUserManagement" name="test_delete_user" time="0.619" /><testcase classname="backend.tests.test_user_management.TestUserManagement" name="test_delete_nonexistent_user" time="0.102" /><testcase classname="backend.tests.test_user_management.TestUserManagement" name="test_auth_me_returns_role" time="0.107" /><testcase classname="backend.tests.test_user_management.TestUserManagement" name="test_non_manager_cannot_access_users" time="1.116" /></testsuite></testsuites>