<?xml version="1.0" encoding="utf-8"?><testsuites name="pytest tests"><testsuite name="pytest" errors="0" failures="0" skipped="0" tests="12" time="7.885" timestamp="2026-04-01T04:57:38.194322+00:00" hostname="agent-env-645618d2-f76c-4908-8d45-020f6c89ad30"><testcase classname="backend.tests.test_correction_memory_ui.TestCorrectionMemoryAPI" name="test_get_vendors_with_corrections" time="1.337" /><testcase classname="backend.tests.test_correction_memory_ui.TestCorrectionMemoryAPI" name="test_get_corrections_by_vendor" time="0.508" /><testcase classname="backend.tests.test_correction_memory_ui.TestCorrectionMemoryAPI" name="test_toggle_correction_disable" time="0.636" /><testcase classname="backend.tests.test_correction_memory_ui.TestCorrectionMemoryAPI" name="test_toggle_correction_enable" time="0.574" /><testcase classname="backend.tests.test_correction_memory_ui.TestCorrectionMemoryAPI" name="test_edit_correction_name" time="0.567" /><testcase classname="backend.tests.test_correction_memory_ui.TestCorrectionMemoryAPI" name="test_edit_correction_specs" time="0.765" /><testcase classname="backend.tests.test_correction_memory_ui.TestCorrectionMemoryAPI" name="test_edit_correction_no_fields_returns_400" time="0.544" /><testcase classname="backend.tests.test_correction_memory_ui.TestCorrectionMemoryAPI" name="test_disabled_corrections_excluded_from_hints" time="0.701" /><testcase classname="backend.tests.test_correction_memory_ui.TestCorrectionMemoryAPI" name="test_delete_correction_not_found" time="0.453" /><testcase classname="backend.tests.test_correction_memory_ui.TestCorrectionMemoryAPI" name="test_toggle_correction_not_found" time="0.467" /><testcase classname="backend.tests.test_correction_memory_ui.TestCorrectionMemoryAPI" name="test_edit_correction_not_found" time="0.458" /><testcase classname="backend.tests.test_correction_memory_ui.TestCorrectionMemoryAPI" name="test_vendor_enabled_count_updates" time="0.685" /></testsuite></testsuites>