<?xml version="1.0" encoding="utf-8"?><testsuites name="pytest tests"><testsuite name="pytest" errors="0" failures="0" skipped="0" tests="7" time="7.337" timestamp="2026-03-25T04:58:20.879898+00:00" hostname="agent-env-645618d2-f76c-4908-8d45-020f6c89ad30"><testcase classname="backend.tests.test_dashboard_filters.TestDashboardFilters" name="test_dashboard_summary_default_params" time="0.997" /><testcase classname="backend.tests.test_dashboard_filters.TestDashboardFilters" name="test_dashboard_summary_specific_month" time="0.616" /><testcase classname="backend.tests.test_dashboard_filters.TestDashboardFilters" name="test_dashboard_summary_all_months" time="0.749" /><testcase classname="backend.tests.test_dashboard_filters.TestDashboardFilters" name="test_dashboard_summary_january_prev_is_december" time="0.428" /><testcase classname="backend.tests.test_dashboard_filters.TestDashboardFilters" name="test_dashboard_summary_year_range" time="0.857" /><testcase classname="backend.tests.test_dashboard_filters.TestDashboardFilters" name="test_dashboard_summary_all_months_values" time="1.656" /><testcase classname="backend.tests.test_dashboard_filters.TestDashboardFilters" name="test_dashboard_summary_data_consistency" time="1.748" /></testsuite></testsuites>