<?xml version="1.0" encoding="utf-8"?><testsuites name="pytest tests"><testsuite name="pytest" errors="0" failures="0" skipped="0" tests="13" time="15.243" timestamp="2026-03-26T02:17:21.501616+00:00" hostname="agent-env-645618d2-f76c-4908-8d45-020f6c89ad30"><testcase classname="tests.test_receipt_ocr_system.TestUploadExtractEndpoint" name="test_extract_requires_auth" time="0.633" /><testcase classname="tests.test_receipt_ocr_system.TestUploadExtractEndpoint" name="test_extract_returns_expected_fields" time="6.673" /><testcase classname="tests.test_receipt_ocr_system.TestUploadExtractEndpoint" name="test_extract_stores_receipt_record" time="2.751" /><testcase classname="tests.test_receipt_ocr_system.TestReceiptsLearnEndpoint" name="test_learn_requires_auth" time="0.139" /><testcase classname="tests.test_receipt_ocr_system.TestReceiptsLearnEndpoint" name="test_learn_requires_vendor_name" time="0.142" /><testcase classname="tests.test_receipt_ocr_system.TestReceiptsLearnEndpoint" name="test_learn_saves_vendor_pattern" time="0.241" /><testcase classname="tests.test_receipt_ocr_system.TestReceiptsLearnEndpoint" name="test_learn_merges_with_existing_pattern" time="0.331" /><testcase classname="tests.test_receipt_ocr_system.TestVendorPatternsEndpoint" name="test_vendor_patterns_requires_auth" time="0.118" /><testcase classname="tests.test_receipt_ocr_system.TestVendorPatternsEndpoint" name="test_vendor_patterns_returns_list" time="0.106" /><testcase classname="tests.test_receipt_ocr_system.TestReceiptsEndpoint" name="test_receipts_requires_auth" time="0.215" /><testcase classname="tests.test_receipt_ocr_system.TestReceiptsEndpoint" name="test_receipts_returns_list" time="0.130" /><testcase classname="tests.test_receipt_ocr_system.TestVendorPatternMatching" name="test_second_extraction_uses_vendor_pattern" time="0.204" /><testcase classname="tests.test_receipt_ocr_system.TestExtractionDataStructure" name="test_extraction_data_has_items_array" time="3.331" /></testsuite></testsuites>