<?xml version="1.0" encoding="utf-8"?><testsuites name="pytest tests"><testsuite name="pytest" errors="0" failures="0" skipped="1" tests="10" time="5.876" timestamp="2026-04-01T03:46:15.449152+00:00" hostname="agent-env-645618d2-f76c-4908-8d45-020f6c89ad30"><testcase classname="backend.tests.test_pricing_mode_detection.TestPricingModeDetection" name="test_case_price_detection_simple_math_passes" time="0.785" /><testcase classname="backend.tests.test_pricing_mode_detection.TestPricingModeDetection" name="test_weight_based_detection_simple_math_fails" time="0.570" /><testcase classname="backend.tests.test_pricing_mode_detection.TestPricingModeDetection" name="test_non_weight_items_no_price_per_lb" time="0.561" /><testcase classname="backend.tests.test_pricing_mode_detection.TestPricingModeDetection" name="test_case_price_derived_correctly" time="0.533" /><testcase classname="backend.tests.test_pricing_mode_detection.TestPricingModeDetection" name="test_pricing_mode_field_present_on_all_items" time="0.611" /><testcase classname="backend.tests.test_pricing_mode_detection.TestPricingModeDetection" name="test_put_recomputes_pricing_mode_and_nplb" time="0.639" /><testcase classname="backend.tests.test_pricing_mode_detection.TestPackSizeParsing" name="test_parse_25_lb_format" time="0.551" /><testcase classname="backend.tests.test_pricing_mode_detection.TestPackSizeParsing" name="test_parse_various_pack_formats" time="0.588" /><testcase classname="backend.tests.test_pricing_mode_detection.TestPerformanceFoodserviceInvoices" name="test_performance_foodservice_invoices_are_case_price" time="0.430"><skipped type="pytest.skip" message="No Performance Foodservice invoices found">/app/backend/tests/test_pricing_mode_detection.py:443: No Performance Foodservice invoices found</skipped></testcase><testcase classname="backend.tests.test_pricing_mode_detection.TestWeightMathTestInvoice" name="test_weight_math_test_invoice_items_trusted" time="0.444" /></testsuite></testsuites>