<?xml version="1.0" encoding="utf-8"?><testsuites name="pytest tests"><testsuite name="pytest" errors="0" failures="0" skipped="0" tests="23" time="1.391" timestamp="2026-04-01T03:01:32.495310+00:00" hostname="agent-env-645618d2-f76c-4908-8d45-020f6c89ad30"><testcase classname="tests.test_weight_based_calculations.TestParsePackSizeNxNFormats" name="test_1x30_parses_to_30LB" time="0.001" /><testcase classname="tests.test_weight_based_calculations.TestParsePackSizeNxNFormats" name="test_1x30LB_parses_to_30LB" time="0.000" /><testcase classname="tests.test_weight_based_calculations.TestParsePackSizeNxNFormats" name="test_12x1LB_parses_to_12LB" time="0.000" /><testcase classname="tests.test_weight_based_calculations.TestParsePackSizeNxNFormats" name="test_1x10LB_parses_to_10LB" time="0.000" /><testcase classname="tests.test_weight_based_calculations.TestParsePackSizeNxNFormats" name="test_uppercase_X_separator" time="0.000" /><testcase classname="tests.test_weight_based_calculations.TestParsePackSizeNxNFormats" name="test_1x30_space_LB" time="0.000" /><testcase classname="tests.test_weight_based_calculations.TestParsePackSizeNxNFormats" name="test_2x5LB_parses_to_10LB" time="0.000" /><testcase classname="tests.test_weight_based_calculations.TestWeightBasedValidation" name="test_weight_based_trusted_1x30LB" time="0.000" /><testcase classname="tests.test_weight_based_calculations.TestWeightBasedValidation" name="test_weight_based_trusted_1x10LB" time="0.000" /><testcase classname="tests.test_weight_based_calculations.TestWeightBasedValidation" name="test_previously_false_mismatch_now_trusted" time="0.000" /><testcase classname="tests.test_weight_based_calculations.TestWeightBasedValidation" name="test_non_weight_item_simple_math" time="0.000" /><testcase classname="tests.test_weight_based_calculations.TestWeightBasedValidation" name="test_non_weight_item_EA" time="0.000" /><testcase classname="tests.test_weight_based_calculations.TestCaseWeightAutoFill" name="test_case_wt_from_1x30LB" time="0.000" /><testcase classname="tests.test_weight_based_calculations.TestCaseWeightAutoFill" name="test_case_wt_from_12x1LB" time="0.002" /><testcase classname="tests.test_weight_based_calculations.TestCaseWeightAutoFill" name="test_case_wt_from_2x5LB" time="0.000" /><testcase classname="tests.test_weight_based_calculations.TestPricePerLBCalculation" name="test_price_per_lb_equals_unit_price" time="0.000" /><testcase classname="tests.test_weight_based_calculations.TestPricePerLBCalculation" name="test_price_per_lb_computed_from_total" time="0.000" /><testcase classname="tests.test_weight_based_calculations.TestWeightBasedSuggestions" name="test_suggestion_uses_weight_based_math" time="0.000" /><testcase classname="tests.test_weight_based_calculations.TestWeightBasedSuggestions" name="test_suggestion_computes_price_per_lb" time="0.000" /><testcase classname="tests.test_weight_based_calculations.TestComputeReviewStatus" name="test_weight_based_items_clean_status" time="0.000" /><testcase classname="tests.test_weight_based_calculations.TestComputeReviewStatus" name="test_weight_based_items_error_status" time="0.000" /><testcase classname="tests.test_weight_based_calculations.TestAPIWeightBasedPurchases" name="test_post_purchase_weight_based_clean" time="0.713" /><testcase classname="tests.test_weight_based_calculations.TestAPIWeightBasedPurchases" name="test_get_existing_weight_math_test_invoice" time="0.446" /></testsuite></testsuites>