<?xml version="1.0" encoding="utf-8"?><testsuites name="pytest tests"><testsuite name="pytest" errors="0" failures="0" skipped="0" tests="10" time="12.435" timestamp="2026-03-26T03:35:53.011119+00:00" hostname="agent-env-645618d2-f76c-4908-8d45-020f6c89ad30"><testcase classname="backend.tests.test_other_expenses_ocr.TestOtherExpensesAPI" name="test_get_other_expenses_requires_auth" time="0.245" /><testcase classname="backend.tests.test_other_expenses_ocr.TestOtherExpensesAPI" name="test_get_other_expenses_returns_list" time="0.555" /><testcase classname="backend.tests.test_other_expenses_ocr.TestOtherExpensesAPI" name="test_create_other_expense_with_new_category" time="0.878" /><testcase classname="backend.tests.test_other_expenses_ocr.TestOtherExpensesAPI" name="test_get_other_expenses_filter_by_category" time="0.241" /><testcase classname="backend.tests.test_other_expenses_ocr.TestOtherExpensesAPI" name="test_update_other_expense" time="0.238" /><testcase classname="backend.tests.test_other_expenses_ocr.TestOtherExpensesAPI" name="test_delete_other_expense" time="0.373" /><testcase classname="backend.tests.test_other_expenses_ocr.TestOtherExpenseOCRExtraction" name="test_extract_requires_auth" time="0.106" /><testcase classname="backend.tests.test_other_expenses_ocr.TestOtherExpenseOCRExtraction" name="test_extract_other_expense_returns_expected_fields" time="6.338" /><testcase classname="backend.tests.test_other_expenses_ocr.TestOtherExpenseOCRExtraction" name="test_extract_returns_receipt_id_and_parsing_method" time="2.159" /><testcase classname="backend.tests.test_other_expenses_ocr.TestCleanup" name="test_cleanup_test_expenses" time="1.074" /></testsuite></testsuites>