<?xml version="1.0" encoding="utf-8"?><testsuites name="pytest tests"><testsuite name="pytest" errors="0" failures="0" skipped="0" tests="21" time="33.230" timestamp="2026-03-29T03:05:01.294984+00:00" hostname="agent-env-645618d2-f76c-4908-8d45-020f6c89ad30"><testcase classname="tests.test_multipage_extraction.TestPreprocessingModule" name="test_preprocess_image_basic" time="0.126" /><testcase classname="tests.test_multipage_extraction.TestPreprocessingModule" name="test_preprocess_image_fallback_on_error" time="0.110" /><testcase classname="tests.test_multipage_extraction.TestPreprocessingModule" name="test_default_classifications_single_page" time="0.000" /><testcase classname="tests.test_multipage_extraction.TestPreprocessingModule" name="test_default_classifications_two_pages" time="0.000" /><testcase classname="tests.test_multipage_extraction.TestPreprocessingModule" name="test_default_classifications_three_pages" time="0.000" /><testcase classname="tests.test_multipage_extraction.TestPreprocessingModule" name="test_default_classifications_five_pages" time="0.000" /><testcase classname="tests.test_multipage_extraction.TestPreprocessingModule" name="test_build_page_aware_prompt" time="0.000" /><testcase classname="tests.test_multipage_extraction.TestPreprocessingModule" name="test_build_page_aware_prompt_with_vendor_hint" time="0.000" /><testcase classname="tests.test_multipage_extraction.TestPreprocessingModule" name="test_merge_extractions_vendor_priority" time="0.000" /><testcase classname="tests.test_multipage_extraction.TestPreprocessingModule" name="test_merge_extractions_totals_priority" time="0.000" /><testcase classname="tests.test_multipage_extraction.TestPreprocessingModule" name="test_merge_extractions_item_dedup" time="0.000" /><testcase classname="tests.test_multipage_extraction.TestPreprocessingModule" name="test_merge_extractions_skips_terms_page" time="0.000" /><testcase classname="tests.test_multipage_extraction.TestExtractEndpointSinglePage" name="test_single_image_purchase_invoice" time="7.195" /><testcase classname="tests.test_multipage_extraction.TestExtractEndpointSinglePage" name="test_single_image_sales_report" time="2.658" /><testcase classname="tests.test_multipage_extraction.TestExtractEndpointSinglePage" name="test_single_image_other_expense" time="2.371" /><testcase classname="tests.test_multipage_extraction.TestExtractEndpointMultiPage" name="test_three_page_purchase_invoice" time="6.617" /><testcase classname="tests.test_multipage_extraction.TestExtractEndpointMultiPage" name="test_two_page_purchase_invoice_with_overlap" time="4.494" /><testcase classname="tests.test_multipage_extraction.TestExtractEndpointMultiPage" name="test_multipage_sales_report_no_classification" time="2.063" /><testcase classname="tests.test_multipage_extraction.TestPreprocessingIntegration" name="test_preprocessing_logged" time="2.047" /><testcase classname="tests.test_multipage_extraction.TestPageClassificationTypes" name="test_page_types_are_valid" time="5.080" /><testcase classname="tests.test_multipage_extraction.TestBackendHealth" name="test_auth_login" time="0.370" /></testsuite></testsuites>