<?xml version="1.0" encoding="utf-8"?><testsuites name="pytest tests"><testsuite name="pytest" errors="0" failures="0" skipped="0" tests="8" time="4.459" timestamp="2026-03-12T03:35:41.568676+00:00" hostname="agent-env-645618d2-f76c-4908-8d45-020f6c89ad30"><testcase classname="backend.tests.test_price_history.TestPriceHistory" name="test_get_items_list" time="0.530" /><testcase classname="backend.tests.test_price_history.TestPriceHistory" name="test_price_history_for_beef_with_aliases" time="0.612" /><testcase classname="backend.tests.test_price_history.TestPriceHistory" name="test_price_history_for_salmon_with_aliases" time="0.585" /><testcase classname="backend.tests.test_price_history.TestPriceHistory" name="test_price_history_trend_sorted_by_date" time="0.627" /><testcase classname="backend.tests.test_price_history.TestPriceHistory" name="test_price_history_records_structure" time="0.542" /><testcase classname="backend.tests.test_price_history.TestPriceHistory" name="test_price_history_not_found_item" time="0.442" /><testcase classname="backend.tests.test_price_history.TestPriceHistory" name="test_price_history_summary_vendors_list" time="0.572" /><testcase classname="backend.tests.test_price_history.TestPriceHistory" name="test_price_history_unauthorized" time="0.430" /></testsuite></testsuites>