<?xml version="1.0" encoding="utf-8"?><testsuites name="pytest tests"><testsuite name="pytest" errors="0" failures="0" skipped="0" tests="62" time="10.734" timestamp="2026-04-04T04:35:07.022580+00:00" hostname="agent-env-645618d2-f76c-4908-8d45-020f6c89ad30"><testcase classname="tests.test_pfg_parser.TestPFGShipVsOrd" name="test_ship_selected_over_ord_row0" time="0.739" /><testcase classname="tests.test_pfg_parser.TestPFGShipVsOrd" name="test_ship_selected_over_ord_row7" time="0.710" /><testcase classname="tests.test_pfg_parser.TestPFGShipVsOrd" name="test_ship_not_ord_when_different" time="0.569" /><testcase classname="tests.test_pfg_parser.TestPFGWeightIgnored" name="test_weight_not_qty_row5" time="0.723" /><testcase classname="tests.test_pfg_parser.TestPFGWeightIgnored" name="test_weight_not_qty_row0" time="0.712" /><testcase classname="tests.test_pfg_parser.TestPFGPackSizeHandling" name="test_pack_not_qty" time="0.711" /><testcase classname="tests.test_pfg_parser.TestPFGPackSizeHandling" name="test_pack_correctly_extracted" time="0.734" /><testcase classname="tests.test_pfg_parser.TestPFGMathConsistency" name="test_all_rows_math_check" time="0.744" /><testcase classname="tests.test_pfg_parser.TestPFGMathConsistency" name="test_variant_math_check" time="0.566" /><testcase classname="tests.test_pfg_parser.TestUnknownColumnGuard" name="test_unknown_does_not_fill_qty" time="0.000" /><testcase classname="tests.test_pfg_parser.TestPFGEndToEnd" name="test_problematic_invoice_full" time="0.714" /><testcase classname="tests.test_pfg_parser.TestPFGEndToEnd" name="test_variant_invoice_full" time="0.536" /><testcase classname="tests.test_pfg_parser.TestPFGEndToEnd" name="test_parser_used_is_pfg" time="0.760" /><testcase classname="tests.test_pfg_parser.TestPFGPackTokenExclusion" name="test_pack_1_25_lb_qty_not_1" time="0.382" /><testcase classname="tests.test_pfg_parser.TestPFGPackTokenExclusion" name="test_pack_6_4_lb_qty_not_6" time="0.356" /><testcase classname="tests.test_pfg_parser.TestPFGPackTokenExclusion" name="test_pack_4_10_lb_qty_not_4" time="0.381" /><testcase classname="tests.test_pfg_parser.TestPFGPackTokenExclusion" name="test_pack_1_50_lb_qty_not_1" time="0.370" /><testcase classname="tests.test_pfg_parser.TestPFGPackTokenExclusion" name="test_ord_column_captured_as_unknown" time="0.720" /><testcase classname="tests.test_sysco_validation.TestRowClassification" name="test_fuel_surcharge_is_service" time="0.000" /><testcase classname="tests.test_sysco_validation.TestRowClassification" name="test_delivery_fee_is_service" time="0.000" /><testcase classname="tests.test_sysco_validation.TestRowClassification" name="test_credit_adjustment_is_service" time="0.000" /><testcase classname="tests.test_sysco_validation.TestRowClassification" name="test_discount_is_service" time="0.000" /><testcase classname="tests.test_sysco_validation.TestRowClassification" name="test_normal_product_is_product" time="0.000" /><testcase classname="tests.test_sysco_validation.TestRowClassification" name="test_chicken_breast_is_product" time="0.000" /><testcase classname="tests.test_sysco_validation.TestRowClassification" name="test_empty_name_is_product" time="0.000" /><testcase classname="tests.test_sysco_validation.TestRowClassification" name="test_return_deposit_is_service" time="0.000" /><testcase classname="tests.test_sysco_validation.TestPackFormatValidation" name="test_weight_format" time="0.000" /><testcase classname="tests.test_sysco_validation.TestPackFormatValidation" name="test_volume_format" time="0.000" /><testcase classname="tests.test_sysco_validation.TestPackFormatValidation" name="test_count_format" time="0.000" /><testcase classname="tests.test_sysco_validation.TestPackFormatValidation" name="test_dimension_format" time="0.000" /><testcase classname="tests.test_sysco_validation.TestPackFormatValidation" name="test_dimension_2d" time="0.001" /><testcase classname="tests.test_sysco_validation.TestPackFormatValidation" name="test_ratio_format" time="0.000" /><testcase classname="tests.test_sysco_validation.TestPackFormatValidation" name="test_metric_weight" time="0.000" /><testcase classname="tests.test_sysco_validation.TestPackFormatValidation" name="test_pound_hash" time="0.000" /><testcase classname="tests.test_sysco_validation.TestPackFormatValidation" name="test_standard_weight_pack" time="0.000" /><testcase classname="tests.test_sysco_validation.TestPackFormatValidation" name="test_each_format" time="0.000" /><testcase classname="tests.test_sysco_validation.TestPackFormatValidation" name="test_empty_not_valid" time="0.000" /><testcase classname="tests.test_sysco_validation.TestPackFormatValidation" name="test_none_not_valid" time="0.000" /><testcase classname="tests.test_sysco_validation.TestTrustLevel" name="test_math_pass_no_flags_is_trusted" time="0.000" /><testcase classname="tests.test_sysco_validation.TestTrustLevel" name="test_math_pass_with_pack_noise_is_trusted" time="0.000" /><testcase classname="tests.test_sysco_validation.TestTrustLevel" name="test_math_fail_is_needs_review" time="0.000" /><testcase classname="tests.test_sysco_validation.TestTrustLevel" name="test_service_row_with_total_is_trusted" time="0.000" /><testcase classname="tests.test_sysco_validation.TestTrustLevel" name="test_service_row_no_total_is_info" time="0.000" /><testcase classname="tests.test_sysco_validation.TestTrustLevel" name="test_ambiguous_structure_is_warning" time="0.000" /><testcase classname="tests.test_sysco_validation.TestTrustLevel" name="test_missing_critical_fields_is_warning" time="0.000" /><testcase classname="tests.test_sysco_validation.TestTrustLevel" name="test_math_warning_no_structural_is_trusted" time="0.000" /><testcase classname="tests.test_sysco_validation.TestSyscoScenarios" name="test_ketchup_not_downgraded_with_correct_math" time="0.000" /><testcase classname="tests.test_sysco_validation.TestSyscoScenarios" name="test_dimension_pack_not_flagged_as_failure" time="0.000" /><testcase classname="tests.test_sysco_validation.TestSyscoScenarios" name="test_service_row_bypasses_pack_validation" time="0.000" /><testcase classname="tests.test_sysco_validation.TestSyscoScenarios" name="test_mixed_products_and_service" time="0.000" /><testcase classname="tests.test_sysco_preprocessing.TestPackParseDimensions" name="test_3segment_dimension" time="0.001" /><testcase classname="tests.test_sysco_preprocessing.TestPackParseDimensions" name="test_3segment_lowercase" time="0.000" /><testcase classname="tests.test_sysco_preprocessing.TestPackParseDimensions" name="test_2segment_dimension" time="0.000" /><testcase classname="tests.test_sysco_preprocessing.TestPackParseMetric" name="test_grams_parse" time="0.000" /><testcase classname="tests.test_sysco_preprocessing.TestPackParseMetric" name="test_grams_not_suspicious" time="0.000" /><testcase classname="tests.test_sysco_preprocessing.TestPackParseMetric" name="test_5000_lb_is_suspicious" time="0.000" /><testcase classname="tests.test_sysco_preprocessing.TestServiceRowDetection" name="test_fuel_surcharge_trusted" time="0.000" /><testcase classname="tests.test_sysco_preprocessing.TestServiceRowDetection" name="test_delivery_fee_trusted" time="0.000" /><testcase classname="tests.test_sysco_preprocessing.TestServiceRowDetection" name="test_normal_product_not_service" time="0.000" /><testcase classname="tests.test_sysco_preprocessing.TestMathPassesPackNoise" name="test_unrecognized_pack_with_math_ok" time="0.000" /><testcase classname="tests.test_sysco_preprocessing.TestMathPassesPackNoise" name="test_dimension_pack_not_failed" time="0.000" /><testcase classname="tests.test_sysco_preprocessing.TestMathPassesPackNoise" name="test_grams_pack_not_suspicious" time="0.000" /></testsuite></testsuites>