<?xml version="1.0" encoding="utf-8"?><testsuites name="pytest tests"><testsuite name="pytest" errors="0" failures="0" skipped="0" tests="10" time="5.759" timestamp="2026-03-23T03:24:58.848662+00:00" hostname="agent-env-645618d2-f76c-4908-8d45-020f6c89ad30"><testcase classname="backend.tests.test_dashboard_charts.TestDashboardCharts" name="test_dashboard_summary_returns_200" time="0.578" /><testcase classname="backend.tests.test_dashboard_charts.TestDashboardCharts" name="test_dashboard_has_monthly_expense_fields" time="0.517" /><testcase classname="backend.tests.test_dashboard_charts.TestDashboardCharts" name="test_dashboard_has_prev_month_expense_fields" time="0.507" /><testcase classname="backend.tests.test_dashboard_charts.TestDashboardCharts" name="test_dashboard_has_weekly_trends" time="0.485" /><testcase classname="backend.tests.test_dashboard_charts.TestDashboardCharts" name="test_weekly_trends_has_all_expense_categories" time="0.478" /><testcase classname="backend.tests.test_dashboard_charts.TestDashboardCharts" name="test_weekly_trends_week_labels" time="0.492" /><testcase classname="backend.tests.test_dashboard_charts.TestDashboardCharts" name="test_monthly_expense_total_calculation" time="0.527" /><testcase classname="backend.tests.test_dashboard_charts.TestDashboardCharts" name="test_expense_percentages_calculation" time="1.097" /><testcase classname="backend.tests.test_dashboard_charts.TestDashboardCharts" name="test_dashboard_requires_auth" time="0.500" /><testcase classname="backend.tests.test_dashboard_charts.TestDashboardCharts" name="test_smart_alerts_present" time="0.474" /></testsuite></testsuites>