<?xml version="1.0" encoding="utf-8"?><testsuites name="pytest tests"><testsuite name="pytest" errors="0" failures="0" skipped="0" tests="34" time="30.705" timestamp="2026-04-11T04:42:54.458106+00:00" hostname="agent-env-645618d2-f76c-4908-8d45-020f6c89ad30"><testcase classname="tests.test_unit_normalizer.TestParsePackSizeSimpleLb" name="test_40_lb" time="0.000" /><testcase classname="tests.test_unit_normalizer.TestParsePackSizeSimpleLb" name="test_150lb_no_space" time="0.000" /><testcase classname="tests.test_unit_normalizer.TestParsePackSizeSimpleLb" name="test_85lbs_plural" time="0.000" /><testcase classname="tests.test_unit_normalizer.TestParsePackSizeSimpleLb" name="test_150_hash" time="0.000" /><testcase classname="tests.test_unit_normalizer.TestParsePackSizeSimpleLb" name="test_decimal_lb" time="0.000" /><testcase classname="tests.test_unit_normalizer.TestParsePackSizeFractionLb" name="test_4_5_lb" time="0.000" /><testcase classname="tests.test_unit_normalizer.TestParsePackSizeFractionLb" name="test_2_10_lb" time="0.000" /><testcase classname="tests.test_unit_normalizer.TestParsePackSizeFractionLb" name="test_8_5_hash" time="0.000" /><testcase classname="tests.test_unit_normalizer.TestParsePackSizeFractionLb" name="test_1_22_lb" time="0.000" /><testcase classname="tests.test_unit_normalizer.TestParsePackSizeFractionLb" name="test_12_1_hash" time="0.000" /><testcase classname="tests.test_unit_normalizer.TestParsePackSizeGallon" name="test_4_1gal" time="0.000" /><testcase classname="tests.test_unit_normalizer.TestParsePackSizeGallon" name="test_1gal" time="0.000" /><testcase classname="tests.test_unit_normalizer.TestParsePackSizeContainerDims" name="test_1508x8x3nsys" time="0.000" /><testcase classname="tests.test_unit_normalizer.TestParsePackSizeContainerDims" name="test_150x8x3" time="0.000" /><testcase classname="tests.test_unit_normalizer.TestParsePackSizeContainerDims" name="test_cs_1508x8x3nsys" time="0.000" /><testcase classname="tests.test_unit_normalizer.TestParsePackSizeContainerDims" name="test_cs_150x9x9" time="0.000" /><testcase classname="tests.test_unit_normalizer.TestParsePackSizeCountCS" name="test_150_cs" time="0.000" /><testcase classname="tests.test_unit_normalizer.TestParsePackSizeOCRDamaged" name="test_4_0_hash_ocr" time="0.000" /><testcase classname="tests.test_unit_normalizer.TestParsePackSizeOCRDamaged" name="test_12_0_lb_ocr" time="0.000" /><testcase classname="tests.test_unit_normalizer.TestParsePackSizeAmbiguous" name="test_bare_cs" time="0.000" /><testcase classname="tests.test_unit_normalizer.TestParsePackSizeAmbiguous" name="test_empty_string" time="0.000" /><testcase classname="tests.test_unit_normalizer.TestParsePackSizeAmbiguous" name="test_bare_number" time="0.000" /><testcase classname="tests.test_unit_normalizer.TestParsePackSizeAmbiguous" name="test_bare_number_two_digit" time="0.000" /><testcase classname="tests.test_unit_normalizer.TestNormalizeItemFeeExclusion" name="test_fuel_surcharge_excluded" time="0.000" /><testcase classname="tests.test_unit_normalizer.TestNormalizeItemFeeExclusion" name="test_delivery_fee_excluded" time="0.000" /><testcase classname="tests.test_unit_normalizer.TestNormalizeItemFeeExclusion" name="test_misc_charge_excluded" time="0.000" /><testcase classname="tests.test_unit_normalizer.TestNormalizeItemStatus" name="test_normalized_lb_status" time="0.000" /><testcase classname="tests.test_unit_normalizer.TestNormalizeItemStatus" name="test_normalized_piece_status" time="0.000" /><testcase classname="tests.test_unit_normalizer.TestNormalizeItemStatus" name="test_review_status_for_ambiguous" time="0.000" /><testcase classname="tests.test_unit_normalizer.TestNormalizeItems" name="test_stats_calculation" time="0.000" /><testcase classname="tests.test_unit_normalizer.TestSmartMarketInsightsAPI" name="test_profit_intelligence_returns_200" time="0.556" /><testcase classname="tests.test_unit_normalizer.TestSmartMarketInsightsAPI" name="test_profit_intelligence_has_price_trends" time="0.534" /><testcase classname="tests.test_unit_normalizer.TestExtractionPipelineIntegration" name="test_extract_returns_unit_normalization_stats" time="29.513" /><testcase classname="tests.test_unit_normalizer.TestNormalizedFieldsInItems" name="test_item_has_normalized_fields" time="0.000" /></testsuite></testsuites>