<?xml version="1.0" encoding="utf-8"?><testsuites name="pytest tests"><testsuite name="pytest" errors="0" failures="0" skipped="0" tests="27" time="2.888" timestamp="2026-03-17T04:23:06.979477+00:00" hostname="agent-env-645618d2-f76c-4908-8d45-020f6c89ad30"><testcase classname="backend.tests.test_mvp_comprehensive.TestAuthentication" name="test_login_success" time="0.390" /><testcase classname="backend.tests.test_mvp_comprehensive.TestAuthentication" name="test_login_invalid_credentials" time="0.095" /><testcase classname="backend.tests.test_mvp_comprehensive.TestDashboard" name="test_dashboard_summary_returns_all_fields" time="0.450" /><testcase classname="backend.tests.test_mvp_comprehensive.TestDashboard" name="test_smart_alerts_present" time="0.055" /><testcase classname="backend.tests.test_mvp_comprehensive.TestExpenses" name="test_list_purchases" time="0.058" /><testcase classname="backend.tests.test_mvp_comprehensive.TestExpenses" name="test_list_salaries" time="0.052" /><testcase classname="backend.tests.test_mvp_comprehensive.TestExpenses" name="test_list_other_expenses" time="0.053" /><testcase classname="backend.tests.test_mvp_comprehensive.TestExpenses" name="test_create_purchase_with_auto_calculation" time="0.105" /><testcase classname="backend.tests.test_mvp_comprehensive.TestSales" name="test_list_sales" time="0.091" /><testcase classname="backend.tests.test_mvp_comprehensive.TestSales" name="test_create_sale_with_date_range" time="0.155" /><testcase classname="backend.tests.test_mvp_comprehensive.TestReports" name="test_reports_main_endpoint" time="0.060" /><testcase classname="backend.tests.test_mvp_comprehensive.TestReports" name="test_category_report_sales" time="0.050" /><testcase classname="backend.tests.test_mvp_comprehensive.TestReports" name="test_category_report_raw_materials" time="0.055" /><testcase classname="backend.tests.test_mvp_comprehensive.TestReports" name="test_category_report_salaries" time="0.049" /><testcase classname="backend.tests.test_mvp_comprehensive.TestReports" name="test_category_report_other_expenses" time="0.052" /><testcase classname="backend.tests.test_mvp_comprehensive.TestReports" name="test_category_report_profit" time="0.059" /><testcase classname="backend.tests.test_mvp_comprehensive.TestSuppliers" name="test_list_suppliers" time="0.048" /><testcase classname="backend.tests.test_mvp_comprehensive.TestSuppliers" name="test_create_supplier" time="0.102" /><testcase classname="backend.tests.test_mvp_comprehensive.TestSuppliers" name="test_supplier_spending_total" time="0.052" /><testcase classname="backend.tests.test_mvp_comprehensive.TestItems" name="test_list_items" time="0.065" /><testcase classname="backend.tests.test_mvp_comprehensive.TestItems" name="test_item_has_aliases" time="0.055" /><testcase classname="backend.tests.test_mvp_comprehensive.TestItems" name="test_item_price_history" time="0.128" /><testcase classname="backend.tests.test_mvp_comprehensive.TestItems" name="test_vendor_price_comparison" time="0.059" /><testcase classname="backend.tests.test_mvp_comprehensive.TestRecordsLibrary" name="test_list_records" time="0.052" /><testcase classname="backend.tests.test_mvp_comprehensive.TestRecordsLibrary" name="test_expense_records_with_category" time="0.052" /><testcase classname="backend.tests.test_mvp_comprehensive.TestExcelParsing" name="test_parse_csv_purchase" time="0.292" /><testcase classname="backend.tests.test_mvp_comprehensive.TestNotifications" name="test_smart_alerts_in_dashboard" time="0.069" /></testsuite></testsuites>