<?xml version="1.0" encoding="utf-8"?><testsuites name="pytest tests"><testsuite name="pytest" errors="0" failures="0" skipped="0" tests="15" time="7.111" timestamp="2026-03-29T04:38:12.310141+00:00" hostname="agent-env-645618d2-f76c-4908-8d45-020f6c89ad30"><testcase classname="backend.tests.test_vendor_comparison.TestVendorComparisonNormalized" name="test_endpoint_returns_200" time="0.726" /><testcase classname="backend.tests.test_vendor_comparison.TestVendorComparisonNormalized" name="test_response_structure" time="0.444" /><testcase classname="backend.tests.test_vendor_comparison.TestVendorComparisonNormalized" name="test_qualifying_items_have_valid_normalized_price" time="0.433" /><testcase classname="backend.tests.test_vendor_comparison.TestVendorComparisonNormalized" name="test_no_excluded_units_in_results" time="0.461" /><testcase classname="backend.tests.test_vendor_comparison.TestVendorComparisonNormalized" name="test_multi_vendor_items_sorted_first" time="0.445" /><testcase classname="backend.tests.test_vendor_comparison.TestVendorComparisonNormalized" name="test_comparison_group_structure" time="0.547" /><testcase classname="backend.tests.test_vendor_comparison.TestVendorComparisonNormalized" name="test_entry_structure" time="0.434" /><testcase classname="backend.tests.test_vendor_comparison.TestVendorComparisonNormalized" name="test_best_price_is_minimum" time="0.431" /><testcase classname="backend.tests.test_vendor_comparison.TestVendorComparisonNormalized" name="test_entries_sorted_by_price_ascending" time="0.437" /><testcase classname="backend.tests.test_vendor_comparison.TestVendorComparisonNormalized" name="test_stats_counts_match_data" time="0.481" /><testcase classname="backend.tests.test_vendor_comparison.TestVendorComparisonNormalized" name="test_exact_match_grouping" time="0.468" /><testcase classname="backend.tests.test_vendor_comparison.TestVendorComparisonWithSeededData" name="test_seeded_data_present" time="0.424" /><testcase classname="backend.tests.test_vendor_comparison.TestVendorComparisonWithSeededData" name="test_expected_items_present" time="0.428" /><testcase classname="backend.tests.test_vendor_comparison.TestVendorComparisonWithSeededData" name="test_excluded_items_not_present" time="0.437" /><testcase classname="backend.tests.test_vendor_comparison.TestVendorComparisonWithSeededData" name="test_expected_vendors_present" time="0.431" /></testsuite></testsuites>