<?xml version="1.0" encoding="utf-8"?><testsuites name="pytest tests"><testsuite name="pytest" errors="0" failures="0" skipped="0" tests="24" time="20.174" timestamp="2026-04-02T04:28:00.824677+00:00" hostname="agent-env-645618d2-f76c-4908-8d45-020f6c89ad30"><testcase classname="tests.test_image_preprocessing.TestPreprocessImageFunction" name="test_normal_upright_image_unchanged" time="0.612" /><testcase classname="tests.test_image_preprocessing.TestPreprocessImageFunction" name="test_90_degree_rotation_corrected" time="0.240" /><testcase classname="tests.test_image_preprocessing.TestPreprocessImageFunction" name="test_180_degree_rotation_corrected" time="0.255" /><testcase classname="tests.test_image_preprocessing.TestPreprocessImageFunction" name="test_270_degree_rotation_corrected" time="0.243" /><testcase classname="tests.test_image_preprocessing.TestPreprocessImageFunction" name="test_deskew_tilted_image" time="0.299" /><testcase classname="tests.test_image_preprocessing.TestPreprocessImageFunction" name="test_low_contrast_image_improved" time="0.341" /><testcase classname="tests.test_image_preprocessing.TestPreprocessImageFunction" name="test_gray_background_cleaned" time="0.337" /><testcase classname="tests.test_image_preprocessing.TestPreprocessImageFunction" name="test_noisy_image_handled" time="2.330" /><testcase classname="tests.test_image_preprocessing.TestPreprocessImageFunction" name="test_combined_issues_handled" time="0.383" /><testcase classname="tests.test_image_preprocessing.TestPreprocessImageFunction" name="test_invalid_input_graceful_fallback" time="0.014" /><testcase classname="tests.test_image_preprocessing.TestPreprocessImageFunction" name="test_empty_input_graceful_fallback" time="0.000" /><testcase classname="tests.test_image_preprocessing.TestTesseractOSD" name="test_tesseract_installed" time="0.019" /><testcase classname="tests.test_image_preprocessing.TestTesseractOSD" name="test_pytesseract_import" time="0.000" /><testcase classname="tests.test_image_preprocessing.TestTesseractOSD" name="test_opencv_import" time="0.028" /><testcase classname="tests.test_image_preprocessing.TestTesseractOSD" name="test_tesseract_osd_works" time="0.273" /><testcase classname="tests.test_image_preprocessing.TestUploadExtractEndpoint" name="test_upload_extract_endpoint_works" time="5.429" /><testcase classname="tests.test_image_preprocessing.TestUploadExtractEndpoint" name="test_upload_rotated_image" time="4.070" /><testcase classname="tests.test_image_preprocessing.TestUploadExtractEndpoint" name="test_upload_low_quality_image" time="4.722" /><testcase classname="tests.test_image_preprocessing.TestPreprocessingHelperFunctions" name="test_fix_orientation_function" time="0.184" /><testcase classname="tests.test_image_preprocessing.TestPreprocessingHelperFunctions" name="test_deskew_function" time="0.076" /><testcase classname="tests.test_image_preprocessing.TestPreprocessingHelperFunctions" name="test_enhance_image_function" time="0.060" /><testcase classname="tests.test_image_preprocessing.TestPreprocessingHelperFunctions" name="test_clean_background_function" time="0.023" /><testcase classname="tests.test_image_preprocessing.TestPreprocessingHelperFunctions" name="test_normalize_contrast_function" time="0.018" /><testcase classname="tests.test_image_preprocessing.TestPreprocessingHelperFunctions" name="test_crop_margins_function" time="0.003" /></testsuite></testsuites>