<?xml version="1.0" encoding="utf-8"?><testsuites name="pytest tests"><testsuite name="pytest" errors="0" failures="0" skipped="0" tests="8" time="1.752" timestamp="2026-04-23T06:00:03.569842+00:00" hostname="agent-env-645618d2-f76c-4908-8d45-020f6c89ad30"><testcase classname="backend.tests.test_correction_destination_iter96.TestCorrectionMemoryEnrichment" name="test_endpoint_returns_200" time="0.589" /><testcase classname="backend.tests.test_correction_destination_iter96.TestCorrectionMemoryEnrichment" name="test_every_row_has_canonical_destination" time="0.154" /><testcase classname="backend.tests.test_correction_destination_iter96.TestCorrectionMemoryEnrichment" name="test_no_mongo_id_exposed" time="0.106" /><testcase classname="backend.tests.test_correction_destination_iter96.TestCorrectionMemoryEnrichment" name="test_statuses_observed" time="0.107" /><testcase classname="backend.tests.test_correction_destination_iter96.TestCorrectionMemoryEnrichment" name="test_merged_rows_carry_merge_fields" time="0.111" /><testcase classname="backend.tests.test_correction_destination_iter96.TestCorrectionsByVendorEnrichment" name="test_by_vendor_returns_enriched" time="0.230" /><testcase classname="backend.tests.test_correction_destination_iter96.TestPatchCorrectionKeepsEnrichment" name="test_patch_response_has_canonical_destination" time="0.225" /><testcase classname="backend.tests.test_correction_destination_iter96.TestItemsForDuplicateHint" name="test_items_returns_suggested_and_approved" time="0.162" /></testsuite></testsuites>