<?xml version="1.0" encoding="utf-8"?><testsuites name="pytest tests"><testsuite name="pytest" errors="0" failures="0" skipped="0" tests="18" time="4.173" timestamp="2026-03-31T05:39:39.521848+00:00" hostname="agent-env-645618d2-f76c-4908-8d45-020f6c89ad30"><testcase classname="tests.test_compute_review_status.TestComputeReviewStatusUnit" name="test_clean_items_with_needs_review_false" time="0.000" /><testcase classname="tests.test_compute_review_status.TestComputeReviewStatusUnit" name="test_error_when_needs_review_true_with_math_mismatch" time="0.000" /><testcase classname="tests.test_compute_review_status.TestComputeReviewStatusUnit" name="test_old_items_without_needs_review_math_mismatch" time="0.000" /><testcase classname="tests.test_compute_review_status.TestComputeReviewStatusUnit" name="test_old_items_without_needs_review_missing_name" time="0.000" /><testcase classname="tests.test_compute_review_status.TestComputeReviewStatusUnit" name="test_old_items_without_needs_review_all_valid" time="0.000" /><testcase classname="tests.test_compute_review_status.TestComputeReviewStatusUnit" name="test_confidence_level_unverified_returns_error" time="0.000" /><testcase classname="tests.test_compute_review_status.TestComputeReviewStatusUnit" name="test_mixed_old_and_new_items" time="0.000" /><testcase classname="tests.test_compute_review_status.TestComputeReviewStatusUnit" name="test_warning_for_minor_issues" time="0.000" /><testcase classname="tests.test_compute_review_status.TestComputeReviewStatusUnit" name="test_empty_items_returns_clean" time="0.000" /><testcase classname="tests.test_compute_review_status.TestComputeReviewStatusUnit" name="test_old_items_missing_qty_or_price" time="0.000" /><testcase classname="tests.test_compute_review_status.TestComputeReviewStatusAPI" name="test_create_purchase_clean_items_returns_clean" time="0.612" /><testcase classname="tests.test_compute_review_status.TestComputeReviewStatusAPI" name="test_create_purchase_math_mismatch_returns_error" time="0.552" /><testcase classname="tests.test_compute_review_status.TestComputeReviewStatusAPI" name="test_update_purchase_recomputes_review_status" time="0.649" /><testcase classname="tests.test_compute_review_status.TestComputeReviewStatusAPI" name="test_get_purchases_returns_review_status" time="0.432" /><testcase classname="tests.test_compute_review_status.TestComputeReviewStatusAPI" name="test_existing_invoices_review_status" time="0.437" /><testcase classname="tests.test_compute_review_status.TestSpecificInvoices" name="test_quick_review_test_vendor_has_error_status" time="0.436" /><testcase classname="tests.test_compute_review_status.TestSpecificInvoices" name="test_us_foods_test_has_warning_status" time="0.418" /><testcase classname="tests.test_compute_review_status.TestSpecificInvoices" name="test_gordon_food_service_has_clean_status" time="0.424" /></testsuite></testsuites>