<?xml version="1.0" encoding="utf-8"?><testsuites name="pytest tests"><testsuite name="pytest" errors="0" failures="0" skipped="0" tests="4" time="3.411" timestamp="2026-03-29T05:34:49.640386+00:00" hostname="agent-env-645618d2-f76c-4908-8d45-020f6c89ad30"><testcase classname="backend.tests.test_vendor_merge.TestVendorMergeScenario" name="test_complete_vendor_merge_scenario" time="2.627" /><testcase classname="backend.tests.test_vendor_merge.TestDeduplicationOnList" name="test_deduplication_cleans_duplicates" time="0.238" /><testcase classname="backend.tests.test_vendor_merge.TestEdgeCases" name="test_case_insensitive_merge" time="0.284" /><testcase classname="backend.tests.test_vendor_merge.TestEdgeCases" name="test_rename_to_self_no_change" time="0.185" /></testsuite></testsuites>