<?xml version="1.0" encoding="utf-8"?><testsuites name="pytest tests"><testsuite name="pytest" errors="0" failures="0" skipped="0" tests="18" time="8.230" timestamp="2026-03-23T03:58:54.331455+00:00" hostname="agent-env-645618d2-f76c-4908-8d45-020f6c89ad30"><testcase classname="backend.tests.test_dashboard_drilldown.TestDashboardDrillDown" name="test_raw_materials_returns_200" time="0.524" /><testcase classname="backend.tests.test_dashboard_drilldown.TestDashboardDrillDown" name="test_raw_materials_has_required_fields" time="0.387" /><testcase classname="backend.tests.test_dashboard_drilldown.TestDashboardDrillDown" name="test_raw_materials_item_structure" time="0.387" /><testcase classname="backend.tests.test_dashboard_drilldown.TestDashboardDrillDown" name="test_raw_materials_vendor_structure" time="0.406" /><testcase classname="backend.tests.test_dashboard_drilldown.TestDashboardDrillDown" name="test_raw_materials_sorted_by_total_spent" time="0.750" /><testcase classname="backend.tests.test_dashboard_drilldown.TestDashboardDrillDown" name="test_raw_materials_cheapest_vendor_correct" time="0.396" /><testcase classname="backend.tests.test_dashboard_drilldown.TestDashboardDrillDown" name="test_salaries_returns_200" time="0.428" /><testcase classname="backend.tests.test_dashboard_drilldown.TestDashboardDrillDown" name="test_salaries_has_required_fields" time="0.395" /><testcase classname="backend.tests.test_dashboard_drilldown.TestDashboardDrillDown" name="test_salaries_employee_structure" time="0.361" /><testcase classname="backend.tests.test_dashboard_drilldown.TestDashboardDrillDown" name="test_salaries_sorted_by_amount" time="0.404" /><testcase classname="backend.tests.test_dashboard_drilldown.TestDashboardDrillDown" name="test_other_returns_200" time="0.368" /><testcase classname="backend.tests.test_dashboard_drilldown.TestDashboardDrillDown" name="test_other_has_required_fields" time="0.369" /><testcase classname="backend.tests.test_dashboard_drilldown.TestDashboardDrillDown" name="test_other_category_structure" time="0.393" /><testcase classname="backend.tests.test_dashboard_drilldown.TestDashboardDrillDown" name="test_other_item_structure" time="0.806" /><testcase classname="backend.tests.test_dashboard_drilldown.TestDashboardDrillDown" name="test_invalid_category_returns_error" time="0.396" /><testcase classname="backend.tests.test_dashboard_drilldown.TestDashboardDrillDown" name="test_raw_materials_requires_auth" time="0.474" /><testcase classname="backend.tests.test_dashboard_drilldown.TestDashboardDrillDown" name="test_salaries_requires_auth" time="0.441" /><testcase classname="backend.tests.test_dashboard_drilldown.TestDashboardDrillDown" name="test_other_requires_auth" time="0.478" /></testsuite></testsuites>