<?xml version="1.0" encoding="utf-8"?><testsuites name="pytest tests"><testsuite name="pytest" errors="0" failures="0" skipped="0" tests="21" time="13.102" timestamp="2026-03-30T05:03:28.211213+00:00" hostname="agent-env-645618d2-f76c-4908-8d45-020f6c89ad30"><testcase classname="backend.tests.test_confidence_reason.TestConfidenceReason" name="test_trusted_item_reason_all_checks_passed" time="0.604" /><testcase classname="backend.tests.test_confidence_reason.TestConfidenceReason" name="test_math_mismatch_reason" time="0.535" /><testcase classname="backend.tests.test_confidence_reason.TestConfidenceReason" name="test_pack_parse_failed_reason" time="0.538" /><testcase classname="backend.tests.test_confidence_reason.TestConfidenceReason" name="test_missing_name_reason" time="0.566" /><testcase classname="backend.tests.test_confidence_reason.TestConfidenceReason" name="test_missing_fields_reason" time="0.521" /><testcase classname="backend.tests.test_confidence_reason.TestConfidenceReason" name="test_suspicious_values_reason" time="0.555" /><testcase classname="backend.tests.test_confidence_reason.TestConfidenceReason" name="test_mixed_items_each_has_reason" time="0.539" /><testcase classname="backend.tests.test_confidence_reason.TestConfidenceReasonOnUpdate" name="test_update_changes_reason_when_fixed" time="0.678" /><testcase classname="backend.tests.test_strict_confidence_scoring.TestStrictConfidenceScoring" name="test_perfect_item_trusted_100" time="0.517" /><testcase classname="backend.tests.test_strict_confidence_scoring.TestStrictConfidenceScoring" name="test_pack_parse_failed_forces_unverified" time="0.579" /><testcase classname="backend.tests.test_strict_confidence_scoring.TestStrictConfidenceScoring" name="test_math_mismatch_forces_unverified" time="0.572" /><testcase classname="backend.tests.test_strict_confidence_scoring.TestStrictConfidenceScoring" name="test_missing_item_name_forces_unverified" time="0.541" /><testcase classname="backend.tests.test_strict_confidence_scoring.TestStrictConfidenceScoring" name="test_total_with_zero_qty_price_forces_unverified" time="0.516" /><testcase classname="backend.tests.test_strict_confidence_scoring.TestStrictConfidenceScoring" name="test_qty_equals_price_suspicious_pattern" time="0.520" /><testcase classname="backend.tests.test_strict_confidence_scoring.TestStrictConfidenceScoring" name="test_unrealistic_packs_per_case_suspicious" time="0.530" /><testcase classname="backend.tests.test_strict_confidence_scoring.TestStrictConfidenceScoring" name="test_duplicate_rows_second_unverified" time="0.531" /><testcase classname="backend.tests.test_strict_confidence_scoring.TestStrictConfidenceScoring" name="test_good_item_without_pack_trusted" time="0.554" /><testcase classname="backend.tests.test_strict_confidence_scoring.TestStrictConfidenceScoring" name="test_confidence_level_is_binary" time="1.915" /><testcase classname="backend.tests.test_strict_confidence_scoring.TestStrictConfidenceScoring" name="test_update_purchase_computes_confidence" time="0.665" /><testcase classname="backend.tests.test_strict_confidence_scoring.TestNormalizedPriceWithConfidence" name="test_trusted_item_has_normalized_price" time="0.531" /><testcase classname="backend.tests.test_strict_confidence_scoring.TestNormalizedPriceWithConfidence" name="test_unverified_item_no_normalized_price_shown" time="0.531" /></testsuite></testsuites>