<?xml version="1.0" encoding="utf-8"?><testsuites name="pytest tests"><testsuite name="pytest" errors="0" failures="0" skipped="0" tests="8" time="0.285" timestamp="2026-04-21T23:33:39.636273+00:00" hostname="agent-env-645618d2-f76c-4908-8d45-020f6c89ad30"><testcase classname="tests.test_procurement_suggestions" name="test_event_allowed_types_enumerated" time="0.000" /><testcase classname="tests.test_procurement_suggestions" name="test_log_event_happy_path" time="0.001" /><testcase classname="tests.test_procurement_suggestions" name="test_log_event_rejects_invalid_type" time="0.000" /><testcase classname="tests.test_procurement_suggestions" name="test_save_suggestion_requires_acknowledgment" time="0.000" /><testcase classname="tests.test_procurement_suggestions" name="test_save_suggestion_persists_and_logs_confirm" time="0.000" /><testcase classname="tests.test_procurement_suggestions" name="test_save_suggestion_never_uses_execution_words" time="0.000" /><testcase classname="tests.test_procurement_suggestions" name="test_quantity_hint_returns_advisory_payload" time="0.000" /><testcase classname="tests.test_procurement_suggestions" name="test_list_suggestions_scoped_per_restaurant" time="0.000" /></testsuite></testsuites>