<?xml version="1.0" encoding="utf-8"?><testsuites name="pytest tests"><testsuite name="pytest" errors="0" failures="0" skipped="0" tests="46" time="32.085" timestamp="2026-04-22T04:24:35.949784+00:00" hostname="agent-env-645618d2-f76c-4908-8d45-020f6c89ad30"><testcase classname="backend.tests.test_orders_api" name="test_orders_requires_auth" time="0.142" /><testcase classname="backend.tests.test_orders_api" name="test_orders_post_requires_auth" time="0.112" /><testcase classname="backend.tests.test_orders_api" name="test_list_orders_shape" time="0.459" /><testcase classname="backend.tests.test_orders_api" name="test_create_order_valid_item" time="0.602" /><testcase classname="backend.tests.test_orders_api" name="test_create_order_bogus_item_id_returns_400" time="0.104" /><testcase classname="backend.tests.test_orders_api" name="test_create_order_invalid_status_executed" time="0.112" /><testcase classname="backend.tests.test_orders_api" name="test_create_order_invalid_status_random" time="0.113" /><testcase classname="backend.tests.test_orders_api" name="test_create_order_submitted_ok" time="0.239" /><testcase classname="backend.tests.test_orders_api" name="test_delete_nonexistent_order" time="0.140" /><testcase classname="backend.tests.test_orders_api" name="test_procurement_recommendations_still_works" time="0.133" /><testcase classname="backend.tests.test_orders_api" name="test_price_intelligence_endpoint_still_works" time="0.111" /><testcase classname="backend.tests.test_orders_api" name="test_procurement_suggestions_list_still_works" time="0.349" /><testcase classname="backend.tests.test_procurement_inbox_outcome.TestListAndBreakdown" name="test_list_includes_breakdown_keys" time="0.472" /><testcase classname="backend.tests.test_procurement_inbox_outcome.TestListAndBreakdown" name="test_status_filter_only_returns_matching_status" time="0.241" /><testcase classname="backend.tests.test_procurement_inbox_outcome.TestListAndBreakdown" name="test_breakdown_stays_total_across_filters" time="0.222" /><testcase classname="backend.tests.test_procurement_inbox_outcome.TestOutcomePatch" name="test_acted_on_updates_doc" time="0.339" /><testcase classname="backend.tests.test_procurement_inbox_outcome.TestOutcomePatch" name="test_not_pursued_with_note_persists" time="0.225" /><testcase classname="backend.tests.test_procurement_inbox_outcome.TestOutcomePatch" name="test_not_pursued_empty_note_allowed" time="0.236" /><testcase classname="backend.tests.test_procurement_inbox_outcome.TestOutcomePatch" name="test_invalid_outcome_type_returns_400" time="0.578" /><testcase classname="backend.tests.test_procurement_inbox_outcome.TestOutcomePatch" name="test_unknown_id_returns_404" time="0.118" /><testcase classname="backend.tests.test_procurement_inbox_outcome.TestOutcomePatch" name="test_multi_tenant_isolation_returns_404" time="0.706" /><testcase classname="backend.tests.test_procurement_inbox_outcome.TestOutcomePatch" name="test_unauth_returns_401" time="0.138" /><testcase classname="backend.tests.test_procurement_audit_api.TestAuditAuth" name="test_events_requires_auth" time="0.108" /><testcase classname="backend.tests.test_procurement_audit_api.TestAuditAuth" name="test_stats_requires_auth" time="0.105" /><testcase classname="backend.tests.test_procurement_audit_api.TestAuditFilterValidation" name="test_invalid_status_400" time="0.430" /><testcase classname="backend.tests.test_procurement_audit_api.TestAuditFilterValidation" name="test_invalid_recommendation_type_400" time="0.127" /><testcase classname="backend.tests.test_procurement_audit_api.TestAuditFilterValidation" name="test_invalid_outcome_type_400" time="0.119" /><testcase classname="backend.tests.test_procurement_audit_api.TestAuditFilterValidation" name="test_invalid_confidence_level_400" time="0.114" /><testcase classname="backend.tests.test_procurement_audit_api.TestAuditFilterValidation" name="test_valid_filters_ok" time="1.384" /><testcase classname="backend.tests.test_procurement_audit_api.TestRecommendationsHookAndPerf" name="test_recommendations_under_5s_and_creates_audit" time="0.240" /><testcase classname="backend.tests.test_procurement_audit_api.TestRecommendationsHookAndPerf" name="test_idempotent_no_duplicate_open_records" time="0.429" /><testcase classname="backend.tests.test_procurement_audit_api.TestAuditStatsShape" name="test_stats_shape" time="0.218" /><testcase classname="backend.tests.test_procurement_audit_api.TestAuditLifecycle" name="test_full_lifecycle" time="1.351" /><testcase classname="backend.tests.test_procurement_audit_api.TestAuditTenantIsolation" name="test_iso_tenant_does_not_see_demo_records" time="20.971" /><testcase classname="backend.tests.test_procurement_audit_api.TestAuditTenantIsolation" name="test_iso_stats_independent" time="0.202" /><testcase classname="backend.tests.test_procurement_audit" name="test_record_generated_creates_one_record" time="0.261" /><testcase classname="backend.tests.test_procurement_audit" name="test_record_generated_is_idempotent_same_rec_type" time="0.001" /><testcase classname="backend.tests.test_procurement_audit" name="test_different_rec_type_creates_second_record" time="0.001" /><testcase classname="backend.tests.test_procurement_audit" name="test_record_interaction_stamps_first_occurrence_only" time="0.001" /><testcase classname="backend.tests.test_procurement_audit" name="test_link_suggestion_attaches_id" time="0.000" /><testcase classname="backend.tests.test_procurement_audit" name="test_finalize_outcome_closes_record" time="0.001" /><testcase classname="backend.tests.test_procurement_audit" name="test_finalize_outcome_invalid_type_rejected" time="0.000" /><testcase classname="backend.tests.test_procurement_audit" name="test_finalize_outcome_creates_minimal_record_when_missing" time="0.000" /><testcase classname="backend.tests.test_procurement_audit" name="test_tenant_isolation" time="0.000" /><testcase classname="backend.tests.test_procurement_audit" name="test_aggregate_stats_shape_and_rates" time="0.001" /><testcase classname="backend.tests.test_procurement_audit" name="test_list_audit_events_filters" time="0.001" /></testsuite></testsuites>