<?xml version="1.0" encoding="utf-8"?><testsuites name="pytest tests"><testsuite name="pytest" errors="0" failures="0" skipped="0" tests="24" time="2.916" timestamp="2026-03-29T04:51:53.321421+00:00" hostname="agent-env-645618d2-f76c-4908-8d45-020f6c89ad30"><testcase classname="backend.tests.test_item_mappings.TestListItemMappings" name="test_list_mappings_returns_200" time="0.574" /><testcase classname="backend.tests.test_item_mappings.TestListItemMappings" name="test_list_mappings_structure" time="0.048" /><testcase classname="backend.tests.test_item_mappings.TestListItemMappings" name="test_mapping_object_structure" time="0.048" /><testcase classname="backend.tests.test_item_mappings.TestCreateItemMapping" name="test_create_mapping_success" time="0.150" /><testcase classname="backend.tests.test_item_mappings.TestCreateItemMapping" name="test_create_mapping_rejects_single_name" time="0.053" /><testcase classname="backend.tests.test_item_mappings.TestCreateItemMapping" name="test_create_mapping_rejects_empty_names" time="0.053" /><testcase classname="backend.tests.test_item_mappings.TestCreateItemMapping" name="test_create_mapping_rejects_duplicate" time="0.147" /><testcase classname="backend.tests.test_item_mappings.TestUpdateItemMapping" name="test_update_mapping_canonical_name" time="0.145" /><testcase classname="backend.tests.test_item_mappings.TestUpdateItemMapping" name="test_update_mapping_mapped_names" time="0.138" /><testcase classname="backend.tests.test_item_mappings.TestUpdateItemMapping" name="test_update_nonexistent_mapping" time="0.052" /><testcase classname="backend.tests.test_item_mappings.TestDeleteItemMapping" name="test_delete_mapping_success" time="0.147" /><testcase classname="backend.tests.test_item_mappings.TestDeleteItemMapping" name="test_delete_nonexistent_mapping" time="0.049" /><testcase classname="backend.tests.test_item_mappings.TestItemMappingSuggestions" name="test_suggestions_returns_200" time="0.196" /><testcase classname="backend.tests.test_item_mappings.TestItemMappingSuggestions" name="test_suggestions_structure" time="0.048" /><testcase classname="backend.tests.test_item_mappings.TestItemMappingSuggestions" name="test_suggestions_exclude_already_mapped" time="0.092" /><testcase classname="backend.tests.test_item_mappings.TestVendorComparisonWithMappings" name="test_normalized_comparison_returns_200" time="0.054" /><testcase classname="backend.tests.test_item_mappings.TestVendorComparisonWithMappings" name="test_comparison_includes_match_source" time="0.048" /><testcase classname="backend.tests.test_item_mappings.TestVendorComparisonWithMappings" name="test_stats_includes_user_confirmed_count" time="0.051" /><testcase classname="backend.tests.test_item_mappings.TestVendorComparisonWithMappings" name="test_user_confirmed_count_matches_data" time="0.048" /><testcase classname="backend.tests.test_item_mappings.TestVendorComparisonWithMappings" name="test_confirmed_groups_have_raw_names" time="0.051" /><testcase classname="backend.tests.test_item_mappings.TestMappingIntegration" name="test_create_mapping_merges_groups" time="0.242" /><testcase classname="backend.tests.test_item_mappings.TestMappingIntegration" name="test_delete_mapping_unmerges_groups" time="0.231" /><testcase classname="backend.tests.test_item_mappings.TestExistingMappings" name="test_existing_mappings_present" time="0.046" /><testcase classname="backend.tests.test_item_mappings.TestExistingMappings" name="test_gfs_items_in_suggestions_or_mappings" time="0.116" /></testsuite></testsuites>