<?xml version="1.0" encoding="utf-8"?><testsuites name="pytest tests"><testsuite name="pytest" errors="0" failures="0" skipped="0" tests="9" time="5.865" timestamp="2026-03-30T04:18:58.746106+00:00" hostname="agent-env-645618d2-f76c-4908-8d45-020f6c89ad30"><testcase classname="backend.tests.test_confidence_scoring.TestConfidenceScoring" name="test_good_items_high_confidence" time="0.739" /><testcase classname="backend.tests.test_confidence_scoring.TestConfidenceScoring" name="test_bad_math_invalid_calc" time="0.647" /><testcase classname="backend.tests.test_confidence_scoring.TestConfidenceScoring" name="test_missing_fields_lower_confidence" time="0.659" /><testcase classname="backend.tests.test_confidence_scoring.TestConfidenceScoring" name="test_garbled_item_name_lower_confidence" time="0.712" /><testcase classname="backend.tests.test_confidence_scoring.TestConfidenceScoring" name="test_failed_pack_size_lower_confidence" time="0.649" /><testcase classname="backend.tests.test_confidence_scoring.TestConfidenceScoring" name="test_update_purchase_computes_confidence" time="0.779" /><testcase classname="backend.tests.test_confidence_scoring.TestConfidenceScoring" name="test_low_confidence_null_normalized_price" time="0.641" /><testcase classname="backend.tests.test_confidence_scoring.TestConfidenceScoring" name="test_confidence_thresholds" time="0.820" /><testcase classname="backend.tests.test_confidence_scoring.TestConfidenceScoringUnit" name="test_scoring_breakdown" time="0.167" /></testsuite></testsuites>