<?xml version="1.0" encoding="utf-8"?><testsuites name="pytest tests"><testsuite name="pytest" errors="0" failures="0" skipped="0" tests="9" time="32.645" timestamp="2026-03-11T03:09:55.660824+00:00" hostname="agent-env-645618d2-f76c-4908-8d45-020f6c89ad30"><testcase classname="backend.tests.test_chat_api.TestChatAPI" name="test_auth_login_works" time="0.855" /><testcase classname="backend.tests.test_chat_api.TestChatAPI" name="test_get_chat_messages_empty" time="0.513" /><testcase classname="backend.tests.test_chat_api.TestChatAPI" name="test_post_chat_message" time="5.384" /><testcase classname="backend.tests.test_chat_api.TestChatAPI" name="test_chat_messages_persist" time="5.703" /><testcase classname="backend.tests.test_chat_api.TestChatAPI" name="test_delete_chat_messages" time="5.491" /><testcase classname="backend.tests.test_chat_api.TestChatAPI" name="test_chat_without_auth_fails" time="0.653" /><testcase classname="backend.tests.test_chat_api.TestChatAPI" name="test_chat_ai_response_contains_financial_data" time="3.322" /><testcase classname="backend.tests.test_chat_api.TestChatEdgeCases" name="test_empty_message_handled" time="4.865" /><testcase classname="backend.tests.test_chat_api.TestChatEdgeCases" name="test_long_message_handled" time="5.656" /></testsuite></testsuites>