<?xml version="1.0" encoding="utf-8"?><testsuites name="pytest tests"><testsuite name="pytest" errors="0" failures="0" skipped="0" tests="14" time="3.824" timestamp="2026-04-21T22:40:15.671815+00:00" hostname="agent-env-645618d2-f76c-4908-8d45-020f6c89ad30"><testcase classname="tests.test_procurement_api" name="test_list_recommendations_structure" time="0.601" /><testcase classname="tests.test_procurement_api" name="test_list_sort_order" time="0.164" /><testcase classname="tests.test_procurement_api" name="test_only_actionable_filter" time="0.131" /><testcase classname="tests.test_procurement_api" name="test_single_product_recommendation" time="0.133" /><testcase classname="tests.test_procurement_api" name="test_single_product_404_for_unknown" time="0.195" /><testcase classname="tests.test_procurement_api" name="test_ground_beef_guardrail_forces_monitor_only" time="0.145" /><testcase classname="tests.test_procurement_api" name="test_canonical_unit_query_param" time="0.130" /><testcase classname="tests.test_procurement_api" name="test_target_price_lifecycle" time="0.564" /><testcase classname="tests.test_procurement_api" name="test_target_price_rejects_zero" time="0.133" /><testcase classname="tests.test_procurement_api" name="test_target_price_rejects_negative" time="0.133" /><testcase classname="tests.test_procurement_api" name="test_target_price_404_for_unknown" time="0.148" /><testcase classname="tests.test_procurement_api" name="test_reason_summary_language" time="0.135" /><testcase classname="tests.test_procurement_api" name="test_multitenant_isolation" time="0.969" /><testcase classname="tests.test_procurement_api" name="test_unauthenticated_request_rejected" time="0.120" /></testsuite></testsuites>