<?xml version="1.0" encoding="utf-8"?><testsuites name="pytest tests"><testsuite name="pytest" errors="0" failures="0" skipped="0" tests="30" time="3.995" timestamp="2026-03-31T05:17:08.797565+00:00" hostname="agent-env-645618d2-f76c-4908-8d45-020f6c89ad30"><testcase classname="tests.test_hard_invoice_robustness.TestSanitizeExtractedItem" name="test_string_numbers_converted" time="0.144" /><testcase classname="tests.test_hard_invoice_robustness.TestSanitizeExtractedItem" name="test_negative_values_made_absolute" time="0.000" /><testcase classname="tests.test_hard_invoice_robustness.TestSanitizeExtractedItem" name="test_none_values_default_to_zero" time="0.000" /><testcase classname="tests.test_hard_invoice_robustness.TestSanitizeExtractedItem" name="test_non_string_names_coerced" time="0.000" /><testcase classname="tests.test_hard_invoice_robustness.TestSanitizeExtractedItem" name="test_null_pack_size_defaults_to_empty_string" time="0.000" /><testcase classname="tests.test_hard_invoice_robustness.TestSanitizeExtractedItem" name="test_zero_pack_size_defaults_to_empty_string" time="0.000" /><testcase classname="tests.test_hard_invoice_robustness.TestSanitizeExtractedItem" name="test_garbled_numeric_values" time="0.000" /><testcase classname="tests.test_hard_invoice_robustness.TestDetectColumnMisread" name="test_normal_qty_price_ratios_no_issues" time="0.000" /><testcase classname="tests.test_hard_invoice_robustness.TestDetectColumnMisread" name="test_detects_swap_when_qty_looks_like_prices" time="0.000" /><testcase classname="tests.test_hard_invoice_robustness.TestDetectColumnMisread" name="test_few_items_no_detection" time="0.000" /><testcase classname="tests.test_hard_invoice_robustness.TestComputeExtractionMeta" name="test_high_confidence_for_all_good_items" time="0.000" /><testcase classname="tests.test_hard_invoice_robustness.TestComputeExtractionMeta" name="test_low_confidence_for_mostly_bad_items" time="0.000" /><testcase classname="tests.test_hard_invoice_robustness.TestComputeExtractionMeta" name="test_medium_confidence_for_mixed_items" time="0.000" /><testcase classname="tests.test_hard_invoice_robustness.TestComputeExtractionMeta" name="test_flags_missing_header_fields" time="0.000" /><testcase classname="tests.test_hard_invoice_robustness.TestComputeExtractionMeta" name="test_detects_partial_extraction" time="0.000" /><testcase classname="tests.test_hard_invoice_robustness.TestComputeExtractionMeta" name="test_flags_subtotal_mismatch_over_20_percent" time="0.000" /><testcase classname="tests.test_hard_invoice_robustness.TestSalvagePartialExtraction" name="test_extracts_supplier_name_from_broken_json" time="0.001" /><testcase classname="tests.test_hard_invoice_robustness.TestSalvagePartialExtraction" name="test_extracts_invoice_date_from_broken_json" time="0.000" /><testcase classname="tests.test_hard_invoice_robustness.TestSalvagePartialExtraction" name="test_extracts_total_from_broken_json" time="0.000" /><testcase classname="tests.test_hard_invoice_robustness.TestSalvagePartialExtraction" name="test_returns_empty_items_for_garbage_input" time="0.000" /><testcase classname="tests.test_hard_invoice_robustness.TestSalvagePartialExtraction" name="test_always_sets_salvaged_true" time="0.000" /><testcase classname="tests.test_hard_invoice_robustness.TestSalvagePartialExtraction" name="test_extracts_date_from_anywhere" time="0.000" /><testcase classname="tests.test_hard_invoice_robustness.TestPurchasesWithMessyItems" name="test_empty_name_items_get_needs_review" time="0.755" /><testcase classname="tests.test_hard_invoice_robustness.TestPurchasesWithMessyItems" name="test_math_mismatch_items_get_error_status" time="0.431" /><testcase classname="tests.test_hard_invoice_robustness.TestPurchasesWithMessyItems" name="test_all_items_saved_no_blocking" time="0.420" /><testcase classname="tests.test_hard_invoice_robustness.TestPurchasesWithMessyItems" name="test_review_status_clean_when_all_good" time="0.464" /><testcase classname="tests.test_hard_invoice_robustness.TestPurchasesWithMessyItems" name="test_review_status_error_when_hard_errors_exist" time="0.481" /><testcase classname="tests.test_hard_invoice_robustness.TestPurchasesWithMessyItems" name="test_per_item_isolation_one_bad_item_no_crash" time="0.421" /><testcase classname="tests.test_hard_invoice_robustness.TestGetPurchasesWithReviewStatus" name="test_get_purchases_returns_review_status" time="0.390" /><testcase classname="tests.test_hard_invoice_robustness.TestGetPurchasesWithReviewStatus" name="test_get_purchases_sorted_by_date" time="0.398" /></testsuite></testsuites>