<?xml version="1.0" encoding="utf-8"?><testsuites name="pytest tests"><testsuite name="pytest" errors="0" failures="0" skipped="0" tests="10" time="13.350" timestamp="2026-03-25T03:02:10.064805+00:00" hostname="agent-env-645618d2-f76c-4908-8d45-020f6c89ad30"><testcase classname="tests.test_extraction_review.TestAuth" name="test_login_success" time="0.539" /><testcase classname="tests.test_extraction_review.TestPurchaseCRUD" name="test_create_purchase_auto_recalc" time="0.603" /><testcase classname="tests.test_extraction_review.TestPurchaseCRUD" name="test_create_purchase_with_tax" time="0.605" /><testcase classname="tests.test_extraction_review.TestPurchaseCRUD" name="test_create_purchase_multiple_items" time="0.614" /><testcase classname="tests.test_extraction_review.TestPurchaseCRUD" name="test_purchase_list_and_delete" time="0.927" /><testcase classname="tests.test_extraction_review.TestSalaryCRUD" name="test_create_salary" time="0.699" /><testcase classname="tests.test_extraction_review.TestOtherExpenseCRUD" name="test_create_other_expense" time="0.589" /><testcase classname="tests.test_extraction_review.TestSalesCRUD" name="test_create_sale" time="0.592" /><testcase classname="tests.test_extraction_review.TestExtractionWarnings" name="test_extract_endpoint_returns_warnings" time="6.981" /><testcase classname="tests.test_extraction_review.TestSecondSave" name="test_second_purchase_save" time="0.964" /></testsuite></testsuites>