<?xml version="1.0" encoding="utf-8"?><testsuites name="pytest tests"><testsuite name="pytest" errors="0" failures="0" skipped="0" tests="10" time="3.969" timestamp="2026-04-22T00:28:28.764080+00:00" hostname="agent-env-645618d2-f76c-4908-8d45-020f6c89ad30"><testcase classname="backend.tests.test_procurement_inbox_outcome.TestListAndBreakdown" name="test_list_includes_breakdown_keys" time="0.693" /><testcase classname="backend.tests.test_procurement_inbox_outcome.TestListAndBreakdown" name="test_status_filter_only_returns_matching_status" time="0.296" /><testcase classname="backend.tests.test_procurement_inbox_outcome.TestListAndBreakdown" name="test_breakdown_stays_total_across_filters" time="0.281" /><testcase classname="backend.tests.test_procurement_inbox_outcome.TestOutcomePatch" name="test_acted_on_updates_doc" time="0.441" /><testcase classname="backend.tests.test_procurement_inbox_outcome.TestOutcomePatch" name="test_not_pursued_with_note_persists" time="0.273" /><testcase classname="backend.tests.test_procurement_inbox_outcome.TestOutcomePatch" name="test_not_pursued_empty_note_allowed" time="0.271" /><testcase classname="backend.tests.test_procurement_inbox_outcome.TestOutcomePatch" name="test_invalid_outcome_type_returns_400" time="0.620" /><testcase classname="backend.tests.test_procurement_inbox_outcome.TestOutcomePatch" name="test_unknown_id_returns_404" time="0.119" /><testcase classname="backend.tests.test_procurement_inbox_outcome.TestOutcomePatch" name="test_multi_tenant_isolation_returns_404" time="0.789" /><testcase classname="backend.tests.test_procurement_inbox_outcome.TestOutcomePatch" name="test_unauth_returns_401" time="0.120" /></testsuite></testsuites>