<?xml version="1.0" encoding="utf-8"?><testsuites name="pytest tests"><testsuite name="pytest" errors="0" failures="0" skipped="0" tests="14" time="6.833" timestamp="2026-03-11T03:21:16.384756+00:00" hostname="agent-env-645618d2-f76c-4908-8d45-020f6c89ad30"><testcase classname="backend.tests.test_reports_api.TestReportsAPI" name="test_get_weekly_report_default" time="0.537" /><testcase classname="backend.tests.test_reports_api.TestReportsAPI" name="test_weekly_report_has_supplier_spending" time="0.489" /><testcase classname="backend.tests.test_reports_api.TestReportsAPI" name="test_weekly_report_has_price_changes" time="0.449" /><testcase classname="backend.tests.test_reports_api.TestReportsAPI" name="test_get_monthly_report" time="0.670" /><testcase classname="backend.tests.test_reports_api.TestReportsAPI" name="test_get_yearly_report" time="0.474" /><testcase classname="backend.tests.test_reports_api.TestReportsAPI" name="test_get_report_with_custom_date" time="0.460" /><testcase classname="backend.tests.test_reports_api.TestReportsDownloadAPI" name="test_download_pdf_weekly" time="0.645" /><testcase classname="backend.tests.test_reports_api.TestReportsDownloadAPI" name="test_download_excel_weekly" time="0.947" /><testcase classname="backend.tests.test_reports_api.TestReportsDownloadAPI" name="test_download_pdf_monthly" time="0.482" /><testcase classname="backend.tests.test_reports_api.TestReportsDownloadAPI" name="test_download_excel_monthly" time="0.450" /><testcase classname="backend.tests.test_reports_api.TestReportsDownloadAPI" name="test_download_pdf_yearly" time="0.448" /><testcase classname="backend.tests.test_reports_api.TestReportsDownloadAPI" name="test_download_excel_yearly" time="0.448" /><testcase classname="backend.tests.test_reports_api.TestReportsAuthentication" name="test_reports_requires_auth" time="0.100" /><testcase classname="backend.tests.test_reports_api.TestReportsAuthentication" name="test_reports_download_requires_auth" time="0.107" /></testsuite></testsuites>