<?xml version="1.0" encoding="utf-8"?><testsuites name="pytest tests"><testsuite name="pytest" errors="0" failures="0" skipped="0" tests="12" time="5.907" timestamp="2026-03-14T01:50:02.461192+00:00" hostname="agent-env-645618d2-f76c-4908-8d45-020f6c89ad30"><testcase classname="backend.tests.test_price_alerts.TestPriceAlertSystem" name="test_01_auth_login" time="0.772" /><testcase classname="backend.tests.test_price_alerts.TestPriceAlertSystem" name="test_02_get_alerts_prices_endpoint" time="0.424" /><testcase classname="backend.tests.test_price_alerts.TestPriceAlertSystem" name="test_03_dashboard_includes_price_alerts" time="0.409" /><testcase classname="backend.tests.test_price_alerts.TestPriceAlertSystem" name="test_04_existing_price_alerts_check" time="0.389" /><testcase classname="backend.tests.test_price_alerts.TestPriceAlertSystem" name="test_05_create_purchase_generates_alert_price_increase" time="0.692" /><testcase classname="backend.tests.test_price_alerts.TestPriceAlertSystem" name="test_06_no_alert_when_price_equal_or_lower" time="0.681" /><testcase classname="backend.tests.test_price_alerts.TestPriceAlertSystem" name="test_07_delete_price_alert" time="0.478" /><testcase classname="backend.tests.test_price_alerts.TestPriceAlertSystem" name="test_08_delete_nonexistent_alert_returns_404" time="0.387" /><testcase classname="backend.tests.test_price_alerts.TestPriceAlertSystem" name="test_09_price_alert_structure" time="0.378" /><testcase classname="backend.tests.test_price_alerts.TestPriceAlertSystem" name="test_10_alerts_sorted_newest_first" time="0.385" /><testcase classname="backend.tests.test_price_alerts.TestPriceAlertSystem" name="test_11_high_severity_for_large_increase" time="0.416" /><testcase classname="backend.tests.test_price_alerts.TestPriceAlertSystem" name="test_12_dashboard_summary_complete" time="0.414" /></testsuite></testsuites>