<?xml version="1.0" encoding="utf-8"?><testsuites name="pytest tests"><testsuite name="pytest" errors="0" failures="0" skipped="0" tests="24" time="8.056" timestamp="2026-04-02T04:50:55.187459+00:00" hostname="agent-env-645618d2-f76c-4908-8d45-020f6c89ad30"><testcase classname="tests.test_document_classifier.TestClassifyDocumentFunction" name="test_simple_receipt_classification" time="0.154" /><testcase classname="tests.test_document_classifier.TestClassifyDocumentFunction" name="test_structured_invoice_classification" time="0.100" /><testcase classname="tests.test_document_classifier.TestClassifyDocumentFunction" name="test_vendor_specific_classification" time="0.010" /><testcase classname="tests.test_document_classifier.TestClassifyDocumentFunction" name="test_multi_page_pdf_classification" time="0.010" /><testcase classname="tests.test_document_classifier.TestClassifyDocumentFunction" name="test_single_page_pdf_classification" time="0.099" /><testcase classname="tests.test_document_classifier.TestClassifyDocumentFunction" name="test_empty_images_list" time="0.000" /><testcase classname="tests.test_document_classifier.TestClassifyDocumentFunction" name="test_invalid_base64_data" time="0.000" /><testcase classname="tests.test_document_classifier.TestGetParserRoute" name="test_simple_receipt_route" time="0.000" /><testcase classname="tests.test_document_classifier.TestGetParserRoute" name="test_structured_invoice_route" time="0.000" /><testcase classname="tests.test_document_classifier.TestGetParserRoute" name="test_vendor_specific_route" time="0.000" /><testcase classname="tests.test_document_classifier.TestGetParserRoute" name="test_multi_page_pdf_route" time="0.000" /><testcase classname="tests.test_document_classifier.TestGetParserRoute" name="test_unknown_type_fallback" time="0.000" /><testcase classname="tests.test_document_classifier.TestLayoutAnalysis" name="test_layout_features_extracted" time="0.094" /><testcase classname="tests.test_document_classifier.TestLayoutAnalysis" name="test_layout_width_height" time="0.031" /><testcase classname="tests.test_document_classifier.TestLayoutAnalysis" name="test_layout_invalid_input" time="0.000" /><testcase classname="tests.test_document_classifier.TestClassificationResultStructure" name="test_result_includes_all_fields" time="0.010" /><testcase classname="tests.test_document_classifier.TestClassificationResultStructure" name="test_vendor_pattern_none_when_not_matched" time="0.010" /><testcase classname="tests.test_document_classifier.TestClassificationResultStructure" name="test_vendor_pattern_set_when_matched" time="0.009" /><testcase classname="tests.test_document_classifier.TestUploadExtractAPIIntegration" name="test_extract_response_includes_classification" time="4.844" /><testcase classname="tests.test_document_classifier.TestUploadExtractAPIIntegration" name="test_classification_stored_in_database" time="2.563" /><testcase classname="tests.test_document_classifier.TestParserRoutesDict" name="test_parser_routes_contains_all_types" time="0.000" /><testcase classname="tests.test_document_classifier.TestParserRoutesDict" name="test_parser_routes_values" time="0.000" /><testcase classname="tests.test_document_classifier.TestClassificationPriority" name="test_multi_page_pdf_has_highest_priority" time="0.010" /><testcase classname="tests.test_document_classifier.TestClassificationPriority" name="test_vendor_specific_has_priority_over_layout" time="0.011" /></testsuite></testsuites>