<?xml version="1.0" encoding="utf-8"?><testsuites name="pytest tests"><testsuite name="pytest" errors="0" failures="0" skipped="0" tests="26" time="11.491" timestamp="2026-04-02T05:06:39.578543+00:00" hostname="agent-env-645618d2-f76c-4908-8d45-020f6c89ad30"><testcase classname="tests.test_layout_parser.TestRunOCR" name="test_run_ocr_extracts_words" time="0.480" /><testcase classname="tests.test_layout_parser.TestRunOCR" name="test_run_ocr_empty_image" time="0.090" /><testcase classname="tests.test_layout_parser.TestDetectRows" name="test_detect_rows_groups_by_y_coordinate" time="0.145" /><testcase classname="tests.test_layout_parser.TestDetectRows" name="test_detect_rows_empty_input" time="0.000" /><testcase classname="tests.test_layout_parser.TestDetectColumns" name="test_detect_columns_with_standard_header" time="0.198" /><testcase classname="tests.test_layout_parser.TestDetectColumns" name="test_detect_columns_no_header" time="0.151" /><testcase classname="tests.test_layout_parser.TestIsSeparatorOrSummary" name="test_filters_subtotal_rows" time="0.001" /><testcase classname="tests.test_layout_parser.TestIsSeparatorOrSummary" name="test_does_not_filter_header_rows" time="0.000" /><testcase classname="tests.test_layout_parser.TestIsSeparatorOrSummary" name="test_does_not_filter_data_rows" time="0.000" /><testcase classname="tests.test_layout_parser.TestParseInvoiceLayout" name="test_returns_correct_structure" time="0.160" /><testcase classname="tests.test_layout_parser.TestParseInvoiceLayout" name="test_handles_empty_image" time="0.093" /><testcase classname="tests.test_layout_parser.TestReceiptParser" name="test_receipt_parser_extracts_items" time="0.131" /><testcase classname="tests.test_layout_parser.TestVendorParsers" name="test_sysco_parser_with_dark_header" time="0.290" /><testcase classname="tests.test_layout_parser.TestVendorParsers" name="test_pfg_parser_weight_based" time="0.171" /><testcase classname="tests.test_layout_parser.TestFallbackParser" name="test_structured_fallback_when_columns_fail" time="0.158" /><testcase classname="tests.test_layout_parser.TestMessyLayout" name="test_messy_layout_handling" time="0.159" /><testcase classname="tests.test_layout_parser.TestAPIIntegration" name="test_layout_parse_in_extract_response" time="5.257" /><testcase classname="tests.test_layout_parser.TestAPIIntegration" name="test_layout_parse_stored_in_database" time="2.873" /><testcase classname="tests.test_layout_parser.TestExtractLineItems" name="test_extract_line_items_with_columns" time="0.164" /><testcase classname="tests.test_layout_parser.TestUSFoodsParser" name="test_usfoods_parser" time="0.157" /><testcase classname="tests.test_layout_parser.TestRowText" name="test_row_text_preserves_spacing" time="0.126" /><testcase classname="tests.test_layout_parser.TestParseNumber" name="test_parse_number_handles_currency" time="0.000" /><testcase classname="tests.test_layout_parser.TestMultipleInvoiceFormats" name="test_format_1_columnar_with_header" time="0.155" /><testcase classname="tests.test_layout_parser.TestMultipleInvoiceFormats" name="test_format_2_simple_receipt" time="0.112" /><testcase classname="tests.test_layout_parser.TestMultipleInvoiceFormats" name="test_format_3_no_header_inferred" time="0.144" /><testcase classname="tests.test_layout_parser.TestNoColumnMixing" name="test_columns_not_mixed" time="0.161" /></testsuite></testsuites>