<?xml version="1.0" encoding="utf-8"?><testsuites name="pytest tests"><testsuite name="pytest" errors="0" failures="0" skipped="0" tests="5" time="1.439" timestamp="2026-03-31T04:52:44.974193+00:00" hostname="agent-env-645618d2-f76c-4908-8d45-020f6c89ad30"><testcase classname="backend.tests.test_quick_review.TestQuickReviewBackend" name="test_get_purchases_returns_review_fields" time="0.536" /><testcase classname="backend.tests.test_quick_review.TestQuickReviewBackend" name="test_trusted_items_have_correct_flags" time="0.115" /><testcase classname="backend.tests.test_quick_review.TestQuickReviewBackend" name="test_flagged_items_have_correct_flags" time="0.115" /><testcase classname="backend.tests.test_quick_review.TestQuickReviewBackend" name="test_create_purchase_sets_review_flags" time="0.384" /><testcase classname="backend.tests.test_quick_review.TestQuickReviewBackend" name="test_update_purchase_preserves_review_flags" time="0.223" /></testsuite></testsuites>