<?xml version="1.0" encoding="utf-8"?><testsuites name="pytest tests"><testsuite name="pytest" errors="0" failures="0" skipped="0" tests="15" time="3.953" timestamp="2026-03-19T04:11:05.709152+00:00" hostname="agent-env-645618d2-f76c-4908-8d45-020f6c89ad30"><testcase classname="backend.tests.test_vendor_detail.TestVendorDetailEndpoint" name="test_vendor_detail_returns_correct_data" time="0.862" /><testcase classname="backend.tests.test_vendor_detail.TestVendorDetailEndpoint" name="test_vendor_detail_not_found" time="0.145" /><testcase classname="backend.tests.test_vendor_detail.TestVendorDetailEndpoint" name="test_vendor_detail_requires_auth" time="0.105" /><testcase classname="backend.tests.test_vendor_detail.TestVendorPurchasesEndpoint" name="test_purchases_returns_sorted_list" time="0.105" /><testcase classname="backend.tests.test_vendor_detail.TestVendorPurchasesEndpoint" name="test_purchases_have_required_fields" time="0.155" /><testcase classname="backend.tests.test_vendor_detail.TestVendorPurchasesEndpoint" name="test_purchases_search_filter" time="0.314" /><testcase classname="backend.tests.test_vendor_detail.TestVendorPurchasesEndpoint" name="test_purchases_date_from_filter" time="0.116" /><testcase classname="backend.tests.test_vendor_detail.TestVendorPurchasesEndpoint" name="test_purchases_date_to_filter" time="0.104" /><testcase classname="backend.tests.test_vendor_detail.TestVendorPurchasesEndpoint" name="test_purchases_date_range_filter" time="0.137" /><testcase classname="backend.tests.test_vendor_detail.TestVendorPurchasesEndpoint" name="test_purchases_not_found_vendor" time="0.109" /><testcase classname="backend.tests.test_vendor_detail.TestVendorPurchasesEndpoint" name="test_purchases_requires_auth" time="0.138" /><testcase classname="backend.tests.test_vendor_detail.TestVendorDeletePurchase" name="test_delete_purchase_updates_vendor_totals" time="0.672" /><testcase classname="backend.tests.test_vendor_detail.TestVendorListStillWorks" name="test_vendors_list_shows_spending_and_count" time="0.111" /><testcase classname="backend.tests.test_vendor_detail.TestVendorListStillWorks" name="test_create_edit_delete_vendor" time="0.354" /><testcase classname="backend.tests.test_vendor_detail.TestEmptyVendorState" name="test_vendor_with_no_purchases" time="0.442" /></testsuite></testsuites>