<?xml version="1.0" encoding="utf-8"?><testsuites name="pytest tests"><testsuite name="pytest" errors="0" failures="0" skipped="0" tests="17" time="3.464" timestamp="2026-03-14T02:05:48.674126+00:00" hostname="agent-env-645618d2-f76c-4908-8d45-020f6c89ad30"><testcase classname="tests.test_tax_reporting.TestTaxReportingBackend" name="test_monthly_report_returns_tax_fields" time="0.849" /><testcase classname="tests.test_tax_reporting.TestTaxReportingBackend" name="test_monthly_report_net_profit_calculation" time="0.208" /><testcase classname="tests.test_tax_reporting.TestTaxReportingBackend" name="test_quarterly_report_returns_tax_fields" time="0.127" /><testcase classname="tests.test_tax_reporting.TestTaxReportingBackend" name="test_quarterly_date_range_format_q1" time="0.126" /><testcase classname="tests.test_tax_reporting.TestTaxReportingBackend" name="test_quarterly_date_range_format_q2" time="0.101" /><testcase classname="tests.test_tax_reporting.TestTaxReportingBackend" name="test_quarterly_date_range_format_q3" time="0.123" /><testcase classname="tests.test_tax_reporting.TestTaxReportingBackend" name="test_quarterly_date_range_format_q4" time="0.123" /><testcase classname="tests.test_tax_reporting.TestTaxReportingBackend" name="test_yearly_report_returns_tax_fields" time="0.131" /><testcase classname="tests.test_tax_reporting.TestTaxReportingBackend" name="test_yearly_report_expense_breakdown" time="0.108" /><testcase classname="tests.test_tax_reporting.TestTaxReportingBackend" name="test_weekly_report_returns_tax_fields" time="0.113" /><testcase classname="tests.test_tax_reporting.TestTaxReportingBackend" name="test_quarterly_pdf_download" time="0.225" /><testcase classname="tests.test_tax_reporting.TestTaxReportingBackend" name="test_monthly_pdf_download" time="0.148" /><testcase classname="tests.test_tax_reporting.TestTaxReportingBackend" name="test_monthly_excel_download" time="0.466" /><testcase classname="tests.test_tax_reporting.TestTaxReportingBackend" name="test_quarterly_excel_download" time="0.123" /><testcase classname="tests.test_tax_reporting.TestTaxReportingBackend" name="test_yearly_excel_download" time="0.137" /><testcase classname="tests.test_tax_reporting.TestTaxReportingBackend" name="test_report_includes_kpi_fields" time="0.104" /><testcase classname="tests.test_tax_reporting.TestTaxReportingBackend" name="test_report_date_range_fields" time="0.125" /></testsuite></testsuites>