<?xml version="1.0" encoding="utf-8"?><testsuites name="pytest tests"><testsuite name="pytest" errors="0" failures="0" skipped="0" tests="10" time="17.912" timestamp="2026-03-23T04:10:56.447821+00:00" hostname="agent-env-645618d2-f76c-4908-8d45-020f6c89ad30"><testcase classname="backend.tests.test_floating_assistant.TestChatEndpoints" name="test_chat_requires_auth" time="0.648" /><testcase classname="backend.tests.test_floating_assistant.TestChatEndpoints" name="test_get_messages_requires_auth" time="0.451" /><testcase classname="backend.tests.test_floating_assistant.TestChatEndpoints" name="test_delete_messages_requires_auth" time="0.439" /><testcase classname="backend.tests.test_floating_assistant.TestChatEndpoints" name="test_get_chat_messages_returns_array" time="0.391" /><testcase classname="backend.tests.test_floating_assistant.TestChatEndpoints" name="test_clear_chat_messages" time="0.417" /><testcase classname="backend.tests.test_floating_assistant.TestChatEndpoints" name="test_chat_where_should_i_buy_today" time="6.527" /><testcase classname="backend.tests.test_floating_assistant.TestChatEndpoints" name="test_chat_price_increases_this_week" time="4.897" /><testcase classname="backend.tests.test_floating_assistant.TestChatEndpoints" name="test_chat_find_cheapest_supplier" time="3.231" /><testcase classname="backend.tests.test_floating_assistant.TestChatEndpoints" name="test_chat_messages_persist" time="0.405" /><testcase classname="backend.tests.test_floating_assistant.TestChatEndpoints" name="test_clear_and_verify_empty" time="0.439" /></testsuite></testsuites>