<?xml version="1.0" encoding="utf-8"?><testsuites name="pytest tests"><testsuite name="pytest" errors="0" failures="0" skipped="0" tests="10" time="2.222" timestamp="2026-04-21T23:34:12.682182+00:00" hostname="agent-env-645618d2-f76c-4908-8d45-020f6c89ad30"><testcase classname="tests.test_procurement_suggestions_api" name="test_event_invalid_type_returns_400" time="0.621" /><testcase classname="tests.test_procurement_suggestions_api" name="test_event_allowed_types_persist[suggestion_opened]" time="0.133" /><testcase classname="tests.test_procurement_suggestions_api" name="test_event_allowed_types_persist[draft_viewed]" time="0.143" /><testcase classname="tests.test_procurement_suggestions_api" name="test_event_allowed_types_persist[acknowledgment_checked]" time="0.128" /><testcase classname="tests.test_procurement_suggestions_api" name="test_event_allowed_types_persist[action_canceled]" time="0.131" /><testcase classname="tests.test_procurement_suggestions_api" name="test_quantity_hint_shape" time="0.125" /><testcase classname="tests.test_procurement_suggestions_api" name="test_quantity_hint_missing_unit_param_400" time="0.204" /><testcase classname="tests.test_procurement_suggestions_api" name="test_save_suggestion_requires_acknowledgment" time="0.141" /><testcase classname="tests.test_procurement_suggestions_api" name="test_save_suggestion_persists_and_lists" time="0.356" /><testcase classname="tests.test_procurement_suggestions_api" name="test_unauth_returns_401" time="0.123" /></testsuite></testsuites>