<?xml version="1.0" encoding="utf-8"?><testsuites name="pytest tests"><testsuite name="pytest" errors="0" failures="0" skipped="0" tests="11" time="17.978" timestamp="2026-03-11T03:50:36.159761+00:00" hostname="agent-env-645618d2-f76c-4908-8d45-020f6c89ad30"><testcase classname="backend.tests.test_smart_alerts.TestSmartAlerts" name="test_dashboard_returns_smart_alerts_array" time="0.598" /><testcase classname="backend.tests.test_smart_alerts.TestSmartAlerts" name="test_smart_alerts_have_required_fields" time="0.153" /><testcase classname="backend.tests.test_smart_alerts.TestSmartAlerts" name="test_smart_alert_types_are_valid" time="0.161" /><testcase classname="backend.tests.test_smart_alerts.TestSmartAlerts" name="test_smart_alert_severity_values" time="0.148" /><testcase classname="backend.tests.test_smart_alerts.TestSmartAlerts" name="test_cost_increase_alert_has_price_fields" time="0.106" /><testcase classname="backend.tests.test_smart_alerts.TestSmartAlerts" name="test_margin_drop_alert_has_margin_fields" time="0.117" /><testcase classname="backend.tests.test_smart_alerts.TestSmartAlerts" name="test_dashboard_still_returns_kpi_data" time="0.130" /><testcase classname="backend.tests.test_smart_alerts.TestSmartAlerts" name="test_dashboard_weekly_trends_data" time="0.107" /><testcase classname="backend.tests.test_smart_alerts.TestChatWithSmartAlerts" name="test_chat_responds_to_cost_question" time="7.295" /><testcase classname="backend.tests.test_smart_alerts.TestChatWithSmartAlerts" name="test_chat_responds_to_margin_question" time="3.494" /><testcase classname="backend.tests.test_smart_alerts.TestChatWithSmartAlerts" name="test_chat_returns_proper_structure" time="5.543" /></testsuite></testsuites>