<?xml version="1.0" encoding="utf-8"?><testsuites name="pytest tests"><testsuite name="pytest" errors="0" failures="0" skipped="0" tests="16" time="7.878" timestamp="2026-03-14T01:56:27.850409+00:00" hostname="agent-env-645618d2-f76c-4908-8d45-020f6c89ad30"><testcase classname="backend.tests.test_profit_calculation.TestProfitCalculationAPI" name="test_dashboard_summary_returns_daily_profit" time="0.653" /><testcase classname="backend.tests.test_profit_calculation.TestProfitCalculationAPI" name="test_dashboard_summary_returns_weekly_profit" time="0.486" /><testcase classname="backend.tests.test_profit_calculation.TestProfitCalculationAPI" name="test_dashboard_summary_returns_monthly_profit" time="0.471" /><testcase classname="backend.tests.test_profit_calculation.TestProfitCalculationAPI" name="test_dashboard_summary_returns_yearly_profit" time="0.451" /><testcase classname="backend.tests.test_profit_calculation.TestProfitCalculationAPI" name="test_dashboard_summary_returns_prev_weekly_profit" time="0.490" /><testcase classname="backend.tests.test_profit_calculation.TestProfitCalculationAPI" name="test_dashboard_summary_returns_prev_monthly_profit" time="0.482" /><testcase classname="backend.tests.test_profit_calculation.TestProfitCalculationAPI" name="test_dashboard_summary_returns_prev_yearly_profit" time="0.451" /><testcase classname="backend.tests.test_profit_calculation.TestProfitCalculationAPI" name="test_dashboard_summary_returns_expense_breakdown" time="0.467" /><testcase classname="backend.tests.test_profit_calculation.TestProfitCalculationAPI" name="test_dashboard_summary_returns_period_expenses" time="0.479" /><testcase classname="backend.tests.test_profit_calculation.TestProfitCalculationAPI" name="test_profit_calculation_formula" time="0.549" /><testcase classname="backend.tests.test_profit_calculation.TestProfitCalculationAPI" name="test_yearly_profit_vs_yearly_sales_and_expenses" time="0.466" /><testcase classname="backend.tests.test_profit_calculation.TestProfitCalculationAPI" name="test_existing_kpi_fields_still_present" time="0.482" /><testcase classname="backend.tests.test_profit_calculation.TestProfitCalculationAPI" name="test_smart_alerts_still_returned" time="0.486" /><testcase classname="backend.tests.test_profit_calculation.TestProfitCalculationAPI" name="test_price_alerts_still_returned" time="0.454" /><testcase classname="backend.tests.test_profit_calculation.TestProfitCalculationAPI" name="test_weekly_trends_still_returned" time="0.457" /><testcase classname="backend.tests.test_profit_calculation.TestProfitCalculationAPI" name="test_top_items_and_suppliers_still_returned" time="0.441" /></testsuite></testsuites>