<?xml version="1.0" encoding="utf-8"?><testsuites name="pytest tests"><testsuite name="pytest" errors="0" failures="0" skipped="0" tests="14" time="6.870" timestamp="2026-03-23T04:58:03.050099+00:00" hostname="agent-env-645618d2-f76c-4908-8d45-020f6c89ad30"><testcase classname="backend.tests.test_audit_log.TestAuditLogAPI" name="test_audit_logs_returns_200_with_valid_structure" time="0.493" /><testcase classname="backend.tests.test_audit_log.TestAuditLogAPI" name="test_audit_logs_log_entry_structure" time="0.385" /><testcase classname="backend.tests.test_audit_log.TestAuditLogAPI" name="test_audit_logs_requires_auth" time="0.461" /><testcase classname="backend.tests.test_audit_log.TestAuditLogAPI" name="test_audit_logs_filter_by_action_type" time="0.397" /><testcase classname="backend.tests.test_audit_log.TestAuditLogAPI" name="test_audit_logs_filter_by_entity_type" time="0.401" /><testcase classname="backend.tests.test_audit_log.TestAuditLogAPI" name="test_audit_logs_filter_by_search" time="0.440" /><testcase classname="backend.tests.test_audit_log.TestAuditLogAPI" name="test_audit_logs_pagination" time="0.399" /><testcase classname="backend.tests.test_audit_log.TestAuditLogAPI" name="test_audit_logs_users_array" time="0.372" /><testcase classname="backend.tests.test_audit_log.TestAuditLogAPI" name="test_no_put_endpoint_for_audit_logs" time="0.363" /><testcase classname="backend.tests.test_audit_log.TestAuditLogAPI" name="test_no_delete_endpoint_for_audit_logs" time="0.360" /><testcase classname="backend.tests.test_audit_log.TestAuditLogCreation" name="test_login_creates_audit_entry" time="0.635" /><testcase classname="backend.tests.test_audit_log.TestAuditLogCreation" name="test_create_supplier_creates_audit_entry" time="0.512" /><testcase classname="backend.tests.test_audit_log.TestAuditLogCreation" name="test_create_item_creates_audit_entry" time="0.489" /><testcase classname="backend.tests.test_audit_log.TestAuditLogManagerAccess" name="test_non_manager_gets_403" time="1.039" /></testsuite></testsuites>