<?xml version="1.0" encoding="utf-8"?><testsuites name="pytest tests"><testsuite name="pytest" errors="0" failures="0" skipped="0" tests="15" time="3.460" timestamp="2026-03-11T03:37:37.382467+00:00" hostname="agent-env-645618d2-f76c-4908-8d45-020f6c89ad30"><testcase classname="backend.tests.test_purchases_sales.TestPurchasesCRUD" name="test_list_purchases" time="0.630" /><testcase classname="backend.tests.test_purchases_sales.TestPurchasesCRUD" name="test_create_purchase_success" time="0.117" /><testcase classname="backend.tests.test_purchases_sales.TestPurchasesCRUD" name="test_get_purchase_by_id" time="0.155" /><testcase classname="backend.tests.test_purchases_sales.TestPurchasesCRUD" name="test_create_purchase_with_line_items" time="0.133" /><testcase classname="backend.tests.test_purchases_sales.TestPurchasesCRUD" name="test_create_purchase_validation_supplier_required" time="0.107" /><testcase classname="backend.tests.test_purchases_sales.TestPurchasesCRUD" name="test_delete_purchase" time="0.286" /><testcase classname="backend.tests.test_purchases_sales.TestPurchasesCRUD" name="test_cleanup_multi_item_purchase" time="0.117" /><testcase classname="backend.tests.test_purchases_sales.TestSalesCRUD" name="test_list_sales" time="0.450" /><testcase classname="backend.tests.test_purchases_sales.TestSalesCRUD" name="test_create_sale_success" time="0.120" /><testcase classname="backend.tests.test_purchases_sales.TestSalesCRUD" name="test_get_sale_by_id" time="0.134" /><testcase classname="backend.tests.test_purchases_sales.TestSalesCRUD" name="test_create_sale_with_menu_items" time="0.106" /><testcase classname="backend.tests.test_purchases_sales.TestSalesCRUD" name="test_delete_sale" time="0.247" /><testcase classname="backend.tests.test_purchases_sales.TestSalesCRUD" name="test_cleanup_multi_item_sale" time="0.106" /><testcase classname="backend.tests.test_purchases_sales.TestUploadExtract" name="test_upload_endpoint_exists" time="0.458" /><testcase classname="backend.tests.test_purchases_sales.TestUploadCenterRemoved" name="test_upload_route_redirects_to_dashboard" time="0.166" /></testsuite></testsuites>