<?xml version="1.0" encoding="utf-8"?><testsuites name="pytest tests"><testsuite name="pytest" errors="0" failures="0" skipped="0" tests="15" time="5.812" timestamp="2026-03-15T04:09:57.706243+00:00" hostname="agent-env-645618d2-f76c-4908-8d45-020f6c89ad30"><testcase classname="backend.tests.test_user_permissions.TestUserPermissions" name="test_defaults_endpoint_returns_all_roles" time="0.505" /><testcase classname="backend.tests.test_user_permissions.TestUserPermissions" name="test_defaults_has_all_13_permission_keys" time="0.131" /><testcase classname="backend.tests.test_user_permissions.TestUserPermissions" name="test_manager_defaults_all_true" time="0.122" /><testcase classname="backend.tests.test_user_permissions.TestUserPermissions" name="test_accountant_defaults_10_true" time="0.117" /><testcase classname="backend.tests.test_user_permissions.TestUserPermissions" name="test_cashier_defaults_1_true" time="0.108" /><testcase classname="backend.tests.test_user_permissions.TestUserPermissions" name="test_staff_defaults_1_true" time="0.106" /><testcase classname="backend.tests.test_user_permissions.TestUserPermissions" name="test_create_user_with_custom_permissions" time="0.470" /><testcase classname="backend.tests.test_user_permissions.TestUserPermissions" name="test_create_user_without_permissions_gets_role_defaults" time="0.441" /><testcase classname="backend.tests.test_user_permissions.TestUserPermissions" name="test_update_user_permissions_via_user_endpoint" time="0.579" /><testcase classname="backend.tests.test_user_permissions.TestUserPermissions" name="test_update_permissions_via_dedicated_endpoint" time="0.540" /><testcase classname="backend.tests.test_user_permissions.TestUserPermissions" name="test_permissions_endpoint_requires_manager" time="0.923" /><testcase classname="backend.tests.test_user_permissions.TestUserPermissions" name="test_list_users_includes_permissions" time="0.106" /><testcase classname="backend.tests.test_user_permissions.TestUserPermissions" name="test_user_without_stored_permissions_gets_role_defaults" time="0.132" /><testcase classname="backend.tests.test_user_permissions.TestPermissionEdgeCases" name="test_permissions_sanitized_on_update" time="0.904" /><testcase classname="backend.tests.test_user_permissions.TestPermissionEdgeCases" name="test_missing_permission_keys_default_to_false" time="0.548" /></testsuite></testsuites>