<?xml version="1.0" encoding="utf-8"?><testsuites name="pytest tests"><testsuite name="pytest" errors="0" failures="0" skipped="0" tests="14" time="1.886" timestamp="2026-03-25T03:39:29.545050+00:00" hostname="agent-env-645618d2-f76c-4908-8d45-020f6c89ad30"><testcase classname="backend.tests.test_edit_functionality.TestPurchaseEdit" name="test_get_existing_purchases" time="0.589" /><testcase classname="backend.tests.test_edit_functionality.TestPurchaseEdit" name="test_edit_purchase_vendor_name" time="0.167" /><testcase classname="backend.tests.test_edit_functionality.TestPurchaseEdit" name="test_edit_purchase_items_recalculation" time="0.092" /><testcase classname="backend.tests.test_edit_functionality.TestSalaryEdit" name="test_get_existing_salaries" time="0.057" /><testcase classname="backend.tests.test_edit_functionality.TestSalaryEdit" name="test_edit_salary_amount" time="0.150" /><testcase classname="backend.tests.test_edit_functionality.TestSalaryEdit" name="test_edit_salary_employee_name" time="0.091" /><testcase classname="backend.tests.test_edit_functionality.TestOtherExpenseEdit" name="test_get_existing_other_expenses" time="0.048" /><testcase classname="backend.tests.test_edit_functionality.TestOtherExpenseEdit" name="test_edit_other_expense_title" time="0.149" /><testcase classname="backend.tests.test_edit_functionality.TestOtherExpenseEdit" name="test_edit_other_expense_amount" time="0.100" /><testcase classname="backend.tests.test_edit_functionality.TestEditNotFound" name="test_edit_nonexistent_purchase" time="0.045" /><testcase classname="backend.tests.test_edit_functionality.TestEditNotFound" name="test_edit_nonexistent_salary" time="0.046" /><testcase classname="backend.tests.test_edit_functionality.TestEditNotFound" name="test_edit_nonexistent_other_expense" time="0.047" /><testcase classname="backend.tests.test_edit_functionality.TestAddStillWorks" name="test_add_new_salary_after_edit" time="0.046" /><testcase classname="backend.tests.test_edit_functionality.TestAddStillWorks" name="test_add_new_other_expense_after_edit" time="0.045" /></testsuite></testsuites>