<?xml version="1.0" encoding="utf-8"?><testsuites name="pytest tests"><testsuite name="pytest" errors="0" failures="0" skipped="0" tests="18" time="1.655" timestamp="2026-03-11T03:59:06.315364+00:00" hostname="agent-env-645618d2-f76c-4908-8d45-020f6c89ad30"><testcase classname="backend.tests.test_price_intelligence.TestPriceIntelligenceEndpoint" name="test_price_intelligence_returns_200" time="0.547" /><testcase classname="backend.tests.test_price_intelligence.TestPriceIntelligenceEndpoint" name="test_response_has_required_fields" time="0.064" /><testcase classname="backend.tests.test_price_intelligence.TestPriceIntelligenceEndpoint" name="test_suppliers_is_list" time="0.062" /><testcase classname="backend.tests.test_price_intelligence.TestComparisonData" name="test_comparison_is_list_of_items" time="0.053" /><testcase classname="backend.tests.test_price_intelligence.TestComparisonData" name="test_comparison_item_has_required_fields" time="0.069" /><testcase classname="backend.tests.test_price_intelligence.TestComparisonData" name="test_comparison_suppliers_have_avg_price" time="0.057" /><testcase classname="backend.tests.test_price_intelligence.TestComparisonData" name="test_best_supplier_has_lowest_price" time="0.055" /><testcase classname="backend.tests.test_price_intelligence.TestComparisonData" name="test_savings_pct_is_calculated" time="0.067" /><testcase classname="backend.tests.test_price_intelligence.TestPriceTrends" name="test_price_trends_is_dict" time="0.053" /><testcase classname="backend.tests.test_price_intelligence.TestPriceTrends" name="test_price_trends_have_weekly_data_points" time="0.056" /><testcase classname="backend.tests.test_price_intelligence.TestPriceTrends" name="test_price_trends_weeks_are_sorted" time="0.054" /><testcase classname="backend.tests.test_price_intelligence.TestPriceAlerts" name="test_price_alerts_is_list" time="0.055" /><testcase classname="backend.tests.test_price_intelligence.TestPriceAlerts" name="test_price_alerts_structure" time="0.058" /><testcase classname="backend.tests.test_price_intelligence.TestPriceAlerts" name="test_price_alerts_threshold" time="0.055" /><testcase classname="backend.tests.test_price_intelligence.TestPriceAlerts" name="test_price_alerts_severity" time="0.056" /><testcase classname="backend.tests.test_price_intelligence.TestSummaryFields" name="test_total_items_tracked" time="0.057" /><testcase classname="backend.tests.test_price_intelligence.TestSummaryFields" name="test_total_suppliers" time="0.051" /><testcase classname="backend.tests.test_price_intelligence.TestUnauthenticated" name="test_unauthenticated_returns_401" time="0.104" /></testsuite></testsuites>