<?xml version="1.0" encoding="utf-8"?><testsuites name="pytest tests"><testsuite name="pytest" errors="0" failures="0" skipped="0" tests="9" time="4.900" timestamp="2026-04-01T04:15:26.467735+00:00" hostname="agent-env-645618d2-f76c-4908-8d45-020f6c89ad30"><testcase classname="backend.tests.test_correction_layer_expansion.TestCorrectionLayerExpansion" name="test_purchase_with_math_mismatch_has_review_status_error" time="0.441" /><testcase classname="backend.tests.test_correction_layer_expansion.TestCorrectionLayerExpansion" name="test_purchase_with_pack_parse_failed_has_review_status" time="0.432" /><testcase classname="backend.tests.test_correction_layer_expansion.TestCorrectionLayerExpansion" name="test_purchase_with_missing_name_has_review_status" time="0.419" /><testcase classname="backend.tests.test_correction_layer_expansion.TestCorrectionLayerExpansion" name="test_put_stores_name_edit_in_correction_memory" time="0.667" /><testcase classname="backend.tests.test_correction_layer_expansion.TestCorrectionLayerExpansion" name="test_put_stores_pack_size_edit_in_correction_memory" time="0.637" /><testcase classname="backend.tests.test_correction_layer_expansion.TestCorrectionLayerExpansion" name="test_put_stores_unit_price_edit_in_correction_memory" time="0.691" /><testcase classname="backend.tests.test_correction_layer_expansion.TestCorrectionLayerExpansion" name="test_put_stores_total_edit_in_correction_memory" time="0.628" /><testcase classname="backend.tests.test_correction_layer_expansion.TestCorrectionLayerExpansion" name="test_review_status_affects_list_response" time="0.501" /><testcase classname="backend.tests.test_correction_layer_expansion.TestCorrectionLayerExpansion" name="test_multiple_issue_types_in_single_purchase" time="0.431" /></testsuite></testsuites>