<?xml version="1.0" encoding="utf-8"?><testsuites name="pytest tests"><testsuite name="pytest" errors="0" failures="0" skipped="0" tests="19" time="8.211" timestamp="2026-03-23T05:18:04.323226+00:00" hostname="agent-env-645618d2-f76c-4908-8d45-020f6c89ad30"><testcase classname="backend.tests.test_dashboard_features.TestDashboardSummary" name="test_dashboard_summary_returns_200" time="0.581" /><testcase classname="backend.tests.test_dashboard_features.TestDashboardSummary" name="test_dashboard_summary_has_spending_fields" time="0.429" /><testcase classname="backend.tests.test_dashboard_features.TestDashboardSummary" name="test_dashboard_summary_has_sales_fields" time="0.469" /><testcase classname="backend.tests.test_dashboard_features.TestDashboardSummary" name="test_dashboard_summary_has_data_freshness" time="0.449" /><testcase classname="backend.tests.test_dashboard_features.TestDrillDownEndpoints" name="test_raw_materials_drilldown_returns_200" time="0.456" /><testcase classname="backend.tests.test_dashboard_features.TestDrillDownEndpoints" name="test_raw_materials_drilldown_accepts_date_filters" time="0.435" /><testcase classname="backend.tests.test_dashboard_features.TestDrillDownEndpoints" name="test_salaries_drilldown_returns_200" time="0.430" /><testcase classname="backend.tests.test_dashboard_features.TestDrillDownEndpoints" name="test_salaries_drilldown_accepts_date_filters" time="0.417" /><testcase classname="backend.tests.test_dashboard_features.TestDrillDownEndpoints" name="test_other_drilldown_returns_200" time="0.442" /><testcase classname="backend.tests.test_dashboard_features.TestDrillDownEndpoints" name="test_other_drilldown_accepts_date_filters" time="0.416" /><testcase classname="backend.tests.test_dashboard_features.TestDrillDownEndpoints" name="test_sales_drilldown_returns_200" time="0.430" /><testcase classname="backend.tests.test_dashboard_features.TestDrillDownEndpoints" name="test_sales_drilldown_accepts_date_filters" time="0.433" /><testcase classname="backend.tests.test_dashboard_features.TestDrillDownEndpoints" name="test_sales_drilldown_record_structure" time="0.424" /><testcase classname="backend.tests.test_dashboard_features.TestDrillDownEndpoints" name="test_drilldown_date_filter_changes_results" time="0.542" /><testcase classname="backend.tests.test_dashboard_features.TestDrillDownDataStructure" name="test_raw_materials_item_structure" time="0.415" /><testcase classname="backend.tests.test_dashboard_features.TestDrillDownDataStructure" name="test_salaries_employee_structure" time="0.423" /><testcase classname="backend.tests.test_dashboard_features.TestDrillDownDataStructure" name="test_other_expenses_category_structure" time="0.434" /><testcase classname="backend.tests.test_dashboard_features.TestAuthRequired" name="test_dashboard_summary_requires_auth" time="0.108" /><testcase classname="backend.tests.test_dashboard_features.TestAuthRequired" name="test_drilldown_requires_auth" time="0.384" /></testsuite></testsuites>