<?xml version="1.0" encoding="utf-8"?><testsuites name="pytest tests"><testsuite name="pytest" errors="0" failures="1" skipped="0" tests="13" time="3.038" timestamp="2026-04-22T04:24:19.935442+00:00" hostname="agent-env-645618d2-f76c-4908-8d45-020f6c89ad30"><testcase classname="backend.tests.test_orders_api" name="test_orders_requires_auth" time="0.207" /><testcase classname="backend.tests.test_orders_api" name="test_orders_post_requires_auth" time="0.117" /><testcase classname="backend.tests.test_orders_api" name="test_list_orders_shape" time="0.492" /><testcase classname="backend.tests.test_orders_api" name="test_create_order_valid_item" time="0.661" /><testcase classname="backend.tests.test_orders_api" name="test_create_order_bogus_item_id_returns_400" time="0.102" /><testcase classname="backend.tests.test_orders_api" name="test_create_order_invalid_status_executed" time="0.172" /><testcase classname="backend.tests.test_orders_api" name="test_create_order_invalid_status_random" time="0.121" /><testcase classname="backend.tests.test_orders_api" name="test_create_order_submitted_ok" time="0.212" /><testcase classname="backend.tests.test_orders_api" name="test_delete_nonexistent_order" time="0.101" /><testcase classname="backend.tests.test_orders_api" name="test_legacy_frontend_paths_not_backend_routes" time="0.128"><failure message="assert 200 in (404, 405)&#10; +  where 200 = &lt;Response [200]&gt;.status_code">backend/tests/test_orders_api.py:160: in test_legacy_frontend_paths_not_backend_routes
    assert r.status_code in (404, 405)
E   assert 200 in (404, 405)
E    +  where 200 = &lt;Response [200]&gt;.status_code</failure></testcase><testcase classname="backend.tests.test_orders_api" name="test_procurement_recommendations_still_works" time="0.161" /><testcase classname="backend.tests.test_orders_api" name="test_price_intelligence_endpoint_still_works" time="0.107" /><testcase classname="backend.tests.test_orders_api" name="test_procurement_suggestions_list_still_works" time="0.384" /></testsuite></testsuites>