<?xml version="1.0" encoding="utf-8"?><testsuites name="pytest tests"><testsuite name="pytest" errors="0" failures="0" skipped="0" tests="29" time="11.282" timestamp="2026-03-31T03:41:26.698492+00:00" hostname="agent-env-645618d2-f76c-4908-8d45-020f6c89ad30"><testcase classname="tests.test_v2_migration.TestAuthEndpoints" name="test_login_success" time="0.394" /><testcase classname="tests.test_v2_migration.TestAuthEndpoints" name="test_login_invalid_credentials" time="0.322" /><testcase classname="tests.test_v2_migration.TestAuthEndpoints" name="test_auth_me_with_token" time="0.387" /><testcase classname="tests.test_v2_migration.TestAuthEndpoints" name="test_auth_me_without_token" time="0.118" /><testcase classname="tests.test_v2_migration.TestDashboardEndpoints" name="test_dashboard_summary" time="0.403" /><testcase classname="tests.test_v2_migration.TestDashboardEndpoints" name="test_dashboard_summary_with_filters" time="0.384" /><testcase classname="tests.test_v2_migration.TestPurchasesEndpoints" name="test_get_purchases" time="0.411" /><testcase classname="tests.test_v2_migration.TestPurchasesEndpoints" name="test_create_purchase" time="0.596" /><testcase classname="tests.test_v2_migration.TestSalesEndpoints" name="test_get_sales" time="0.383" /><testcase classname="tests.test_v2_migration.TestSalesEndpoints" name="test_create_sale" time="0.427" /><testcase classname="tests.test_v2_migration.TestSalariesEndpoints" name="test_get_salaries" time="0.390" /><testcase classname="tests.test_v2_migration.TestOtherExpensesEndpoints" name="test_get_other_expenses" time="0.381" /><testcase classname="tests.test_v2_migration.TestSuppliersEndpoints" name="test_get_suppliers" time="0.381" /><testcase classname="tests.test_v2_migration.TestItemsEndpoints" name="test_get_items" time="0.406" /><testcase classname="tests.test_v2_migration.TestReportsEndpoints" name="test_get_reports" time="0.406" /><testcase classname="tests.test_v2_migration.TestReportsEndpoints" name="test_get_reports_category_sales" time="0.384" /><testcase classname="tests.test_v2_migration.TestPricesEndpoints" name="test_get_price_intelligence" time="0.384" /><testcase classname="tests.test_v2_migration.TestPricesEndpoints" name="test_get_vendor_comparison" time="0.373" /><testcase classname="tests.test_v2_migration.TestVendorComparisonEndpoints" name="test_get_normalized_comparison" time="0.384" /><testcase classname="tests.test_v2_migration.TestItemMappingsEndpoints" name="test_get_item_mappings" time="0.377" /><testcase classname="tests.test_v2_migration.TestItemMappingsEndpoints" name="test_get_item_mappings_suggestions" time="0.400" /><testcase classname="tests.test_v2_migration.TestAlertsEndpoints" name="test_get_alerts" time="0.392" /><testcase classname="tests.test_v2_migration.TestPurchaseDecisionsEndpoints" name="test_get_purchase_decisions" time="0.376" /><testcase classname="tests.test_v2_migration.TestApprovalsEndpoints" name="test_get_approvals_counts" time="0.393" /><testcase classname="tests.test_v2_migration.TestRecordsEndpoints" name="test_get_records" time="0.377" /><testcase classname="tests.test_v2_migration.TestChatEndpoints" name="test_get_chat_messages" time="0.391" /><testcase classname="tests.test_v2_migration.TestDuplicatesEndpoints" name="test_check_duplicates" time="0.392" /><testcase classname="tests.test_v2_migration.TestAuditLogsEndpoints" name="test_get_audit_logs" time="0.397" /><testcase classname="tests.test_v2_migration.TestSettingsEndpoints" name="test_get_settings" time="0.369" /></testsuite></testsuites>