<?xml version="1.0" encoding="utf-8"?><testsuites name="pytest tests"><testsuite name="pytest" errors="0" failures="0" skipped="0" tests="18" time="9.832" timestamp="2026-03-11T04:27:36.329614+00:00" hostname="agent-env-645618d2-f76c-4908-8d45-020f6c89ad30"><testcase classname="backend.tests.test_layout_nav_upload.TestAuthAndBasicEndpoints" name="test_login_success" time="0.461" /><testcase classname="backend.tests.test_layout_nav_upload.TestAuthAndBasicEndpoints" name="test_auth_me_endpoint" time="0.519" /><testcase classname="backend.tests.test_layout_nav_upload.TestPurchasesAPI" name="test_list_purchases" time="0.446" /><testcase classname="backend.tests.test_layout_nav_upload.TestPurchasesAPI" name="test_create_purchase" time="0.103" /><testcase classname="backend.tests.test_layout_nav_upload.TestPurchasesAPI" name="test_get_purchase_by_id" time="0.247" /><testcase classname="backend.tests.test_layout_nav_upload.TestPurchasesAPI" name="test_delete_purchase" time="0.391" /><testcase classname="backend.tests.test_layout_nav_upload.TestSalesAPI" name="test_list_sales" time="0.442" /><testcase classname="backend.tests.test_layout_nav_upload.TestSalesAPI" name="test_create_sale" time="0.110" /><testcase classname="backend.tests.test_layout_nav_upload.TestSalesAPI" name="test_delete_sale" time="0.343" /><testcase classname="backend.tests.test_layout_nav_upload.TestUploadExtractEndpoint" name="test_upload_extract_endpoint_exists" time="0.468" /><testcase classname="backend.tests.test_layout_nav_upload.TestUploadExtractEndpoint" name="test_upload_extract_with_document_type_purchase" time="4.147" /><testcase classname="backend.tests.test_layout_nav_upload.TestNavigationEndpoints" name="test_dashboard_summary_endpoint" time="0.459" /><testcase classname="backend.tests.test_layout_nav_upload.TestNavigationEndpoints" name="test_suppliers_endpoint" time="0.116" /><testcase classname="backend.tests.test_layout_nav_upload.TestNavigationEndpoints" name="test_items_endpoint" time="0.106" /><testcase classname="backend.tests.test_layout_nav_upload.TestNavigationEndpoints" name="test_reports_endpoint" time="0.138" /><testcase classname="backend.tests.test_layout_nav_upload.TestNavigationEndpoints" name="test_chat_messages_endpoint" time="0.319" /><testcase classname="backend.tests.test_layout_nav_upload.TestNavigationEndpoints" name="test_settings_endpoint" time="0.096" /><testcase classname="backend.tests.test_layout_nav_upload.TestCleanup" name="test_cleanup_test_purchases" time="0.800" /></testsuite></testsuites>